{"meta": {"format": 3, "version": "7.11.0", "timestamp": "2025-11-09T09:50:06.110025", "branch_coverage": false, "show_contexts": false}, "files": {"src/__init__.py": {"executed_lines": [1], "summary": {"covered_lines": 0, "num_statements": 0, "percent_covered": 100.0, "percent_covered_display": "100.00", "missing_lines": 0, "excluded_lines": 0}, "missing_lines": [], "excluded_lines": [], "functions": {"": {"executed_lines": [], "summary": {"covered_lines": 0, "num_statements": 0, "percent_covered": 100.0, "percent_covered_display": "100.00", "missing_lines": 0, "excluded_lines": 0}, "missing_lines": [], "excluded_lines": []}}, "classes": {"": {"executed_lines": [], "summary": {"covered_lines": 0, "num_statements": 0, "percent_covered": 100.0, "percent_covered_display": "100.00", "missing_lines": 0, "excluded_lines": 0}, "missing_lines": [], "excluded_lines": []}}}, "src/application/__init__.py": {"executed_lines": [1], "summary": {"covered_lines": 0, "num_statements": 0, "percent_covered": 100.0, "percent_covered_display": "100.00", "missing_lines": 0, "excluded_lines": 0}, "missing_lines": [], "excluded_lines": [], "functions": {"": {"executed_lines": [], "summary": {"covered_lines": 0, "num_statements": 0, "percent_covered": 100.0, "percent_covered_display": "100.00", "missing_lines": 0, "excluded_lines": 0}, "missing_lines": [], "excluded_lines": []}}, "classes": {"": {"executed_lines": [], "summary": {"covered_lines": 0, "num_statements": 0, "percent_covered": 100.0, "percent_covered_display": "100.00", "missing_lines": 0, "excluded_lines": 0}, "missing_lines": [], "excluded_lines": []}}}, "src/application/dtos/__init__.py": {"executed_lines": [1, 3, 5, 7], "summary": {"covered_lines": 3, "num_statements": 3, "percent_covered": 100.0, "percent_covered_display": "100.00", "missing_lines": 0, "excluded_lines": 0}, "missing_lines": [], "excluded_lines": [], "functions": {"": {"executed_lines": [1, 3, 5, 7], "summary": {"covered_lines": 3, "num_statements": 3, "percent_covered": 100.0, "percent_covered_display": "100.00", "missing_lines": 0, "excluded_lines": 0}, "missing_lines": [], "excluded_lines": []}}, "classes": {"": {"executed_lines": [1, 3, 5, 7], "summary": {"covered_lines": 3, "num_statements": 3, "percent_covered": 100.0, "percent_covered_display": "100.00", "missing_lines": 0, "excluded_lines": 0}, "missing_lines": [], "excluded_lines": []}}}, "src/application/dtos/agent_dtos.py": {"executed_lines": [], "summary": {"covered_lines": 0, "num_statements": 14, "percent_covered": 0.0, "percent_covered_display": "0.00", "missing_lines": 14, "excluded_lines": 0}, "missing_lines": [3, 4, 5, 8, 9, 23, 24, 25, 26, 27, 28, 29, 31, 38], "excluded_lines": [], "functions": {"AgentTaskDTO.to_dict": {"executed_lines": [], "summary": {"covered_lines": 0, "num_statements": 1, "percent_covered": 0.0, "percent_covered_display": "0.00", "missing_lines": 1, "excluded_lines": 0}, "missing_lines": [38], "excluded_lines": []}, "": {"executed_lines": [], "summary": {"covered_lines": 0, "num_statements": 13, "percent_covered": 0.0, "percent_covered_display": "0.00", "missing_lines": 13, "excluded_lines": 0}, "missing_lines": [3, 4, 5, 8, 9, 23, 24, 25, 26, 27, 28, 29, 31], "excluded_lines": []}}, "classes": {"AgentTaskDTO": {"executed_lines": [], "summary": {"covered_lines": 0, "num_statements": 1, "percent_covered": 0.0, "percent_covered_display": "0.00", "missing_lines": 1, "excluded_lines": 0}, "missing_lines": [38], "excluded_lines": []}, "": {"executed_lines": [], "summary": {"covered_lines": 0, "num_statements": 13, "percent_covered": 0.0, "percent_covered_display": "0.00", "missing_lines": 13, "excluded_lines": 0}, "missing_lines": [3, 4, 5, 8, 9, 23, 24, 25, 26, 27, 28, 29, 31], "excluded_lines": []}}}, "src/application/dtos/digest_dtos.py": {"executed_lines": [1, 3, 5, 6, 8, 11, 12, 13, 25, 26, 27, 28, 29, 30, 31, 33, 49, 50, 51, 60, 61, 62, 63, 65], "summary": {"covered_lines": 21, "num_statements": 23, "percent_covered": 91.30434782608695, "percent_covered_display": "91.30", "missing_lines": 2, "excluded_lines": 0}, "missing_lines": [35, 67], "excluded_lines": [], "functions": {"ChannelDigest.to_dict": {"executed_lines": [], "summary": {"covered_lines": 0, "num_statements": 1, "percent_covered": 0.0, "percent_covered_display": "0.00", "missing_lines": 1, "excluded_lines": 0}, "missing_lines": [35], "excluded_lines": []}, "TaskSummaryResult.to_dict": {"executed_lines": [], "summary": {"covered_lines": 0, "num_statements": 1, "percent_covered": 0.0, "percent_covered_display": "0.00", "missing_lines": 1, "excluded_lines": 0}, "missing_lines": [67], "excluded_lines": []}, "": {"executed_lines": [1, 3, 5, 6, 8, 11, 12, 13, 25, 26, 27, 28, 29, 30, 31, 33, 49, 50, 51, 60, 61, 62, 63, 65], "summary": {"covered_lines": 21, "num_statements": 21, "percent_covered": 100.0, "percent_covered_display": "100.00", "missing_lines": 0, "excluded_lines": 0}, "missing_lines": [], "excluded_lines": []}}, "classes": {"ChannelDigest": {"executed_lines": [], "summary": {"covered_lines": 0, "num_statements": 1, "percent_covered": 0.0, "percent_covered_display": "0.00", "missing_lines": 1, "excluded_lines": 0}, "missing_lines": [35], "excluded_lines": []}, "TaskSummaryResult": {"executed_lines": [], "summary": {"covered_lines": 0, "num_statements": 1, "percent_covered": 0.0, "percent_covered_display": "0.00", "missing_lines": 1, "excluded_lines": 0}, "missing_lines": [67], "excluded_lines": []}, "": {"executed_lines": [1, 3, 5, 6, 8, 11, 12, 13, 25, 26, 27, 28, 29, 30, 31, 33, 49, 50, 51, 60, 61, 62, 63, 65], "summary": {"covered_lines": 21, "num_statements": 21, "percent_covered": 100.0, "percent_covered_display": "100.00", "missing_lines": 0, "excluded_lines": 0}, "missing_lines": [], "excluded_lines": []}}}, "src/application/dtos/model_dtos.py": {"executed_lines": [], "summary": {"covered_lines": 0, "num_statements": 11, "percent_covered": 0.0, "percent_covered_display": "0.00", "missing_lines": 11, "excluded_lines": 0}, "missing_lines": [3, 6, 7, 20, 21, 22, 23, 24, 25, 27, 34], "excluded_lines": [], "functions": {"ModelConfigDTO.to_dict": {"executed_lines": [], "summary": {"covered_lines": 0, "num_statements": 1, "percent_covered": 0.0, "percent_covered_display": "0.00", "missing_lines": 1, "excluded_lines": 0}, "missing_lines": [34], "excluded_lines": []}, "": {"executed_lines": [], "summary": {"covered_lines": 0, "num_statements": 10, "percent_covered": 0.0, "percent_covered_display": "0.00", "missing_lines": 10, "excluded_lines": 0}, "missing_lines": [3, 6, 7, 20, 21, 22, 23, 24, 25, 27], "excluded_lines": []}}, "classes": {"ModelConfigDTO": {"executed_lines": [], "summary": {"covered_lines": 0, "num_statements": 1, "percent_covered": 0.0, "percent_covered_display": "0.00", "missing_lines": 1, "excluded_lines": 0}, "missing_lines": [34], "excluded_lines": []}, "": {"executed_lines": [], "summary": {"covered_lines": 0, "num_statements": 10, "percent_covered": 0.0, "percent_covered_display": "0.00", "missing_lines": 10, "excluded_lines": 0}, "missing_lines": [3, 6, 7, 20, 21, 22, 23, 24, 25, 27], "excluded_lines": []}}}, "src/application/interfaces/__init__.py": {"executed_lines": [], "summary": {"covered_lines": 0, "num_statements": 0, "percent_covered": 100.0, "percent_covered_display": "100.00", "missing_lines": 0, "excluded_lines": 0}, "missing_lines": [], "excluded_lines": [], "functions": {"": {"executed_lines": [], "summary": {"covered_lines": 0, "num_statements": 0, "percent_covered": 100.0, "percent_covered_display": "100.00", "missing_lines": 0, "excluded_lines": 0}, "missing_lines": [], "excluded_lines": []}}, "classes": {"": {"executed_lines": [], "summary": {"covered_lines": 0, "num_statements": 0, "percent_covered": 100.0, "percent_covered_display": "100.00", "missing_lines": 0, "excluded_lines": 0}, "missing_lines": [], "excluded_lines": []}}}, "src/application/orchestration/intent_clarification.py": {"executed_lines": [1, 7, 9, 12, 13, 18], "summary": {"covered_lines": 4, "num_statements": 15, "percent_covered": 26.666666666666668, "percent_covered_display": "26.67", "missing_lines": 11, "excluded_lines": 0}, "missing_lines": [34, 35, 36, 37, 38, 39, 40, 41, 42, 43, 44], "excluded_lines": [], "functions": {"IntentClarificationGenerator.generate_questions": {"executed_lines": [], "summary": {"covered_lines": 0, "num_statements": 11, "percent_covered": 0.0, "percent_covered_display": "0.00", "missing_lines": 11, "excluded_lines": 0}, "missing_lines": [34, 35, 36, 37, 38, 39, 40, 41, 42, 43, 44], "excluded_lines": []}, "": {"executed_lines": [1, 7, 9, 12, 13, 18], "summary": {"covered_lines": 4, "num_statements": 4, "percent_covered": 100.0, "percent_covered_display": "100.00", "missing_lines": 0, "excluded_lines": 0}, "missing_lines": [], "excluded_lines": []}}, "classes": {"IntentClarificationGenerator": {"executed_lines": [], "summary": {"covered_lines": 0, "num_statements": 11, "percent_covered": 0.0, "percent_covered_display": "0.00", "missing_lines": 11, "excluded_lines": 0}, "missing_lines": [34, 35, 36, 37, 38, 39, 40, 41, 42, 43, 44], "excluded_lines": []}, "": {"executed_lines": [1, 7, 9, 12, 13, 18], "summary": {"covered_lines": 4, "num_statements": 4, "percent_covered": 100.0, "percent_covered_display": "100.00", "missing_lines": 0, "excluded_lines": 0}, "missing_lines": [], "excluded_lines": []}}}, "src/application/orchestration/intent_fallback.py": {"executed_lines": [1, 7, 8, 9, 11, 12, 15, 21, 35, 36, 42, 81, 130, 177, 204, 249, 284], "summary": {"covered_lines": 15, "num_statements": 114, "percent_covered": 13.157894736842104, "percent_covered_display": "13.16", "missing_lines": 99, "excluded_lines": 0}, "missing_lines": [55, 56, 57, 58, 59, 61, 62, 63, 65, 67, 76, 77, 90, 92, 110, 111, 112, 114, 124, 125, 127, 128, 139, 140, 143, 147, 148, 149, 150, 151, 152, 153, 154, 155, 156, 159, 160, 161, 162, 165, 166, 167, 169, 170, 171, 172, 173, 174, 175, 186, 187, 189, 190, 191, 192, 193, 194, 195, 196, 197, 198, 199, 200, 202, 213, 215, 223, 224, 225, 226, 227, 231, 232, 233, 235, 237, 238, 239, 240, 242, 243, 244, 245, 247, 259, 261, 273, 275, 276, 277, 278, 279, 280, 282, 293, 294, 295, 296, 297], "excluded_lines": [], "functions": {"IntentFallbackParser.parse": {"executed_lines": [], "summary": {"covered_lines": 0, "num_statements": 12, "percent_covered": 0.0, "percent_covered_display": "0.00", "missing_lines": 12, "excluded_lines": 0}, "missing_lines": [55, 56, 57, 58, 59, 61, 62, 63, 65, 67, 76, 77], "excluded_lines": []}, "IntentFallbackParser._extract_task_title": {"executed_lines": [], "summary": {"covered_lines": 0, "num_statements": 10, "percent_covered": 0.0, "percent_covered_display": "0.00", "missing_lines": 10, "excluded_lines": 0}, "missing_lines": [90, 92, 110, 111, 112, 114, 124, 125, 127, 128], "excluded_lines": []}, "IntentFallbackParser._extract_iso_datetime": {"executed_lines": [], "summary": {"covered_lines": 0, "num_statements": 27, "percent_covered": 0.0, "percent_covered_display": "0.00", "missing_lines": 27, "excluded_lines": 0}, "missing_lines": [139, 140, 143, 147, 148, 149, 150, 151, 152, 153, 154, 155, 156, 159, 160, 161, 162, 165, 166, 167, 169, 170, 171, 172, 173, 174, 175], "excluded_lines": []}, "IntentFallbackParser._extract_date_offset": {"executed_lines": [], "summary": {"covered_lines": 0, "num_statements": 15, "percent_covered": 0.0, "percent_covered_display": "0.00", "missing_lines": 15, "excluded_lines": 0}, "missing_lines": [186, 187, 189, 190, 191, 192, 193, 194, 195, 196, 197, 198, 199, 200, 202], "excluded_lines": []}, "IntentFallbackParser._extract_time_from_text": {"executed_lines": [], "summary": {"covered_lines": 0, "num_statements": 20, "percent_covered": 0.0, "percent_covered_display": "0.00", "missing_lines": 20, "excluded_lines": 0}, "missing_lines": [213, 215, 223, 224, 225, 226, 227, 231, 232, 233, 235, 237, 238, 239, 240, 242, 243, 244, 245, 247], "excluded_lines": []}, "IntentFallbackParser._detect_pm_indicator": {"executed_lines": [], "summary": {"covered_lines": 0, "num_statements": 10, "percent_covered": 0.0, "percent_covered_display": "0.00", "missing_lines": 10, "excluded_lines": 0}, "missing_lines": [259, 261, 273, 275, 276, 277, 278, 279, 280, 282], "excluded_lines": []}, "IntentFallbackParser._infer_priority": {"executed_lines": [], "summary": {"covered_lines": 0, "num_statements": 5, "percent_covered": 0.0, "percent_covered_display": "0.00", "missing_lines": 5, "excluded_lines": 0}, "missing_lines": [293, 294, 295, 296, 297], "excluded_lines": []}, "": {"executed_lines": [1, 7, 8, 9, 11, 12, 15, 21, 35, 36, 42, 81, 130, 177, 204, 249, 284], "summary": {"covered_lines": 15, "num_statements": 15, "percent_covered": 100.0, "percent_covered_display": "100.00", "missing_lines": 0, "excluded_lines": 0}, "missing_lines": [], "excluded_lines": []}}, "classes": {"IntentFallbackParser": {"executed_lines": [], "summary": {"covered_lines": 0, "num_statements": 99, "percent_covered": 0.0, "percent_covered_display": "0.00", "missing_lines": 99, "excluded_lines": 0}, "missing_lines": [55, 56, 57, 58, 59, 61, 62, 63, 65, 67, 76, 77, 90, 92, 110, 111, 112, 114, 124, 125, 127, 128, 139, 140, 143, 147, 148, 149, 150, 151, 152, 153, 154, 155, 156, 159, 160, 161, 162, 165, 166, 167, 169, 170, 171, 172, 173, 174, 175, 186, 187, 189, 190, 191, 192, 193, 194, 195, 196, 197, 198, 199, 200, 202, 213, 215, 223, 224, 225, 226, 227, 231, 232, 233, 235, 237, 238, 239, 240, 242, 243, 244, 245, 247, 259, 261, 273, 275, 276, 277, 278, 279, 280, 282, 293, 294, 295, 296, 297], "excluded_lines": []}, "": {"executed_lines": [1, 7, 8, 9, 11, 12, 15, 21, 35, 36, 42, 81, 130, 177, 204, 249, 284], "summary": {"covered_lines": 15, "num_statements": 15, "percent_covered": 100.0, "percent_covered_display": "100.00", "missing_lines": 0, "excluded_lines": 0}, "missing_lines": [], "excluded_lines": []}}}, "src/application/orchestration/intent_orchestrator.py": {"executed_lines": [1, 7, 8, 9, 10, 12, 15, 16, 17, 18, 19, 21, 24, 25, 26, 27, 29, 35, 36, 53, 99, 163, 180, 193], "summary": {"covered_lines": 21, "num_statements": 90, "percent_covered": 23.333333333333332, "percent_covered_display": "23.33", "missing_lines": 69, "excluded_lines": 0}, "missing_lines": [69, 70, 71, 72, 73, 75, 76, 77, 82, 83, 84, 85, 86, 87, 92, 95, 96, 97, 114, 117, 118, 119, 120, 121, 122, 126, 127, 132, 134, 135, 136, 137, 138, 143, 144, 145, 146, 149, 150, 151, 153, 154, 157, 158, 159, 176, 191, 205, 206, 207, 208, 209, 210, 211, 212, 213, 214, 215, 216, 217, 218, 219, 220, 221, 222, 223, 225, 226, 227], "excluded_lines": [], "functions": {"_SupportsGenerate.generate": {"executed_lines": [], "summary": {"covered_lines": 0, "num_statements": 0, "percent_covered": 100.0, "percent_covered_display": "100.00", "missing_lines": 0, "excluded_lines": 0}, "missing_lines": [], "excluded_lines": []}, "IntentOrchestrator.__init__": {"executed_lines": [], "summary": {"covered_lines": 0, "num_statements": 18, "percent_covered": 0.0, "percent_covered_display": "0.00", "missing_lines": 18, "excluded_lines": 0}, "missing_lines": [69, 70, 71, 72, 73, 75, 76, 77, 82, 83, 84, 85, 86, 87, 92, 95, 96, 97], "excluded_lines": []}, "IntentOrchestrator.parse_task_intent": {"executed_lines": [], "summary": {"covered_lines": 0, "num_statements": 27, "percent_covered": 0.0, "percent_covered_display": "0.00", "missing_lines": 27, "excluded_lines": 0}, "missing_lines": [114, 117, 118, 119, 120, 121, 122, 126, 127, 132, 134, 135, 136, 137, 138, 143, 144, 145, 146, 149, 150, 151, 153, 154, 157, 158, 159], "excluded_lines": []}, "IntentOrchestrator.generate_clarification_questions": {"executed_lines": [], "summary": {"covered_lines": 0, "num_statements": 1, "percent_covered": 0.0, "percent_covered_display": "0.00", "missing_lines": 1, "excluded_lines": 0}, "missing_lines": [176], "excluded_lines": []}, "IntentOrchestrator.validate_intent_completeness": {"executed_lines": [], "summary": {"covered_lines": 0, "num_statements": 1, "percent_covered": 0.0, "percent_covered_display": "0.00", "missing_lines": 1, "excluded_lines": 0}, "missing_lines": [191], "excluded_lines": []}, "IntentOrchestrator.refine_with_answers": {"executed_lines": [], "summary": {"covered_lines": 0, "num_statements": 22, "percent_covered": 0.0, "percent_covered_display": "0.00", "missing_lines": 22, "excluded_lines": 0}, "missing_lines": [205, 206, 207, 208, 209, 210, 211, 212, 213, 214, 215, 216, 217, 218, 219, 220, 221, 222, 223, 225, 226, 227], "excluded_lines": []}, "": {"executed_lines": [1, 7, 8, 9, 10, 12, 15, 16, 17, 18, 19, 21, 24, 25, 26, 27, 29, 35, 36, 53, 99, 163, 180, 193], "summary": {"covered_lines": 21, "num_statements": 21, "percent_covered": 100.0, "percent_covered_display": "100.00", "missing_lines": 0, "excluded_lines": 0}, "missing_lines": [], "excluded_lines": []}}, "classes": {"_SupportsGenerate": {"executed_lines": [], "summary": {"covered_lines": 0, "num_statements": 0, "percent_covered": 100.0, "percent_covered_display": "100.00", "missing_lines": 0, "excluded_lines": 0}, "missing_lines": [], "excluded_lines": []}, "IntentOrchestrator": {"executed_lines": [], "summary": {"covered_lines": 0, "num_statements": 69, "percent_covered": 0.0, "percent_covered_display": "0.00", "missing_lines": 69, "excluded_lines": 0}, "missing_lines": [69, 70, 71, 72, 73, 75, 76, 77, 82, 83, 84, 85, 86, 87, 92, 95, 96, 97, 114, 117, 118, 119, 120, 121, 122, 126, 127, 132, 134, 135, 136, 137, 138, 143, 144, 145, 146, 149, 150, 151, 153, 154, 157, 158, 159, 176, 191, 205, 206, 207, 208, 209, 210, 211, 212, 213, 214, 215, 216, 217, 218, 219, 220, 221, 222, 223, 225, 226, 227], "excluded_lines": []}, "": {"executed_lines": [1, 7, 8, 9, 10, 12, 15, 16, 17, 18, 19, 21, 24, 25, 26, 27, 29, 35, 36, 53, 99, 163, 180, 193], "summary": {"covered_lines": 21, "num_statements": 21, "percent_covered": 100.0, "percent_covered_display": "100.00", "missing_lines": 0, "excluded_lines": 0}, "missing_lines": [], "excluded_lines": []}}}, "src/application/orchestration/intent_parser.py": {"executed_lines": [1, 7, 8, 9, 10, 11, 12, 14, 15, 16, 19, 20, 21, 23, 26, 27, 28, 30, 31, 37, 47, 48, 53, 73, 95, 108, 157, 184], "summary": {"covered_lines": 26, "num_statements": 100, "percent_covered": 26.0, "percent_covered_display": "26.00", "missing_lines": 74, "excluded_lines": 0}, "missing_lines": [32, 33, 34, 38, 39, 41, 42, 43, 44, 66, 67, 68, 69, 70, 71, 75, 76, 77, 79, 80, 81, 82, 86, 88, 89, 92, 93, 104, 105, 106, 121, 122, 123, 125, 126, 128, 129, 133, 134, 135, 137, 139, 140, 141, 142, 144, 145, 154, 155, 166, 167, 172, 173, 179, 181, 182, 193, 194, 195, 198, 199, 200, 201, 202, 203, 204, 205, 210, 211, 212, 213, 214, 215, 218], "excluded_lines": [], "functions": {"IntentLLMParser.__init__": {"executed_lines": [], "summary": {"covered_lines": 0, "num_statements": 6, "percent_covered": 0.0, "percent_covered_display": "0.00", "missing_lines": 6, "excluded_lines": 0}, "missing_lines": [66, 67, 68, 69, 70, 71], "excluded_lines": []}, "IntentLLMParser._initialize_clients": {"executed_lines": [], "summary": {"covered_lines": 0, "num_statements": 12, "percent_covered": 0.0, "percent_covered_display": "0.00", "missing_lines": 12, "excluded_lines": 0}, "missing_lines": [75, 76, 77, 79, 80, 81, 82, 86, 88, 89, 92, 93], "excluded_lines": []}, "IntentLLMParser._detect_language": {"executed_lines": [], "summary": {"covered_lines": 0, "num_statements": 3, "percent_covered": 0.0, "percent_covered_display": "0.00", "missing_lines": 3, "excluded_lines": 0}, "missing_lines": [104, 105, 106], "excluded_lines": []}, "IntentLLMParser.parse": {"executed_lines": [], "summary": {"covered_lines": 0, "num_statements": 19, "percent_covered": 0.0, "percent_covered_display": "0.00", "missing_lines": 19, "excluded_lines": 0}, "missing_lines": [121, 122, 123, 125, 126, 128, 129, 133, 134, 135, 137, 139, 140, 141, 142, 144, 145, 154, 155], "excluded_lines": []}, "IntentLLMParser._call_llm": {"executed_lines": [], "summary": {"covered_lines": 0, "num_statements": 7, "percent_covered": 0.0, "percent_covered_display": "0.00", "missing_lines": 7, "excluded_lines": 0}, "missing_lines": [166, 167, 172, 173, 179, 181, 182], "excluded_lines": []}, "IntentLLMParser._parse_response": {"executed_lines": [], "summary": {"covered_lines": 0, "num_statements": 18, "percent_covered": 0.0, "percent_covered_display": "0.00", "missing_lines": 18, "excluded_lines": 0}, "missing_lines": [193, 194, 195, 198, 199, 200, 201, 202, 203, 204, 205, 210, 211, 212, 213, 214, 215, 218], "excluded_lines": []}, "": {"executed_lines": [1, 7, 8, 9, 10, 11, 12, 14, 15, 16, 19, 20, 21, 23, 26, 27, 28, 30, 31, 37, 47, 48, 53, 73, 95, 108, 157, 184], "summary": {"covered_lines": 26, "num_statements": 35, "percent_covered": 74.28571428571429, "percent_covered_display": "74.29", "missing_lines": 9, "excluded_lines": 0}, "missing_lines": [32, 33, 34, 38, 39, 41, 42, 43, 44], "excluded_lines": []}}, "classes": {"IntentLLMParser": {"executed_lines": [], "summary": {"covered_lines": 0, "num_statements": 65, "percent_covered": 0.0, "percent_covered_display": "0.00", "missing_lines": 65, "excluded_lines": 0}, "missing_lines": [66, 67, 68, 69, 70, 71, 75, 76, 77, 79, 80, 81, 82, 86, 88, 89, 92, 93, 104, 105, 106, 121, 122, 123, 125, 126, 128, 129, 133, 134, 135, 137, 139, 140, 141, 142, 144, 145, 154, 155, 166, 167, 172, 173, 179, 181, 182, 193, 194, 195, 198, 199, 200, 201, 202, 203, 204, 205, 210, 211, 212, 213, 214, 215, 218], "excluded_lines": []}, "": {"executed_lines": [1, 7, 8, 9, 10, 11, 12, 14, 15, 16, 19, 20, 21, 23, 26, 27, 28, 30, 31, 37, 47, 48, 53, 73, 95, 108, 157, 184], "summary": {"covered_lines": 26, "num_statements": 35, "percent_covered": 74.28571428571429, "percent_covered_display": "74.29", "missing_lines": 9, "excluded_lines": 0}, "missing_lines": [32, 33, 34, 38, 39, 41, 42, 43, 44], "excluded_lines": []}}}, "src/application/orchestration/intent_validator.py": {"executed_lines": [1, 7, 9, 10, 13, 14, 19, 47, 58], "summary": {"covered_lines": 7, "num_statements": 20, "percent_covered": 35.0, "percent_covered_display": "35.00", "missing_lines": 13, "excluded_lines": 0}, "missing_lines": [33, 34, 35, 36, 37, 38, 39, 40, 41, 42, 43, 56, 67], "excluded_lines": [], "functions": {"IntentValidator.validate_completeness": {"executed_lines": [], "summary": {"covered_lines": 0, "num_statements": 11, "percent_covered": 0.0, "percent_covered_display": "0.00", "missing_lines": 11, "excluded_lines": 0}, "missing_lines": [33, 34, 35, 36, 37, 38, 39, 40, 41, 42, 43], "excluded_lines": []}, "IntentValidator.is_valid_priority": {"executed_lines": [], "summary": {"covered_lines": 0, "num_statements": 1, "percent_covered": 0.0, "percent_covered_display": "0.00", "missing_lines": 1, "excluded_lines": 0}, "missing_lines": [56], "excluded_lines": []}, "IntentValidator.has_required_fields": {"executed_lines": [], "summary": {"covered_lines": 0, "num_statements": 1, "percent_covered": 0.0, "percent_covered_display": "0.00", "missing_lines": 1, "excluded_lines": 0}, "missing_lines": [67], "excluded_lines": []}, "": {"executed_lines": [1, 7, 9, 10, 13, 14, 19, 47, 58], "summary": {"covered_lines": 7, "num_statements": 7, "percent_covered": 100.0, "percent_covered_display": "100.00", "missing_lines": 0, "excluded_lines": 0}, "missing_lines": [], "excluded_lines": []}}, "classes": {"IntentValidator": {"executed_lines": [], "summary": {"covered_lines": 0, "num_statements": 13, "percent_covered": 0.0, "percent_covered_display": "0.00", "missing_lines": 13, "excluded_lines": 0}, "missing_lines": [33, 34, 35, 36, 37, 38, 39, 40, 41, 42, 43, 56, 67], "excluded_lines": []}, "": {"executed_lines": [1, 7, 9, 10, 13, 14, 19, 47, 58], "summary": {"covered_lines": 7, "num_statements": 7, "percent_covered": 100.0, "percent_covered_display": "100.00", "missing_lines": 0, "excluded_lines": 0}, "missing_lines": [], "excluded_lines": []}}}, "src/application/orchestrators/__init__.py": {"executed_lines": [1, 9, 13], "summary": {"covered_lines": 2, "num_statements": 2, "percent_covered": 100.0, "percent_covered_display": "100.00", "missing_lines": 0, "excluded_lines": 0}, "missing_lines": [], "excluded_lines": [], "functions": {"": {"executed_lines": [1, 9, 13], "summary": {"covered_lines": 2, "num_statements": 2, "percent_covered": 100.0, "percent_covered_display": "100.00", "missing_lines": 0, "excluded_lines": 0}, "missing_lines": [], "excluded_lines": []}}, "classes": {"": {"executed_lines": [1, 9, 13], "summary": {"covered_lines": 2, "num_statements": 2, "percent_covered": 100.0, "percent_covered_display": "100.00", "missing_lines": 0, "excluded_lines": 0}, "missing_lines": [], "excluded_lines": []}}}, "src/application/orchestrators/mistral_orchestrator.py": {"executed_lines": [], "summary": {"covered_lines": 0, "num_statements": 133, "percent_covered": 0.0, "percent_covered_display": "0.00", "missing_lines": 133, "excluded_lines": 0}, "missing_lines": [3, 4, 5, 6, 8, 13, 14, 15, 16, 22, 24, 27, 30, 46, 47, 48, 49, 50, 51, 52, 53, 54, 55, 56, 57, 58, 59, 63, 65, 66, 67, 68, 69, 70, 71, 73, 75, 76, 77, 79, 83, 85, 86, 87, 89, 91, 92, 94, 96, 98, 99, 101, 103, 105, 106, 107, 109, 111, 112, 117, 120, 121, 123, 125, 126, 127, 135, 136, 137, 144, 153, 157, 159, 160, 161, 163, 168, 169, 170, 172, 173, 174, 175, 180, 182, 185, 186, 187, 190, 191, 193, 195, 197, 199, 201, 202, 203, 206, 210, 211, 216, 217, 218, 221, 223, 224, 225, 226, 227, 229, 231, 235, 236, 237, 238, 239, 240, 242, 244, 245, 254, 255, 256, 257, 258, 259, 260, 262, 264, 265, 266, 267, 268], "excluded_lines": [], "functions": {"MistralChatOrchestrator.__init__": {"executed_lines": [], "summary": {"covered_lines": 0, "num_statements": 14, "percent_covered": 0.0, "percent_covered_display": "0.00", "missing_lines": 14, "excluded_lines": 0}, "missing_lines": [46, 47, 48, 49, 50, 51, 52, 53, 54, 55, 56, 57, 58, 59], "excluded_lines": []}, "MistralChatOrchestrator.initialize": {"executed_lines": [], "summary": {"covered_lines": 0, "num_statements": 7, "percent_covered": 0.0, "percent_covered_display": "0.00", "missing_lines": 7, "excluded_lines": 0}, "missing_lines": [65, 66, 67, 68, 69, 70, 71], "excluded_lines": []}, "MistralChatOrchestrator.handle_message": {"executed_lines": [], "summary": {"covered_lines": 0, "num_statements": 16, "percent_covered": 0.0, "percent_covered_display": "0.00", "missing_lines": 16, "excluded_lines": 0}, "missing_lines": [75, 76, 77, 79, 83, 85, 86, 87, 89, 91, 92, 94, 96, 98, 99, 101], "excluded_lines": []}, "MistralChatOrchestrator._build_history_context": {"executed_lines": [], "summary": {"covered_lines": 0, "num_statements": 3, "percent_covered": 0.0, "percent_covered_display": "0.00", "missing_lines": 3, "excluded_lines": 0}, "missing_lines": [105, 106, 107], "excluded_lines": []}, "MistralChatOrchestrator._parse_intent": {"executed_lines": [], "summary": {"covered_lines": 0, "num_statements": 5, "percent_covered": 0.0, "percent_covered_display": "0.00", "missing_lines": 5, "excluded_lines": 0}, "missing_lines": [111, 112, 117, 120, 121], "excluded_lines": []}, "MistralChatOrchestrator._parse_intent_json": {"executed_lines": [], "summary": {"covered_lines": 0, "num_statements": 6, "percent_covered": 0.0, "percent_covered_display": "0.00", "missing_lines": 6, "excluded_lines": 0}, "missing_lines": [125, 126, 127, 135, 136, 137], "excluded_lines": []}, "MistralChatOrchestrator._check_clarification_needed": {"executed_lines": [], "summary": {"covered_lines": 0, "num_statements": 1, "percent_covered": 0.0, "percent_covered_display": "0.00", "missing_lines": 1, "excluded_lines": 0}, "missing_lines": [153], "excluded_lines": []}, "MistralChatOrchestrator._generate_clarifying_questions": {"executed_lines": [], "summary": {"covered_lines": 0, "num_statements": 3, "percent_covered": 0.0, "percent_covered_display": "0.00", "missing_lines": 3, "excluded_lines": 0}, "missing_lines": [159, 160, 161], "excluded_lines": []}, "MistralChatOrchestrator._generate_execution_plan": {"executed_lines": [], "summary": {"covered_lines": 0, "num_statements": 15, "percent_covered": 0.0, "percent_covered_display": "0.00", "missing_lines": 15, "excluded_lines": 0}, "missing_lines": [168, 169, 170, 172, 173, 174, 175, 180, 182, 185, 186, 187, 190, 191, 193], "excluded_lines": []}, "MistralChatOrchestrator._parse_plan_json": {"executed_lines": [], "summary": {"covered_lines": 0, "num_statements": 18, "percent_covered": 0.0, "percent_covered_display": "0.00", "missing_lines": 18, "excluded_lines": 0}, "missing_lines": [197, 199, 201, 202, 203, 206, 210, 211, 216, 217, 218, 221, 223, 224, 225, 226, 227, 229], "excluded_lines": []}, "MistralChatOrchestrator._format_response": {"executed_lines": [], "summary": {"covered_lines": 0, "num_statements": 6, "percent_covered": 0.0, "percent_covered_display": "0.00", "missing_lines": 6, "excluded_lines": 0}, "missing_lines": [235, 236, 237, 238, 239, 240], "excluded_lines": []}, "MistralChatOrchestrator._call_model": {"executed_lines": [], "summary": {"covered_lines": 0, "num_statements": 9, "percent_covered": 0.0, "percent_covered_display": "0.00", "missing_lines": 9, "excluded_lines": 0}, "missing_lines": [244, 245, 254, 255, 256, 257, 258, 259, 260], "excluded_lines": []}, "MistralChatOrchestrator._ensure_conversation": {"executed_lines": [], "summary": {"covered_lines": 0, "num_statements": 5, "percent_covered": 0.0, "percent_covered_display": "0.00", "missing_lines": 5, "excluded_lines": 0}, "missing_lines": [264, 265, 266, 267, 268], "excluded_lines": []}, "": {"executed_lines": [], "summary": {"covered_lines": 0, "num_statements": 25, "percent_covered": 0.0, "percent_covered_display": "0.00", "missing_lines": 25, "excluded_lines": 0}, "missing_lines": [3, 4, 5, 6, 8, 13, 14, 15, 16, 22, 24, 27, 30, 63, 73, 103, 109, 123, 144, 157, 163, 195, 231, 242, 262], "excluded_lines": []}}, "classes": {"MistralChatOrchestrator": {"executed_lines": [], "summary": {"covered_lines": 0, "num_statements": 108, "percent_covered": 0.0, "percent_covered_display": "0.00", "missing_lines": 108, "excluded_lines": 0}, "missing_lines": [46, 47, 48, 49, 50, 51, 52, 53, 54, 55, 56, 57, 58, 59, 65, 66, 67, 68, 69, 70, 71, 75, 76, 77, 79, 83, 85, 86, 87, 89, 91, 92, 94, 96, 98, 99, 101, 105, 106, 107, 111, 112, 117, 120, 121, 125, 126, 127, 135, 136, 137, 153, 159, 160, 161, 168, 169, 170, 172, 173, 174, 175, 180, 182, 185, 186, 187, 190, 191, 193, 197, 199, 201, 202, 203, 206, 210, 211, 216, 217, 218, 221, 223, 224, 225, 226, 227, 229, 235, 236, 237, 238, 239, 240, 244, 245, 254, 255, 256, 257, 258, 259, 260, 264, 265, 266, 267, 268], "excluded_lines": []}, "": {"executed_lines": [], "summary": {"covered_lines": 0, "num_statements": 25, "percent_covered": 0.0, "percent_covered_display": "0.00", "missing_lines": 25, "excluded_lines": 0}, "missing_lines": [3, 4, 5, 6, 8, 13, 14, 15, 16, 22, 24, 27, 30, 63, 73, 103, 109, 123, 144, 157, 163, 195, 231, 242, 262], "excluded_lines": []}}}, "src/application/orchestrators/multi_agent_orchestrator.py": {"executed_lines": [1, 9, 10, 11, 13, 14, 15, 25, 28, 29, 31, 42, 43, 46, 53, 65, 66, 68, 70, 72, 73, 76, 77, 81, 82, 84, 86, 87, 89, 91, 95, 109, 116, 117, 119, 121, 140, 147, 148, 150, 152, 174, 175, 177, 180, 182, 191, 197, 198, 200, 201, 204, 208, 214, 216, 218], "summary": {"covered_lines": 54, "num_statements": 54, "percent_covered": 100.0, "percent_covered_display": "100.00", "missing_lines": 0, "excluded_lines": 0}, "missing_lines": [], "excluded_lines": [], "functions": {"MultiAgentOrchestrator.__init__": {"executed_lines": [42, 43, 46], "summary": {"covered_lines": 3, "num_statements": 3, "percent_covered": 100.0, "percent_covered_display": "100.00", "missing_lines": 0, "excluded_lines": 0}, "missing_lines": [], "excluded_lines": []}, "MultiAgentOrchestrator.process_task": {"executed_lines": [65, 66, 68, 70, 72, 73, 76, 77, 81, 82, 84, 86, 87, 89, 91], "summary": {"covered_lines": 15, "num_statements": 15, "percent_covered": 100.0, "percent_covered_display": "100.00", "missing_lines": 0, "excluded_lines": 0}, "missing_lines": [], "excluded_lines": []}, "MultiAgentOrchestrator._generate_code_step": {"executed_lines": [109, 116, 117, 119], "summary": {"covered_lines": 4, "num_statements": 4, "percent_covered": 100.0, "percent_covered_display": "100.00", "missing_lines": 0, "excluded_lines": 0}, "missing_lines": [], "excluded_lines": []}, "MultiAgentOrchestrator._review_code_step": {"executed_lines": [140, 147, 148, 150], "summary": {"covered_lines": 4, "num_statements": 4, "percent_covered": 100.0, "percent_covered_display": "100.00", "missing_lines": 0, "excluded_lines": 0}, "missing_lines": [], "excluded_lines": []}, "MultiAgentOrchestrator._finalize_workflow": {"executed_lines": [174, 175, 177, 180, 182], "summary": {"covered_lines": 5, "num_statements": 5, "percent_covered": 100.0, "percent_covered_display": "100.00", "missing_lines": 0, "excluded_lines": 0}, "missing_lines": [], "excluded_lines": []}, "MultiAgentOrchestrator._update_average_workflow_time": {"executed_lines": [197, 198, 200, 201, 204], "summary": {"covered_lines": 5, "num_statements": 5, "percent_covered": 100.0, "percent_covered_display": "100.00", "missing_lines": 0, "excluded_lines": 0}, "missing_lines": [], "excluded_lines": []}, "MultiAgentOrchestrator.get_stats": {"executed_lines": [214], "summary": {"covered_lines": 1, "num_statements": 1, "percent_covered": 100.0, "percent_covered_display": "100.00", "missing_lines": 0, "excluded_lines": 0}, "missing_lines": [], "excluded_lines": []}, "MultiAgentOrchestrator.reset_stats": {"executed_lines": [218], "summary": {"covered_lines": 1, "num_statements": 1, "percent_covered": 100.0, "percent_covered_display": "100.00", "missing_lines": 0, "excluded_lines": 0}, "missing_lines": [], "excluded_lines": []}, "": {"executed_lines": [1, 9, 10, 11, 13, 14, 15, 25, 28, 29, 31, 53, 95, 121, 152, 191, 208, 216], "summary": {"covered_lines": 16, "num_statements": 16, "percent_covered": 100.0, "percent_covered_display": "100.00", "missing_lines": 0, "excluded_lines": 0}, "missing_lines": [], "excluded_lines": []}}, "classes": {"MultiAgentOrchestrator": {"executed_lines": [42, 43, 46, 65, 66, 68, 70, 72, 73, 76, 77, 81, 82, 84, 86, 87, 89, 91, 109, 116, 117, 119, 140, 147, 148, 150, 174, 175, 177, 180, 182, 197, 198, 200, 201, 204, 214, 218], "summary": {"covered_lines": 38, "num_statements": 38, "percent_covered": 100.0, "percent_covered_display": "100.00", "missing_lines": 0, "excluded_lines": 0}, "missing_lines": [], "excluded_lines": []}, "": {"executed_lines": [1, 9, 10, 11, 13, 14, 15, 25, 28, 29, 31, 53, 95, 121, 152, 191, 208, 216], "summary": {"covered_lines": 16, "num_statements": 16, "percent_covered": 100.0, "percent_covered_display": "100.00", "missing_lines": 0, "excluded_lines": 0}, "missing_lines": [], "excluded_lines": []}}}, "src/application/orchestrators/parallel_orchestrator.py": {"executed_lines": [1, 9, 10, 11, 12, 15, 18, 19, 29, 31, 38, 57, 58, 60, 63, 67, 69, 70, 75, 80, 81, 83, 84, 86, 87, 89, 90, 95, 97, 98, 99, 100, 101, 102, 104, 105, 109, 110, 111, 113, 126, 127, 128, 129, 130, 131, 132, 134, 153, 155, 156, 158, 159, 164, 165, 169, 170, 171, 179, 185, 187, 189], "summary": {"covered_lines": 60, "num_statements": 61, "percent_covered": 98.36065573770492, "percent_covered_display": "98.36", "missing_lines": 1, "excluded_lines": 0}, "missing_lines": [177], "excluded_lines": [], "functions": {"ParallelOrchestrator.__init__": {"executed_lines": [31], "summary": {"covered_lines": 1, "num_statements": 1, "percent_covered": 100.0, "percent_covered_display": "100.00", "missing_lines": 0, "excluded_lines": 0}, "missing_lines": [], "excluded_lines": []}, "ParallelOrchestrator.execute_parallel": {"executed_lines": [57, 58, 60, 63, 67, 69, 70, 75, 80, 81, 83, 84, 86, 87, 89, 90, 95, 97, 98, 99, 100, 101, 102, 104, 105, 109, 110, 111], "summary": {"covered_lines": 28, "num_statements": 28, "percent_covered": 100.0, "percent_covered_display": "100.00", "missing_lines": 0, "excluded_lines": 0}, "missing_lines": [], "excluded_lines": []}, "ParallelOrchestrator._execute_single_task": {"executed_lines": [126, 127, 128, 129, 130, 131, 132], "summary": {"covered_lines": 7, "num_statements": 7, "percent_covered": 100.0, "percent_covered_display": "100.00", "missing_lines": 0, "excluded_lines": 0}, "missing_lines": [], "excluded_lines": []}, "ParallelOrchestrator.execute_with_aggregation": {"executed_lines": [153, 155, 156, 158, 159, 164, 165, 169, 170, 171], "summary": {"covered_lines": 10, "num_statements": 11, "percent_covered": 90.9090909090909, "percent_covered_display": "90.91", "missing_lines": 1, "excluded_lines": 0}, "missing_lines": [177], "excluded_lines": []}, "ParallelOrchestrator.get_stats": {"executed_lines": [185], "summary": {"covered_lines": 1, "num_statements": 1, "percent_covered": 100.0, "percent_covered_display": "100.00", "missing_lines": 0, "excluded_lines": 0}, "missing_lines": [], "excluded_lines": []}, "ParallelOrchestrator.reset_stats": {"executed_lines": [189], "summary": {"covered_lines": 1, "num_statements": 1, "percent_covered": 100.0, "percent_covered_display": "100.00", "missing_lines": 0, "excluded_lines": 0}, "missing_lines": [], "excluded_lines": []}, "": {"executed_lines": [1, 9, 10, 11, 12, 15, 18, 19, 29, 38, 113, 134, 179, 187], "summary": {"covered_lines": 12, "num_statements": 12, "percent_covered": 100.0, "percent_covered_display": "100.00", "missing_lines": 0, "excluded_lines": 0}, "missing_lines": [], "excluded_lines": []}}, "classes": {"ParallelOrchestrator": {"executed_lines": [31, 57, 58, 60, 63, 67, 69, 70, 75, 80, 81, 83, 84, 86, 87, 89, 90, 95, 97, 98, 99, 100, 101, 102, 104, 105, 109, 110, 111, 126, 127, 128, 129, 130, 131, 132, 153, 155, 156, 158, 159, 164, 165, 169, 170, 171, 185, 189], "summary": {"covered_lines": 48, "num_statements": 49, "percent_covered": 97.95918367346938, "percent_covered_display": "97.96", "missing_lines": 1, "excluded_lines": 0}, "missing_lines": [177], "excluded_lines": []}, "": {"executed_lines": [1, 9, 10, 11, 12, 15, 18, 19, 29, 38, 113, 134, 179, 187], "summary": {"covered_lines": 12, "num_statements": 12, "percent_covered": 100.0, "percent_covered_display": "100.00", "missing_lines": 0, "excluded_lines": 0}, "missing_lines": [], "excluded_lines": []}}}, "src/application/orchestrators/prompts.py": {"executed_lines": [], "summary": {"covered_lines": 0, "num_statements": 3, "percent_covered": 0.0, "percent_covered_display": "0.00", "missing_lines": 3, "excluded_lines": 0}, "missing_lines": [3, 14, 23], "excluded_lines": [], "functions": {"": {"executed_lines": [], "summary": {"covered_lines": 0, "num_statements": 3, "percent_covered": 0.0, "percent_covered_display": "0.00", "missing_lines": 3, "excluded_lines": 0}, "missing_lines": [3, 14, 23], "excluded_lines": []}}, "classes": {"": {"executed_lines": [], "summary": {"covered_lines": 0, "num_statements": 3, "percent_covered": 0.0, "percent_covered_display": "0.00", "missing_lines": 3, "excluded_lines": 0}, "missing_lines": [3, 14, 23], "excluded_lines": []}}}, "src/application/orchestrators/response_formatters.py": {"executed_lines": [], "summary": {"covered_lines": 0, "num_statements": 17, "percent_covered": 0.0, "percent_covered_display": "0.00", "missing_lines": 17, "excluded_lines": 0}, "missing_lines": [3, 6, 8, 9, 10, 11, 12, 13, 14, 15, 18, 19, 20, 21, 22, 23, 24], "excluded_lines": [], "functions": {"format_response": {"executed_lines": [], "summary": {"covered_lines": 0, "num_statements": 15, "percent_covered": 0.0, "percent_covered_display": "0.00", "missing_lines": 15, "excluded_lines": 0}, "missing_lines": [8, 9, 10, 11, 12, 13, 14, 15, 18, 19, 20, 21, 22, 23, 24], "excluded_lines": []}, "": {"executed_lines": [], "summary": {"covered_lines": 0, "num_statements": 2, "percent_covered": 0.0, "percent_covered_display": "0.00", "missing_lines": 2, "excluded_lines": 0}, "missing_lines": [3, 6], "excluded_lines": []}}, "classes": {"": {"executed_lines": [], "summary": {"covered_lines": 0, "num_statements": 17, "percent_covered": 0.0, "percent_covered_display": "0.00", "missing_lines": 17, "excluded_lines": 0}, "missing_lines": [3, 6, 8, 9, 10, 11, 12, 13, 14, 15, 18, 19, 20, 21, 22, 23, 24], "excluded_lines": []}}}, "src/application/services/modular_review_service.py": {"executed_lines": [1, 3, 5, 6, 7, 8, 10, 11, 14, 15, 16, 17, 20, 24, 25, 30, 31, 32, 33, 34, 37, 38, 40, 41, 43, 46, 47, 48, 51, 52, 54, 55, 56, 58, 59, 60, 62, 63, 64, 65, 66, 67, 68, 69, 70, 74, 75, 77, 79, 88, 89, 90, 91, 94, 95, 97, 98, 105, 114, 120, 122, 123, 124, 127, 129, 130, 131, 134, 135, 136, 148, 158, 159, 160, 169, 170, 171, 173, 174, 176, 186, 187, 196, 197, 198, 200, 204, 205, 206, 208], "summary": {"covered_lines": 86, "num_statements": 99, "percent_covered": 86.86868686868686, "percent_covered_display": "86.87", "missing_lines": 13, "excluded_lines": 0}, "missing_lines": [71, 128, 132, 161, 162, 163, 164, 165, 166, 167, 175, 177, 185], "excluded_lines": [], "functions": {"_ZipArchiveReaderAdapter.__init__": {"executed_lines": [41], "summary": {"covered_lines": 1, "num_statements": 1, "percent_covered": 100.0, "percent_covered_display": "100.00", "missing_lines": 0, "excluded_lines": 0}, "missing_lines": [], "excluded_lines": []}, "_ZipArchiveReaderAdapter.read_latest": {"executed_lines": [46, 47, 48], "summary": {"covered_lines": 3, "num_statements": 3, "percent_covered": 100.0, "percent_covered_display": "100.00", "missing_lines": 0, "excluded_lines": 0}, "missing_lines": [], "excluded_lines": []}, "_LLMClientAliasAdapter.__init__": {"executed_lines": [55, 56], "summary": {"covered_lines": 2, "num_statements": 2, "percent_covered": 100.0, "percent_covered_display": "100.00", "missing_lines": 0, "excluded_lines": 0}, "missing_lines": [], "excluded_lines": []}, "_LLMClientAliasAdapter.make_request": {"executed_lines": [59, 60], "summary": {"covered_lines": 2, "num_statements": 2, "percent_covered": 100.0, "percent_covered_display": "100.00", "missing_lines": 0, "excluded_lines": 0}, "missing_lines": [], "excluded_lines": []}, "_LLMClientAliasAdapter._normalize": {"executed_lines": [64, 65, 66, 67, 68, 69, 70], "summary": {"covered_lines": 7, "num_statements": 8, "percent_covered": 87.5, "percent_covered_display": "87.50", "missing_lines": 1, "excluded_lines": 0}, "missing_lines": [71], "excluded_lines": []}, "ModularReviewService.__init__": {"executed_lines": [88, 89, 90, 91, 94, 95, 97, 98], "summary": {"covered_lines": 8, "num_statements": 8, "percent_covered": 100.0, "percent_covered_display": "100.00", "missing_lines": 0, "excluded_lines": 0}, "missing_lines": [], "excluded_lines": []}, "ModularReviewService.review_submission": {"executed_lines": [114, 120], "summary": {"covered_lines": 2, "num_statements": 2, "percent_covered": 100.0, "percent_covered_display": "100.00", "missing_lines": 0, "excluded_lines": 0}, "missing_lines": [], "excluded_lines": []}, "ModularReviewService._convert_report": {"executed_lines": [124, 158, 169, 170, 171, 173, 174, 176, 186, 187, 196, 197, 198, 200, 204, 205, 206, 208], "summary": {"covered_lines": 18, "num_statements": 21, "percent_covered": 85.71428571428571, "percent_covered_display": "85.71", "missing_lines": 3, "excluded_lines": 0}, "missing_lines": [175, 177, 185], "excluded_lines": []}, "ModularReviewService._convert_report._convert_pass": {"executed_lines": [127, 129, 130, 131, 134, 135, 136, 148], "summary": {"covered_lines": 8, "num_statements": 10, "percent_covered": 80.0, "percent_covered_display": "80.00", "missing_lines": 2, "excluded_lines": 0}, "missing_lines": [128, 132], "excluded_lines": []}, "ModularReviewService._convert_report._parse_severity": {"executed_lines": [159, 160], "summary": {"covered_lines": 2, "num_statements": 9, "percent_covered": 22.22222222222222, "percent_covered_display": "22.22", "missing_lines": 7, "excluded_lines": 0}, "missing_lines": [161, 162, 163, 164, 165, 166, 167], "excluded_lines": []}, "": {"executed_lines": [1, 3, 5, 6, 7, 8, 10, 11, 14, 15, 16, 17, 20, 24, 25, 30, 31, 32, 33, 34, 37, 38, 40, 43, 51, 52, 54, 58, 62, 63, 74, 75, 77, 79, 105, 122, 123], "summary": {"covered_lines": 33, "num_statements": 33, "percent_covered": 100.0, "percent_covered_display": "100.00", "missing_lines": 0, "excluded_lines": 0}, "missing_lines": [], "excluded_lines": []}}, "classes": {"_ZipArchiveReaderAdapter": {"executed_lines": [41, 46, 47, 48], "summary": {"covered_lines": 4, "num_statements": 4, "percent_covered": 100.0, "percent_covered_display": "100.00", "missing_lines": 0, "excluded_lines": 0}, "missing_lines": [], "excluded_lines": []}, "_LLMClientAliasAdapter": {"executed_lines": [55, 56, 59, 60, 64, 65, 66, 67, 68, 69, 70], "summary": {"covered_lines": 11, "num_statements": 12, "percent_covered": 91.66666666666667, "percent_covered_display": "91.67", "missing_lines": 1, "excluded_lines": 0}, "missing_lines": [71], "excluded_lines": []}, "ModularReviewService": {"executed_lines": [88, 89, 90, 91, 94, 95, 97, 98, 114, 120, 124, 127, 129, 130, 131, 134, 135, 136, 148, 158, 159, 160, 169, 170, 171, 173, 174, 176, 186, 187, 196, 197, 198, 200, 204, 205, 206, 208], "summary": {"covered_lines": 38, "num_statements": 50, "percent_covered": 76.0, "percent_covered_display": "76.00", "missing_lines": 12, "excluded_lines": 0}, "missing_lines": [128, 132, 161, 162, 163, 164, 165, 166, 167, 175, 177, 185], "excluded_lines": []}, "": {"executed_lines": [1, 3, 5, 6, 7, 8, 10, 11, 14, 15, 16, 17, 20, 24, 25, 30, 31, 32, 33, 34, 37, 38, 40, 43, 51, 52, 54, 58, 62, 63, 74, 75, 77, 79, 105, 122, 123], "summary": {"covered_lines": 33, "num_statements": 33, "percent_covered": 100.0, "percent_covered_display": "100.00", "missing_lines": 0, "excluded_lines": 0}, "missing_lines": [], "excluded_lines": []}}}, "src/application/use_cases/__init__.py": {"executed_lines": [1], "summary": {"covered_lines": 0, "num_statements": 0, "percent_covered": 100.0, "percent_covered_display": "100.00", "missing_lines": 0, "excluded_lines": 0}, "missing_lines": [], "excluded_lines": [], "functions": {"": {"executed_lines": [1], "summary": {"covered_lines": 0, "num_statements": 0, "percent_covered": 100.0, "percent_covered_display": "100.00", "missing_lines": 0, "excluded_lines": 0}, "missing_lines": [], "excluded_lines": []}}, "classes": {"": {"executed_lines": [1], "summary": {"covered_lines": 0, "num_statements": 0, "percent_covered": 100.0, "percent_covered_display": "100.00", "missing_lines": 0, "excluded_lines": 0}, "missing_lines": [], "excluded_lines": []}}}, "src/application/use_cases/enqueue_review_task_use_case.py": {"executed_lines": [], "summary": {"covered_lines": 0, "num_statements": 27, "percent_covered": 0.0, "percent_covered_display": "0.00", "missing_lines": 27, "excluded_lines": 0}, "missing_lines": [3, 5, 6, 8, 9, 10, 11, 14, 25, 31, 33, 61, 62, 63, 64, 66, 67, 68, 70, 71, 78, 79, 80, 81, 83, 93, 94], "excluded_lines": [], "functions": {"EnqueueReviewTaskUseCase.__init__": {"executed_lines": [], "summary": {"covered_lines": 0, "num_statements": 1, "percent_covered": 0.0, "percent_covered_display": "0.00", "missing_lines": 1, "excluded_lines": 0}, "missing_lines": [31], "excluded_lines": []}, "EnqueueReviewTaskUseCase.execute": {"executed_lines": [], "summary": {"covered_lines": 0, "num_statements": 16, "percent_covered": 0.0, "percent_covered_display": "0.00", "missing_lines": 16, "excluded_lines": 0}, "missing_lines": [61, 62, 63, 64, 66, 67, 68, 70, 71, 78, 79, 80, 81, 83, 93, 94], "excluded_lines": []}, "": {"executed_lines": [], "summary": {"covered_lines": 0, "num_statements": 10, "percent_covered": 0.0, "percent_covered_display": "0.00", "missing_lines": 10, "excluded_lines": 0}, "missing_lines": [3, 5, 6, 8, 9, 10, 11, 14, 25, 33], "excluded_lines": []}}, "classes": {"EnqueueReviewTaskUseCase": {"executed_lines": [], "summary": {"covered_lines": 0, "num_statements": 17, "percent_covered": 0.0, "percent_covered_display": "0.00", "missing_lines": 17, "excluded_lines": 0}, "missing_lines": [31, 61, 62, 63, 64, 66, 67, 68, 70, 71, 78, 79, 80, 81, 83, 93, 94], "excluded_lines": []}, "": {"executed_lines": [], "summary": {"covered_lines": 0, "num_statements": 10, "percent_covered": 0.0, "percent_covered_display": "0.00", "missing_lines": 10, "excluded_lines": 0}, "missing_lines": [3, 5, 6, 8, 9, 10, 11, 14, 25, 33], "excluded_lines": []}}}, "src/application/use_cases/generate_channel_digest.py": {"executed_lines": [1, 3, 5, 7, 8, 11, 12, 13, 14, 15, 17, 20, 21, 33, 43], "summary": {"covered_lines": 13, "num_statements": 38, "percent_covered": 34.21052631578947, "percent_covered_display": "34.21", "missing_lines": 25, "excluded_lines": 0}, "missing_lines": [39, 40, 41, 57, 62, 63, 67, 68, 69, 72, 75, 81, 82, 83, 84, 86, 87, 94, 95, 96, 99, 100, 107, 109, 114], "excluded_lines": [], "functions": {"GenerateChannelDigestUseCase.__init__": {"executed_lines": [], "summary": {"covered_lines": 0, "num_statements": 3, "percent_covered": 0.0, "percent_covered_display": "0.00", "missing_lines": 3, "excluded_lines": 0}, "missing_lines": [39, 40, 41], "excluded_lines": []}, "GenerateChannelDigestUseCase.execute": {"executed_lines": [], "summary": {"covered_lines": 0, "num_statements": 22, "percent_covered": 0.0, "percent_covered_display": "0.00", "missing_lines": 22, "excluded_lines": 0}, "missing_lines": [57, 62, 63, 67, 68, 69, 72, 75, 81, 82, 83, 84, 86, 87, 94, 95, 96, 99, 100, 107, 109, 114], "excluded_lines": []}, "": {"executed_lines": [1, 3, 5, 7, 8, 11, 12, 13, 14, 15, 17, 20, 21, 33, 43], "summary": {"covered_lines": 13, "num_statements": 13, "percent_covered": 100.0, "percent_covered_display": "100.00", "missing_lines": 0, "excluded_lines": 0}, "missing_lines": [], "excluded_lines": []}}, "classes": {"GenerateChannelDigestUseCase": {"executed_lines": [], "summary": {"covered_lines": 0, "num_statements": 25, "percent_covered": 0.0, "percent_covered_display": "0.00", "missing_lines": 25, "excluded_lines": 0}, "missing_lines": [39, 40, 41, 57, 62, 63, 67, 68, 69, 72, 75, 81, 82, 83, 84, 86, 87, 94, 95, 96, 99, 100, 107, 109, 114], "excluded_lines": []}, "": {"executed_lines": [1, 3, 5, 7, 8, 11, 12, 13, 14, 15, 17, 20, 21, 33, 43], "summary": {"covered_lines": 13, "num_statements": 13, "percent_covered": 100.0, "percent_covered_display": "100.00", "missing_lines": 0, "excluded_lines": 0}, "missing_lines": [], "excluded_lines": []}}}, "src/application/use_cases/generate_channel_digest_by_name.py": {"executed_lines": [1, 3, 5, 6, 7, 8, 10, 11, 12, 13, 14, 15, 16, 17, 18, 20, 23, 24, 36, 46, 257], "summary": {"covered_lines": 19, "num_statements": 89, "percent_covered": 21.348314606741575, "percent_covered_display": "21.35", "missing_lines": 70, "excluded_lines": 0}, "missing_lines": [42, 43, 44, 65, 70, 71, 72, 74, 77, 80, 81, 86, 87, 90, 92, 93, 99, 100, 120, 121, 122, 123, 124, 125, 128, 129, 130, 131, 133, 143, 144, 146, 148, 150, 151, 152, 154, 164, 165, 172, 173, 174, 181, 188, 197, 203, 206, 213, 214, 222, 223, 238, 239, 240, 242, 243, 245, 247, 274, 275, 276, 277, 282, 285, 293, 294, 295, 297, 301, 303], "excluded_lines": [], "functions": {"GenerateChannelDigestByNameUseCase.__init__": {"executed_lines": [], "summary": {"covered_lines": 0, "num_statements": 3, "percent_covered": 0.0, "percent_covered_display": "0.00", "missing_lines": 3, "excluded_lines": 0}, "missing_lines": [42, 43, 44], "excluded_lines": []}, "GenerateChannelDigestByNameUseCase.execute": {"executed_lines": [], "summary": {"covered_lines": 0, "num_statements": 55, "percent_covered": 0.0, "percent_covered_display": "0.00", "missing_lines": 55, "excluded_lines": 0}, "missing_lines": [65, 70, 71, 72, 74, 77, 80, 81, 86, 87, 90, 92, 93, 99, 100, 120, 121, 122, 123, 124, 125, 128, 129, 130, 131, 133, 143, 144, 146, 148, 150, 151, 152, 154, 164, 165, 172, 173, 174, 181, 188, 197, 203, 206, 213, 214, 222, 223, 238, 239, 240, 242, 243, 245, 247], "excluded_lines": []}, "GenerateChannelDigestByNameUseCase._evaluate_summary_quality": {"executed_lines": [], "summary": {"covered_lines": 0, "num_statements": 12, "percent_covered": 0.0, "percent_covered_display": "0.00", "missing_lines": 12, "excluded_lines": 0}, "missing_lines": [274, 275, 276, 277, 282, 285, 293, 294, 295, 297, 301, 303], "excluded_lines": []}, "": {"executed_lines": [1, 3, 5, 6, 7, 8, 10, 11, 12, 13, 14, 15, 16, 17, 18, 20, 23, 24, 36, 46, 257], "summary": {"covered_lines": 19, "num_statements": 19, "percent_covered": 100.0, "percent_covered_display": "100.00", "missing_lines": 0, "excluded_lines": 0}, "missing_lines": [], "excluded_lines": []}}, "classes": {"GenerateChannelDigestByNameUseCase": {"executed_lines": [], "summary": {"covered_lines": 0, "num_statements": 70, "percent_covered": 0.0, "percent_covered_display": "0.00", "missing_lines": 70, "excluded_lines": 0}, "missing_lines": [42, 43, 44, 65, 70, 71, 72, 74, 77, 80, 81, 86, 87, 90, 92, 93, 99, 100, 120, 121, 122, 123, 124, 125, 128, 129, 130, 131, 133, 143, 144, 146, 148, 150, 151, 152, 154, 164, 165, 172, 173, 174, 181, 188, 197, 203, 206, 213, 214, 222, 223, 238, 239, 240, 242, 243, 245, 247, 274, 275, 276, 277, 282, 285, 293, 294, 295, 297, 301, 303], "excluded_lines": []}, "": {"executed_lines": [1, 3, 5, 6, 7, 8, 10, 11, 12, 13, 14, 15, 16, 17, 18, 20, 23, 24, 36, 46, 257], "summary": {"covered_lines": 19, "num_statements": 19, "percent_covered": 100.0, "percent_covered_display": "100.00", "missing_lines": 0, "excluded_lines": 0}, "missing_lines": [], "excluded_lines": []}}}, "src/application/use_cases/generate_code.py": {"executed_lines": [1, 3, 5, 6, 7, 8, 9, 10, 11, 14, 15, 17, 31, 32, 33, 35, 52, 61, 63, 64, 65, 67, 68, 70, 71, 77, 78, 80, 91, 92, 95, 97, 107, 109, 120, 121, 126, 133, 135], "summary": {"covered_lines": 37, "num_statements": 41, "percent_covered": 90.2439024390244, "percent_covered_display": "90.24", "missing_lines": 4, "excluded_lines": 0}, "missing_lines": [73, 74, 75, 93], "excluded_lines": [], "functions": {"GenerateCodeUseCase.__init__": {"executed_lines": [31, 32, 33], "summary": {"covered_lines": 3, "num_statements": 3, "percent_covered": 100.0, "percent_covered_display": "100.00", "missing_lines": 0, "excluded_lines": 0}, "missing_lines": [], "excluded_lines": []}, "GenerateCodeUseCase.execute": {"executed_lines": [52, 61, 63, 64, 65, 67, 68, 70, 71, 77, 78], "summary": {"covered_lines": 11, "num_statements": 14, "percent_covered": 78.57142857142857, "percent_covered_display": "78.57", "missing_lines": 3, "excluded_lines": 0}, "missing_lines": [73, 74, 75], "excluded_lines": []}, "GenerateCodeUseCase._generate_code": {"executed_lines": [91, 92, 95], "summary": {"covered_lines": 3, "num_statements": 4, "percent_covered": 75.0, "percent_covered_display": "75.00", "missing_lines": 1, "excluded_lines": 0}, "missing_lines": [93], "excluded_lines": []}, "GenerateCodeUseCase._analyze_quality": {"executed_lines": [107], "summary": {"covered_lines": 1, "num_statements": 1, "percent_covered": 100.0, "percent_covered_display": "100.00", "missing_lines": 0, "excluded_lines": 0}, "missing_lines": [], "excluded_lines": []}, "GenerateCodeUseCase._analyze_tokens": {"executed_lines": [120, 121], "summary": {"covered_lines": 2, "num_statements": 2, "percent_covered": 100.0, "percent_covered_display": "100.00", "missing_lines": 0, "excluded_lines": 0}, "missing_lines": [], "excluded_lines": []}, "GenerateCodeUseCase._generate_id": {"executed_lines": [133, 135], "summary": {"covered_lines": 2, "num_statements": 2, "percent_covered": 100.0, "percent_covered_display": "100.00", "missing_lines": 0, "excluded_lines": 0}, "missing_lines": [], "excluded_lines": []}, "": {"executed_lines": [1, 3, 5, 6, 7, 8, 9, 10, 11, 14, 15, 17, 35, 80, 97, 109, 126], "summary": {"covered_lines": 15, "num_statements": 15, "percent_covered": 100.0, "percent_covered_display": "100.00", "missing_lines": 0, "excluded_lines": 0}, "missing_lines": [], "excluded_lines": []}}, "classes": {"GenerateCodeUseCase": {"executed_lines": [31, 32, 33, 52, 61, 63, 64, 65, 67, 68, 70, 71, 77, 78, 91, 92, 95, 107, 120, 121, 133, 135], "summary": {"covered_lines": 22, "num_statements": 26, "percent_covered": 84.61538461538461, "percent_covered_display": "84.62", "missing_lines": 4, "excluded_lines": 0}, "missing_lines": [73, 74, 75, 93], "excluded_lines": []}, "": {"executed_lines": [1, 3, 5, 6, 7, 8, 9, 10, 11, 14, 15, 17, 35, 80, 97, 109, 126], "summary": {"covered_lines": 15, "num_statements": 15, "percent_covered": 100.0, "percent_covered_display": "100.00", "missing_lines": 0, "excluded_lines": 0}, "missing_lines": [], "excluded_lines": []}}}, "src/application/use_cases/generate_task_summary.py": {"executed_lines": [1, 3, 5, 6, 8, 9, 10, 13, 36, 68, 69, 79, 82], "summary": {"covered_lines": 11, "num_statements": 44, "percent_covered": 25.0, "percent_covered_display": "25.00", "missing_lines": 33, "excluded_lines": 0}, "missing_lines": [24, 26, 27, 28, 29, 30, 31, 33, 46, 47, 48, 49, 50, 58, 80, 97, 100, 101, 102, 104, 107, 110, 111, 114, 115, 116, 117, 119, 120, 121, 122, 125, 127], "excluded_lines": [], "functions": {"_build_summary_query": {"executed_lines": [], "summary": {"covered_lines": 0, "num_statements": 8, "percent_covered": 0.0, "percent_covered_display": "0.00", "missing_lines": 8, "excluded_lines": 0}, "missing_lines": [24, 26, 27, 28, 29, 30, 31, 33], "excluded_lines": []}, "_compute_task_stats": {"executed_lines": [], "summary": {"covered_lines": 0, "num_statements": 6, "percent_covered": 0.0, "percent_covered_display": "0.00", "missing_lines": 6, "excluded_lines": 0}, "missing_lines": [46, 47, 48, 49, 50, 58], "excluded_lines": []}, "GenerateTaskSummaryUseCase.__init__": {"executed_lines": [], "summary": {"covered_lines": 0, "num_statements": 1, "percent_covered": 0.0, "percent_covered_display": "0.00", "missing_lines": 1, "excluded_lines": 0}, "missing_lines": [80], "excluded_lines": []}, "GenerateTaskSummaryUseCase.execute": {"executed_lines": [], "summary": {"covered_lines": 0, "num_statements": 18, "percent_covered": 0.0, "percent_covered_display": "0.00", "missing_lines": 18, "excluded_lines": 0}, "missing_lines": [97, 100, 101, 102, 104, 107, 110, 111, 114, 115, 116, 117, 119, 120, 121, 122, 125, 127], "excluded_lines": []}, "": {"executed_lines": [1, 3, 5, 6, 8, 9, 10, 13, 36, 68, 69, 79, 82], "summary": {"covered_lines": 11, "num_statements": 11, "percent_covered": 100.0, "percent_covered_display": "100.00", "missing_lines": 0, "excluded_lines": 0}, "missing_lines": [], "excluded_lines": []}}, "classes": {"GenerateTaskSummaryUseCase": {"executed_lines": [], "summary": {"covered_lines": 0, "num_statements": 19, "percent_covered": 0.0, "percent_covered_display": "0.00", "missing_lines": 19, "excluded_lines": 0}, "missing_lines": [80, 97, 100, 101, 102, 104, 107, 110, 111, 114, 115, 116, 117, 119, 120, 121, 122, 125, 127], "excluded_lines": []}, "": {"executed_lines": [1, 3, 5, 6, 8, 9, 10, 13, 36, 68, 69, 79, 82], "summary": {"covered_lines": 11, "num_statements": 25, "percent_covered": 44.0, "percent_covered_display": "44.00", "missing_lines": 14, "excluded_lines": 0}, "missing_lines": [24, 26, 27, 28, 29, 30, 31, 33, 46, 47, 48, 49, 50, 58], "excluded_lines": []}}}, "src/application/use_cases/get_review_status_use_case.py": {"executed_lines": [], "summary": {"covered_lines": 0, "num_statements": 22, "percent_covered": 0.0, "percent_covered_display": "0.00", "missing_lines": 22, "excluded_lines": 0}, "missing_lines": [3, 5, 7, 10, 13, 25, 36, 37, 39, 48, 50, 51, 53, 62, 63, 64, 67, 68, 69, 70, 71, 76], "excluded_lines": [], "functions": {"GetReviewStatusUseCase.__init__": {"executed_lines": [], "summary": {"covered_lines": 0, "num_statements": 2, "percent_covered": 0.0, "percent_covered_display": "0.00", "missing_lines": 2, "excluded_lines": 0}, "missing_lines": [36, 37], "excluded_lines": []}, "GetReviewStatusUseCase.execute": {"executed_lines": [], "summary": {"covered_lines": 0, "num_statements": 13, "percent_covered": 0.0, "percent_covered_display": "0.00", "missing_lines": 13, "excluded_lines": 0}, "missing_lines": [48, 50, 51, 53, 62, 63, 64, 67, 68, 69, 70, 71, 76], "excluded_lines": []}, "": {"executed_lines": [], "summary": {"covered_lines": 0, "num_statements": 7, "percent_covered": 0.0, "percent_covered_display": "0.00", "missing_lines": 7, "excluded_lines": 0}, "missing_lines": [3, 5, 7, 10, 13, 25, 39], "excluded_lines": []}}, "classes": {"GetReviewStatusUseCase": {"executed_lines": [], "summary": {"covered_lines": 0, "num_statements": 15, "percent_covered": 0.0, "percent_covered_display": "0.00", "missing_lines": 15, "excluded_lines": 0}, "missing_lines": [36, 37, 48, 50, 51, 53, 62, 63, 64, 67, 68, 69, 70, 71, 76], "excluded_lines": []}, "": {"executed_lines": [], "summary": {"covered_lines": 0, "num_statements": 7, "percent_covered": 0.0, "percent_covered_display": "0.00", "missing_lines": 7, "excluded_lines": 0}, "missing_lines": [3, 5, 7, 10, 13, 25, 39], "excluded_lines": []}}}, "src/application/use_cases/mistral_chat_use_case.py": {"executed_lines": [], "summary": {"covered_lines": 0, "num_statements": 19, "percent_covered": 0.0, "percent_covered_display": "0.00", "missing_lines": 19, "excluded_lines": 0}, "missing_lines": [6, 7, 9, 10, 11, 13, 16, 19, 32, 33, 34, 36, 49, 50, 52, 54, 56, 58, 68], "excluded_lines": [], "functions": {"MistralChatUseCase.__init__": {"executed_lines": [], "summary": {"covered_lines": 0, "num_statements": 3, "percent_covered": 0.0, "percent_covered_display": "0.00", "missing_lines": 3, "excluded_lines": 0}, "missing_lines": [32, 33, 34], "excluded_lines": []}, "MistralChatUseCase.handle_chat_message": {"executed_lines": [], "summary": {"covered_lines": 0, "num_statements": 5, "percent_covered": 0.0, "percent_covered_display": "0.00", "missing_lines": 5, "excluded_lines": 0}, "missing_lines": [49, 50, 52, 54, 56], "excluded_lines": []}, "MistralChatUseCase.get_conversation_history": {"executed_lines": [], "summary": {"covered_lines": 0, "num_statements": 1, "percent_covered": 0.0, "percent_covered_display": "0.00", "missing_lines": 1, "excluded_lines": 0}, "missing_lines": [68], "excluded_lines": []}, "": {"executed_lines": [], "summary": {"covered_lines": 0, "num_statements": 10, "percent_covered": 0.0, "percent_covered_display": "0.00", "missing_lines": 10, "excluded_lines": 0}, "missing_lines": [6, 7, 9, 10, 11, 13, 16, 19, 36, 58], "excluded_lines": []}}, "classes": {"MistralChatUseCase": {"executed_lines": [], "summary": {"covered_lines": 0, "num_statements": 9, "percent_covered": 0.0, "percent_covered_display": "0.00", "missing_lines": 9, "excluded_lines": 0}, "missing_lines": [32, 33, 34, 49, 50, 52, 54, 56, 68], "excluded_lines": []}, "": {"executed_lines": [], "summary": {"covered_lines": 0, "num_statements": 10, "percent_covered": 0.0, "percent_covered_display": "0.00", "missing_lines": 10, "excluded_lines": 0}, "missing_lines": [6, 7, 9, 10, 11, 13, 16, 19, 36, 58], "excluded_lines": []}}}, "src/application/use_cases/process_long_summarization_task.py": {"executed_lines": [], "summary": {"covered_lines": 0, "num_statements": 80, "percent_covered": 0.0, "percent_covered_display": "0.00", "missing_lines": 80, "excluded_lines": 0}, "missing_lines": [3, 5, 6, 8, 9, 10, 11, 12, 13, 14, 18, 19, 21, 24, 39, 54, 55, 56, 57, 59, 76, 82, 83, 84, 86, 88, 89, 90, 92, 95, 96, 98, 100, 103, 106, 107, 110, 112, 113, 117, 118, 123, 124, 127, 128, 129, 130, 131, 132, 135, 136, 137, 138, 140, 150, 151, 155, 157, 160, 163, 164, 166, 168, 170, 171, 178, 179, 181, 188, 191, 192, 194, 196, 197, 198, 199, 204, 207, 208, 210], "excluded_lines": [], "functions": {"ProcessLongSummarizationTaskUseCase.__init__": {"executed_lines": [], "summary": {"covered_lines": 0, "num_statements": 4, "percent_covered": 0.0, "percent_covered_display": "0.00", "missing_lines": 4, "excluded_lines": 0}, "missing_lines": [54, 55, 56, 57], "excluded_lines": []}, "ProcessLongSummarizationTaskUseCase.execute": {"executed_lines": [], "summary": {"covered_lines": 0, "num_statements": 60, "percent_covered": 0.0, "percent_covered_display": "0.00", "missing_lines": 60, "excluded_lines": 0}, "missing_lines": [76, 82, 83, 84, 86, 88, 89, 90, 92, 95, 96, 98, 100, 103, 106, 107, 110, 112, 113, 117, 118, 123, 124, 127, 128, 129, 130, 131, 132, 135, 136, 137, 138, 140, 150, 151, 155, 157, 160, 163, 164, 166, 168, 170, 171, 178, 179, 181, 188, 191, 192, 194, 196, 197, 198, 199, 204, 207, 208, 210], "excluded_lines": []}, "": {"executed_lines": [], "summary": {"covered_lines": 0, "num_statements": 16, "percent_covered": 0.0, "percent_covered_display": "0.00", "missing_lines": 16, "excluded_lines": 0}, "missing_lines": [3, 5, 6, 8, 9, 10, 11, 12, 13, 14, 18, 19, 21, 24, 39, 59], "excluded_lines": []}}, "classes": {"ProcessLongSummarizationTaskUseCase": {"executed_lines": [], "summary": {"covered_lines": 0, "num_statements": 64, "percent_covered": 0.0, "percent_covered_display": "0.00", "missing_lines": 64, "excluded_lines": 0}, "missing_lines": [54, 55, 56, 57, 76, 82, 83, 84, 86, 88, 89, 90, 92, 95, 96, 98, 100, 103, 106, 107, 110, 112, 113, 117, 118, 123, 124, 127, 128, 129, 130, 131, 132, 135, 136, 137, 138, 140, 150, 151, 155, 157, 160, 163, 164, 166, 168, 170, 171, 178, 179, 181, 188, 191, 192, 194, 196, 197, 198, 199, 204, 207, 208, 210], "excluded_lines": []}, "": {"executed_lines": [], "summary": {"covered_lines": 0, "num_statements": 16, "percent_covered": 0.0, "percent_covered_display": "0.00", "missing_lines": 16, "excluded_lines": 0}, "missing_lines": [3, 5, 6, 8, 9, 10, 11, 12, 13, 14, 18, 19, 21, 24, 39, 59], "excluded_lines": []}}}, "src/application/use_cases/request_channel_digest_async.py": {"executed_lines": [], "summary": {"covered_lines": 0, "num_statements": 43, "percent_covered": 0.0, "percent_covered_display": "0.00", "missing_lines": 43, "excluded_lines": 0}, "missing_lines": [3, 5, 6, 7, 9, 10, 11, 12, 13, 14, 15, 16, 18, 21, 34, 45, 46, 48, 80, 81, 82, 83, 85, 91, 92, 93, 94, 95, 96, 99, 102, 111, 121, 122, 123, 125, 128, 131, 134, 135, 140, 145, 147], "excluded_lines": [], "functions": {"RequestChannelDigestAsyncUseCase.__init__": {"executed_lines": [], "summary": {"covered_lines": 0, "num_statements": 2, "percent_covered": 0.0, "percent_covered_display": "0.00", "missing_lines": 2, "excluded_lines": 0}, "missing_lines": [45, 46], "excluded_lines": []}, "RequestChannelDigestAsyncUseCase.execute": {"executed_lines": [], "summary": {"covered_lines": 0, "num_statements": 25, "percent_covered": 0.0, "percent_covered_display": "0.00", "missing_lines": 25, "excluded_lines": 0}, "missing_lines": [80, 81, 82, 83, 85, 91, 92, 93, 94, 95, 96, 99, 102, 111, 121, 122, 123, 125, 128, 131, 134, 135, 140, 145, 147], "excluded_lines": []}, "": {"executed_lines": [], "summary": {"covered_lines": 0, "num_statements": 16, "percent_covered": 0.0, "percent_covered_display": "0.00", "missing_lines": 16, "excluded_lines": 0}, "missing_lines": [3, 5, 6, 7, 9, 10, 11, 12, 13, 14, 15, 16, 18, 21, 34, 48], "excluded_lines": []}}, "classes": {"RequestChannelDigestAsyncUseCase": {"executed_lines": [], "summary": {"covered_lines": 0, "num_statements": 27, "percent_covered": 0.0, "percent_covered_display": "0.00", "missing_lines": 27, "excluded_lines": 0}, "missing_lines": [45, 46, 80, 81, 82, 83, 85, 91, 92, 93, 94, 95, 96, 99, 102, 111, 121, 122, 123, 125, 128, 131, 134, 135, 140, 145, 147], "excluded_lines": []}, "": {"executed_lines": [], "summary": {"covered_lines": 0, "num_statements": 16, "percent_covered": 0.0, "percent_covered_display": "0.00", "missing_lines": 16, "excluded_lines": 0}, "missing_lines": [3, 5, 6, 7, 9, 10, 11, 12, 13, 14, 15, 16, 18, 21, 34, 48], "excluded_lines": []}}}, "src/application/use_cases/resolve_channel_name.py": {"executed_lines": [1, 6, 8, 9, 10, 11, 12, 14, 17, 18, 30, 44, 185], "summary": {"covered_lines": 11, "num_statements": 78, "percent_covered": 14.102564102564102, "percent_covered_display": "14.10", "missing_lines": 67, "excluded_lines": 0}, "missing_lines": [41, 42, 70, 77, 78, 79, 81, 82, 84, 85, 86, 97, 101, 102, 103, 104, 107, 108, 109, 114, 117, 119, 120, 121, 122, 123, 124, 129, 130, 131, 145, 146, 148, 150, 151, 152, 154, 155, 159, 166, 168, 169, 170, 172, 175, 176, 180, 181, 183, 197, 199, 202, 203, 204, 205, 206, 207, 209, 210, 211, 216, 227, 235, 236, 245, 246, 250], "excluded_lines": [], "functions": {"ResolveChannelNameUseCase.__init__": {"executed_lines": [], "summary": {"covered_lines": 0, "num_statements": 2, "percent_covered": 0.0, "percent_covered_display": "0.00", "missing_lines": 2, "excluded_lines": 0}, "missing_lines": [41, 42], "excluded_lines": []}, "ResolveChannelNameUseCase.execute": {"executed_lines": [], "summary": {"covered_lines": 0, "num_statements": 47, "percent_covered": 0.0, "percent_covered_display": "0.00", "missing_lines": 47, "excluded_lines": 0}, "missing_lines": [70, 77, 78, 79, 81, 82, 84, 85, 86, 97, 101, 102, 103, 104, 107, 108, 109, 114, 117, 119, 120, 121, 122, 123, 124, 129, 130, 131, 145, 146, 148, 150, 151, 152, 154, 155, 159, 166, 168, 169, 170, 172, 175, 176, 180, 181, 183], "excluded_lines": []}, "ResolveChannelNameUseCase._search_in_telegram": {"executed_lines": [], "summary": {"covered_lines": 0, "num_statements": 18, "percent_covered": 0.0, "percent_covered_display": "0.00", "missing_lines": 18, "excluded_lines": 0}, "missing_lines": [197, 199, 202, 203, 204, 205, 206, 207, 209, 210, 211, 216, 227, 235, 236, 245, 246, 250], "excluded_lines": []}, "": {"executed_lines": [1, 6, 8, 9, 10, 11, 12, 14, 17, 18, 30, 44, 185], "summary": {"covered_lines": 11, "num_statements": 11, "percent_covered": 100.0, "percent_covered_display": "100.00", "missing_lines": 0, "excluded_lines": 0}, "missing_lines": [], "excluded_lines": []}}, "classes": {"ResolveChannelNameUseCase": {"executed_lines": [], "summary": {"covered_lines": 0, "num_statements": 67, "percent_covered": 0.0, "percent_covered_display": "0.00", "missing_lines": 67, "excluded_lines": 0}, "missing_lines": [41, 42, 70, 77, 78, 79, 81, 82, 84, 85, 86, 97, 101, 102, 103, 104, 107, 108, 109, 114, 117, 119, 120, 121, 122, 123, 124, 129, 130, 131, 145, 146, 148, 150, 151, 152, 154, 155, 159, 166, 168, 169, 170, 172, 175, 176, 180, 181, 183, 197, 199, 202, 203, 204, 205, 206, 207, 209, 210, 211, 216, 227, 235, 236, 245, 246, 250], "excluded_lines": []}, "": {"executed_lines": [1, 6, 8, 9, 10, 11, 12, 14, 17, 18, 30, 44, 185], "summary": {"covered_lines": 11, "num_statements": 11, "percent_covered": 100.0, "percent_covered_display": "100.00", "missing_lines": 0, "excluded_lines": 0}, "missing_lines": [], "excluded_lines": []}}}, "src/application/use_cases/review_code.py": {"executed_lines": [1, 3, 5, 6, 7, 8, 9, 10, 13, 14, 16, 30, 31, 32, 34, 51, 52, 61, 63, 64, 65, 67, 68, 70, 71, 77, 78, 80, 91, 92, 95, 99, 101, 112, 113, 118, 125, 127], "summary": {"covered_lines": 36, "num_statements": 40, "percent_covered": 90.0, "percent_covered_display": "90.00", "missing_lines": 4, "excluded_lines": 0}, "missing_lines": [73, 74, 75, 93], "excluded_lines": [], "functions": {"ReviewCodeUseCase.__init__": {"executed_lines": [30, 31, 32], "summary": {"covered_lines": 3, "num_statements": 3, "percent_covered": 100.0, "percent_covered_display": "100.00", "missing_lines": 0, "excluded_lines": 0}, "missing_lines": [], "excluded_lines": []}, "ReviewCodeUseCase.execute": {"executed_lines": [51, 52, 61, 63, 64, 65, 67, 68, 70, 71, 77, 78], "summary": {"covered_lines": 12, "num_statements": 15, "percent_covered": 80.0, "percent_covered_display": "80.00", "missing_lines": 3, "excluded_lines": 0}, "missing_lines": [73, 74, 75], "excluded_lines": []}, "ReviewCodeUseCase._generate_review": {"executed_lines": [91, 92, 95, 99], "summary": {"covered_lines": 4, "num_statements": 5, "percent_covered": 80.0, "percent_covered_display": "80.00", "missing_lines": 1, "excluded_lines": 0}, "missing_lines": [93], "excluded_lines": []}, "ReviewCodeUseCase._analyze_tokens": {"executed_lines": [112, 113], "summary": {"covered_lines": 2, "num_statements": 2, "percent_covered": 100.0, "percent_covered_display": "100.00", "missing_lines": 0, "excluded_lines": 0}, "missing_lines": [], "excluded_lines": []}, "ReviewCodeUseCase._generate_id": {"executed_lines": [125, 127], "summary": {"covered_lines": 2, "num_statements": 2, "percent_covered": 100.0, "percent_covered_display": "100.00", "missing_lines": 0, "excluded_lines": 0}, "missing_lines": [], "excluded_lines": []}, "": {"executed_lines": [1, 3, 5, 6, 7, 8, 9, 10, 13, 14, 16, 34, 80, 101, 118], "summary": {"covered_lines": 13, "num_statements": 13, "percent_covered": 100.0, "percent_covered_display": "100.00", "missing_lines": 0, "excluded_lines": 0}, "missing_lines": [], "excluded_lines": []}}, "classes": {"ReviewCodeUseCase": {"executed_lines": [30, 31, 32, 51, 52, 61, 63, 64, 65, 67, 68, 70, 71, 77, 78, 91, 92, 95, 99, 112, 113, 125, 127], "summary": {"covered_lines": 23, "num_statements": 27, "percent_covered": 85.18518518518519, "percent_covered_display": "85.19", "missing_lines": 4, "excluded_lines": 0}, "missing_lines": [73, 74, 75, 93], "excluded_lines": []}, "": {"executed_lines": [1, 3, 5, 6, 7, 8, 9, 10, 13, 14, 16, 34, 80, 101, 118], "summary": {"covered_lines": 13, "num_statements": 13, "percent_covered": 100.0, "percent_covered_display": "100.00", "missing_lines": 0, "excluded_lines": 0}, "missing_lines": [], "excluded_lines": []}}}, "src/application/use_cases/review_submission_use_case.py": {"executed_lines": [], "summary": {"covered_lines": 0, "num_statements": 307, "percent_covered": 0.0, "percent_covered_display": "0.00", "missing_lines": 307, "excluded_lines": 0}, "missing_lines": [3, 5, 6, 7, 8, 9, 10, 13, 14, 15, 16, 19, 20, 21, 23, 24, 25, 26, 28, 29, 30, 31, 32, 33, 34, 36, 37, 38, 40, 42, 43, 44, 49, 51, 52, 57, 58, 59, 60, 61, 62, 63, 64, 65, 66, 67, 68, 69, 70, 73, 75, 78, 79, 82, 83, 84, 85, 86, 87, 88, 89, 91, 92, 94, 97, 115, 148, 149, 150, 151, 152, 153, 154, 155, 156, 157, 158, 159, 166, 168, 169, 173, 174, 183, 188, 190, 192, 193, 194, 201, 202, 203, 204, 205, 206, 207, 208, 209, 210, 211, 213, 215, 216, 217, 218, 219, 220, 221, 222, 223, 224, 235, 237, 238, 241, 242, 248, 250, 252, 259, 263, 264, 265, 266, 267, 268, 271, 272, 273, 276, 277, 278, 279, 280, 281, 285, 286, 288, 290, 291, 292, 293, 297, 298, 309, 310, 311, 312, 318, 320, 322, 324, 325, 327, 329, 330, 331, 332, 333, 340, 348, 349, 351, 358, 359, 369, 371, 372, 378, 380, 381, 383, 385, 386, 387, 389, 403, 404, 405, 406, 410, 411, 412, 413, 414, 416, 417, 418, 419, 420, 421, 423, 425, 440, 443, 444, 445, 451, 452, 454, 455, 456, 457, 458, 459, 460, 461, 463, 465, 466, 468, 469, 475, 479, 480, 488, 489, 492, 495, 496, 497, 498, 499, 511, 518, 558, 559, 567, 569, 577, 578, 586, 588, 589, 590, 591, 592, 593, 594, 602, 604, 637, 638, 646, 647, 648, 650, 651, 657, 658, 664, 665, 666, 668, 669, 670, 671, 673, 681, 683, 700, 701, 702, 703, 705, 706, 708, 709, 710, 712, 717, 718, 720, 722, 748, 749, 750, 751, 752, 753, 754, 756, 782, 783, 784, 786, 794, 795, 797, 798, 799, 800, 801, 803, 844, 845, 849, 850, 852, 853, 863, 864, 866, 867, 868, 870, 871], "excluded_lines": [], "functions": {"UnifiedModelClient.__init__": {"executed_lines": [], "summary": {"covered_lines": 0, "num_statements": 1, "percent_covered": 0.0, "percent_covered_display": "0.00", "missing_lines": 1, "excluded_lines": 0}, "missing_lines": [44], "excluded_lines": []}, "_ReviewTaskContext.repo_name": {"executed_lines": [], "summary": {"covered_lines": 0, "num_statements": 1, "percent_covered": 0.0, "percent_covered_display": "0.00", "missing_lines": 1, "excluded_lines": 0}, "missing_lines": [94], "excluded_lines": []}, "ReviewSubmissionUseCase.__init__": {"executed_lines": [], "summary": {"covered_lines": 0, "num_statements": 19, "percent_covered": 0.0, "percent_covered_display": "0.00", "missing_lines": 19, "excluded_lines": 0}, "missing_lines": [148, 149, 150, 151, 152, 153, 154, 155, 156, 157, 158, 159, 166, 168, 169, 173, 174, 183, 188], "excluded_lines": []}, "ReviewSubmissionUseCase.execute": {"executed_lines": [], "summary": {"covered_lines": 0, "num_statements": 14, "percent_covered": 0.0, "percent_covered_display": "0.00", "missing_lines": 14, "excluded_lines": 0}, "missing_lines": [192, 193, 194, 201, 202, 203, 204, 205, 206, 207, 208, 209, 210, 211], "excluded_lines": []}, "ReviewSubmissionUseCase._extract_task_context": {"executed_lines": [], "summary": {"covered_lines": 0, "num_statements": 10, "percent_covered": 0.0, "percent_covered_display": "0.00", "missing_lines": 10, "excluded_lines": 0}, "missing_lines": [215, 216, 217, 218, 219, 220, 221, 222, 223, 224], "excluded_lines": []}, "ReviewSubmissionUseCase._enforce_rate_limits": {"executed_lines": [], "summary": {"covered_lines": 0, "num_statements": 5, "percent_covered": 0.0, "percent_covered_display": "0.00", "missing_lines": 5, "excluded_lines": 0}, "missing_lines": [237, 238, 241, 242, 248], "excluded_lines": []}, "ReviewSubmissionUseCase._run_review": {"executed_lines": [], "summary": {"covered_lines": 0, "num_statements": 1, "percent_covered": 0.0, "percent_covered_display": "0.00", "missing_lines": 1, "excluded_lines": 0}, "missing_lines": [252], "excluded_lines": []}, "ReviewSubmissionUseCase._append_log_analysis": {"executed_lines": [], "summary": {"covered_lines": 0, "num_statements": 17, "percent_covered": 0.0, "percent_covered_display": "0.00", "missing_lines": 17, "excluded_lines": 0}, "missing_lines": [263, 264, 265, 266, 267, 268, 271, 272, 273, 276, 277, 278, 279, 280, 281, 285, 286], "excluded_lines": []}, "ReviewSubmissionUseCase._attach_haiku": {"executed_lines": [], "summary": {"covered_lines": 0, "num_statements": 10, "percent_covered": 0.0, "percent_covered_display": "0.00", "missing_lines": 10, "excluded_lines": 0}, "missing_lines": [290, 291, 292, 293, 297, 298, 309, 310, 311, 312], "excluded_lines": []}, "ReviewSubmissionUseCase._set_log_analysis_status": {"executed_lines": [], "summary": {"covered_lines": 0, "num_statements": 1, "percent_covered": 0.0, "percent_covered_display": "0.00", "missing_lines": 1, "excluded_lines": 0}, "missing_lines": [320], "excluded_lines": []}, "ReviewSubmissionUseCase._handle_log_analysis_error": {"executed_lines": [], "summary": {"covered_lines": 0, "num_statements": 2, "percent_covered": 0.0, "percent_covered_display": "0.00", "missing_lines": 2, "excluded_lines": 0}, "missing_lines": [324, 325], "excluded_lines": []}, "ReviewSubmissionUseCase._persist_report": {"executed_lines": [], "summary": {"covered_lines": 0, "num_statements": 8, "percent_covered": 0.0, "percent_covered_display": "0.00", "missing_lines": 8, "excluded_lines": 0}, "missing_lines": [329, 330, 331, 332, 333, 340, 348, 349], "excluded_lines": []}, "ReviewSubmissionUseCase._publish_review_report": {"executed_lines": [], "summary": {"covered_lines": 0, "num_statements": 2, "percent_covered": 0.0, "percent_covered_display": "0.00", "missing_lines": 2, "excluded_lines": 0}, "missing_lines": [358, 359], "excluded_lines": []}, "ReviewSubmissionUseCase._mark_task_complete": {"executed_lines": [], "summary": {"covered_lines": 0, "num_statements": 2, "percent_covered": 0.0, "percent_covered_display": "0.00", "missing_lines": 2, "excluded_lines": 0}, "missing_lines": [371, 372], "excluded_lines": []}, "ReviewSubmissionUseCase._mark_task_failed": {"executed_lines": [], "summary": {"covered_lines": 0, "num_statements": 2, "percent_covered": 0.0, "percent_covered_display": "0.00", "missing_lines": 2, "excluded_lines": 0}, "missing_lines": [380, 381], "excluded_lines": []}, "ReviewSubmissionUseCase._top_issue_titles": {"executed_lines": [], "summary": {"covered_lines": 0, "num_statements": 3, "percent_covered": 0.0, "percent_covered_display": "0.00", "missing_lines": 3, "excluded_lines": 0}, "missing_lines": [385, 386, 387], "excluded_lines": []}, "ReviewSubmissionUseCase._extract_overall_score": {"executed_lines": [], "summary": {"covered_lines"
[...]
 12, 13, 14, 15, 16, 17, 18, 21, 24, 25, 27, 29, 32, 70, 71], "summary": {"covered_lines": 19, "num_statements": 89, "percent_covered": 21.348314606741575, "percent_covered_display": "21.35", "missing_lines": 70, "excluded_lines": 0}, "missing_lines": [41, 42, 44, 45, 47, 50, 52, 55, 57, 60, 64, 65, 67, 92, 94, 95, 97, 98, 100, 101, 102, 104, 105, 106, 107, 109, 110, 120, 125, 134, 135, 140, 142, 143, 144, 150, 151, 157, 158, 160, 169, 170, 172, 182, 189, 190, 200, 201, 206, 207, 209, 210, 211, 227, 228, 229, 250, 267, 268, 269, 274, 275, 276, 277, 278, 281, 282, 283, 286, 287], "excluded_lines": [], "functions": {"detect_assignment_type": {"executed_lines": [], "summary": {"covered_lines": 0, "num_statements": 13, "percent_covered": 0.0, "percent_covered_display": "0.00", "missing_lines": 13, "excluded_lines": 0}, "missing_lines": [41, 42, 44, 45, 47, 50, 52, 55, 57, 60, 64, 65, 67], "excluded_lines": []}, "review_homework_archive": {"executed_lines": [], "summary": {"covered_lines": 0, "num_statements": 57, "percent_covered": 0.0, "percent_covered_display": "0.00", "missing_lines": 57, "excluded_lines": 0}, "missing_lines": [92, 94, 95, 97, 98, 100, 101, 102, 104, 105, 106, 107, 109, 110, 120, 125, 134, 135, 140, 142, 143, 144, 150, 151, 157, 158, 160, 169, 170, 172, 182, 189, 190, 200, 201, 206, 207, 209, 210, 211, 227, 228, 229, 250, 267, 268, 269, 274, 275, 276, 277, 278, 281, 282, 283, 286, 287], "excluded_lines": []}, "": {"executed_lines": [1, 6, 7, 8, 10, 12, 13, 14, 15, 16, 17, 18, 21, 24, 25, 27, 29, 32, 70, 71], "summary": {"covered_lines": 19, "num_statements": 19, "percent_covered": 100.0, "percent_covered_display": "100.00", "missing_lines": 0, "excluded_lines": 0}, "missing_lines": [], "excluded_lines": []}}, "classes": {"": {"executed_lines": [1, 6, 7, 8, 10, 12, 13, 14, 15, 16, 17, 18, 21, 24, 25, 27, 29, 32, 70, 71], "summary": {"covered_lines": 19, "num_statements": 89, "percent_covered": 21.348314606741575, "percent_covered_display": "21.35", "missing_lines": 70, "excluded_lines": 0}, "missing_lines": [41, 42, 44, 45, 47, 50, 52, 55, 57, 60, 64, 65, 67, 92, 94, 95, 97, 98, 100, 101, 102, 104, 105, 106, 107, 109, 110, 120, 125, 134, 135, 140, 142, 143, 144, 150, 151, 157, 158, 160, 169, 170, 172, 182, 189, 190, 200, 201, 206, 207, 209, 210, 211, 227, 228, 229, 250, 267, 268, 269, 274, 275, 276, 277, 278, 281, 282, 283, 286, 287], "excluded_lines": []}}}, "src/presentation/mcp/tools/nlp_tools.py": {"executed_lines": [1, 3, 5, 6, 7, 9, 10, 12, 15, 46, 61, 90, 107, 143, 175, 206, 207, 344, 345], "summary": {"covered_lines": 18, "num_statements": 97, "percent_covered": 18.556701030927837, "percent_covered_display": "18.56", "missing_lines": 79, "excluded_lines": 0}, "missing_lines": [118, 119, 122, 123, 126, 127, 130, 131, 133, 134, 137, 138, 140, 152, 153, 156, 157, 158, 160, 161, 162, 165, 166, 167, 168, 169, 170, 172, 184, 185, 188, 189, 190, 191, 192, 193, 196, 197, 198, 199, 200, 201, 203, 257, 258, 261, 262, 265, 266, 267, 268, 269, 270, 274, 277, 287, 288, 305, 306, 307, 308, 309, 311, 312, 313, 314, 317, 326, 328, 329, 330, 334, 357, 359, 360, 361, 362, 363, 365], "excluded_lines": [], "functions": {"_fuzzy_match": {"executed_lines": [], "summary": {"covered_lines": 0, "num_statements": 13, "percent_covered": 0.0, "percent_covered_display": "0.00", "missing_lines": 13, "excluded_lines": 0}, "missing_lines": [118, 119, 122, 123, 126, 127, 130, 131, 133, 134, 137, 138, 140], "excluded_lines": []}, "_contains_digest_keyword": {"executed_lines": [], "summary": {"covered_lines": 0, "num_statements": 15, "percent_covered": 0.0, "percent_covered_display": "0.00", "missing_lines": 15, "excluded_lines": 0}, "missing_lines": [152, 153, 156, 157, 158, 160, 161, 162, 165, 166, 167, 168, 169, 170, 172], "excluded_lines": []}, "_contains_action_keyword": {"executed_lines": [], "summary": {"covered_lines": 0, "num_statements": 15, "percent_covered": 0.0, "percent_covered_display": "0.00", "missing_lines": 15, "excluded_lines": 0}, "missing_lines": [184, 185, 188, 189, 190, 191, 192, 193, 196, 197, 198, 199, 200, 201, 203], "excluded_lines": []}, "parse_digest_intent": {"executed_lines": [], "summary": {"covered_lines": 0, "num_statements": 29, "percent_covered": 0.0, "percent_covered_display": "0.00", "missing_lines": 29, "excluded_lines": 0}, "missing_lines": [257, 258, 261, 262, 265, 266, 267, 268, 269, 270, 274, 277, 287, 288, 305, 306, 307, 308, 309, 311, 312, 313, 314, 317, 326, 328, 329, 330, 334], "excluded_lines": []}, "parse_task_intent": {"executed_lines": [], "summary": {"covered_lines": 0, "num_statements": 7, "percent_covered": 0.0, "percent_covered_display": "0.00", "missing_lines": 7, "excluded_lines": 0}, "missing_lines": [357, 359, 360, 361, 362, 363, 365], "excluded_lines": []}, "": {"executed_lines": [1, 3, 5, 6, 7, 9, 10, 12, 15, 46, 61, 90, 107, 143, 175, 206, 207, 344, 345], "summary": {"covered_lines": 18, "num_statements": 18, "percent_covered": 100.0, "percent_covered_display": "100.00", "missing_lines": 0, "excluded_lines": 0}, "missing_lines": [], "excluded_lines": []}}, "classes": {"": {"executed_lines": [1, 3, 5, 6, 7, 9, 10, 12, 15, 46, 61, 90, 107, 143, 175, 206, 207, 344, 345], "summary": {"covered_lines": 18, "num_statements": 97, "percent_covered": 18.556701030927837, "percent_covered_display": "18.56", "missing_lines": 79, "excluded_lines": 0}, "missing_lines": [118, 119, 122, 123, 126, 127, 130, 131, 133, 134, 137, 138, 140, 152, 153, 156, 157, 158, 160, 161, 162, 165, 166, 167, 168, 169, 170, 172, 184, 185, 188, 189, 190, 191, 192, 193, 196, 197, 198, 199, 200, 201, 203, 257, 258, 261, 262, 265, 266, 267, 268, 269, 270, 274, 277, 287, 288, 305, 306, 307, 308, 309, 311, 312, 313, 314, 317, 326, 328, 329, 330, 334, 357, 359, 360, 361, 362, 363, 365], "excluded_lines": []}}}, "src/presentation/mcp/tools/pdf_digest_tools.py": {"executed_lines": [1, 3, 5, 6, 7, 8, 10, 11, 15, 16, 22, 23, 25, 28, 33, 34, 97, 98, 172, 209, 210, 241, 267, 268, 297, 340, 378, 379], "summary": {"covered_lines": 27, "num_statements": 121, "percent_covered": 22.31404958677686, "percent_covered_display": "22.31", "missing_lines": 94, "excluded_lines": 0}, "missing_lines": [30, 48, 49, 50, 52, 54, 59, 60, 61, 62, 63, 64, 65, 68, 69, 75, 76, 78, 79, 80, 82, 87, 88, 94, 117, 118, 121, 123, 124, 130, 132, 137, 143, 144, 148, 153, 154, 162, 163, 184, 185, 186, 188, 189, 190, 191, 192, 194, 195, 196, 197, 199, 200, 201, 202, 203, 204, 206, 227, 228, 229, 233, 234, 235, 250, 264, 285, 286, 288, 289, 291, 303, 353, 354, 357, 360, 374, 375, 400, 401, 402, 403, 406, 409, 412, 413, 414, 415, 417, 422, 423, 424, 425, 428], "excluded_lines": [], "functions": {"_db": {"executed_lines": [], "summary": {"covered_lines": 0, "num_statements": 1, "percent_covered": 0.0, "percent_covered_display": "0.00", "missing_lines": 1, "excluded_lines": 0}, "missing_lines": [30], "excluded_lines": []}, "get_posts_from_db": {"executed_lines": [], "summary": {"covered_lines": 0, "num_statements": 23, "percent_covered": 0.0, "percent_covered_display": "0.00", "missing_lines": 23, "excluded_lines": 0}, "missing_lines": [48, 49, 50, 52, 54, 59, 60, 61, 62, 63, 64, 65, 68, 69, 75, 76, 78, 79, 80, 82, 87, 88, 94], "excluded_lines": []}, "summarize_posts": {"executed_lines": [], "summary": {"covered_lines": 0, "num_statements": 15, "percent_covered": 0.0, "percent_covered_display": "0.00", "missing_lines": 15, "excluded_lines": 0}, "missing_lines": [117, 118, 121, 123, 124, 130, 132, 137, 143, 144, 148, 153, 154, 162, 163], "excluded_lines": []}, "_render_markdown_template": {"executed_lines": [], "summary": {"covered_lines": 0, "num_statements": 19, "percent_covered": 0.0, "percent_covered_display": "0.00", "missing_lines": 19, "excluded_lines": 0}, "missing_lines": [184, 185, 186, 188, 189, 190, 191, 192, 194, 195, 196, 197, 199, 200, 201, 202, 203, 204, 206], "excluded_lines": []}, "format_digest_markdown": {"executed_lines": [], "summary": {"covered_lines": 0, "num_statements": 6, "percent_covered": 0.0, "percent_covered_display": "0.00", "missing_lines": 6, "excluded_lines": 0}, "missing_lines": [227, 228, 229, 233, 234, 235], "excluded_lines": []}, "_load_template": {"executed_lines": [], "summary": {"covered_lines": 0, "num_statements": 2, "percent_covered": 0.0, "percent_covered_display": "0.00", "missing_lines": 2, "excluded_lines": 0}, "missing_lines": [250, 264], "excluded_lines": []}, "combine_markdown_sections": {"executed_lines": [], "summary": {"covered_lines": 0, "num_statements": 5, "percent_covered": 0.0, "percent_covered_display": "0.00", "missing_lines": 5, "excluded_lines": 0}, "missing_lines": [285, 286, 288, 289, 291], "excluded_lines": []}, "_generate_css": {"executed_lines": [], "summary": {"covered_lines": 0, "num_statements": 1, "percent_covered": 0.0, "percent_covered_display": "0.00", "missing_lines": 1, "excluded_lines": 0}, "missing_lines": [303], "excluded_lines": []}, "_convert_to_pdf": {"executed_lines": [], "summary": {"covered_lines": 0, "num_statements": 6, "percent_covered": 0.0, "percent_covered_display": "0.00", "missing_lines": 6, "excluded_lines": 0}, "missing_lines": [353, 354, 357, 360, 374, 375], "excluded_lines": []}, "convert_markdown_to_pdf": {"executed_lines": [], "summary": {"covered_lines": 0, "num_statements": 16, "percent_covered": 0.0, "percent_covered_display": "0.00", "missing_lines": 16, "excluded_lines": 0}, "missing_lines": [400, 401, 402, 403, 406, 409, 412, 413, 414, 415, 417, 422, 423, 424, 425, 428], "excluded_lines": []}, "": {"executed_lines": [1, 3, 5, 6, 7, 8, 10, 11, 15, 16, 22, 23, 25, 28, 33, 34, 97, 98, 172, 209, 210, 241, 267, 268, 297, 340, 378, 379], "summary": {"covered_lines": 27, "num_statements": 27, "percent_covered": 100.0, "percent_covered_display": "100.00", "missing_lines": 0, "excluded_lines": 0}, "missing_lines": [], "excluded_lines": []}}, "classes": {"": {"executed_lines": [1, 3, 5, 6, 7, 8, 10, 11, 15, 16, 22, 23, 25, 28, 33, 34, 97, 98, 172, 209, 210, 241, 267, 268, 297, 340, 378, 379], "summary": {"covered_lines": 27, "num_statements": 121, "percent_covered": 22.31404958677686, "percent_covered_display": "22.31", "missing_lines": 94, "excluded_lines": 0}, "missing_lines": [30, 48, 49, 50, 52, 54, 59, 60, 61, 62, 63, 64, 65, 68, 69, 75, 76, 78, 79, 80, 82, 87, 88, 94, 117, 118, 121, 123, 124, 130, 132, 137, 143, 144, 148, 153, 154, 162, 163, 184, 185, 186, 188, 189, 190, 191, 192, 194, 195, 196, 197, 199, 200, 201, 202, 203, 204, 206, 227, 228, 229, 233, 234, 235, 250, 264, 285, 286, 288, 289, 291, 303, 353, 354, 357, 360, 374, 375, 400, 401, 402, 403, 406, 409, 412, 413, 414, 415, 417, 422, 423, 424, 425, 428], "excluded_lines": []}}}, "src/presentation/mcp/tools/reminder_tools.py": {"executed_lines": [1, 2, 4, 5, 7, 8, 9, 10, 11, 12, 14, 16, 17, 20, 25, 26, 119, 120, 180, 181, 242, 243, 275, 276], "summary": {"covered_lines": 23, "num_statements": 144, "percent_covered": 15.972222222222221, "percent_covered_display": "15.97", "missing_lines": 121, "excluded_lines": 0}, "missing_lines": [21, 22, 51, 52, 53, 55, 56, 59, 61, 62, 66, 68, 69, 73, 75, 76, 80, 82, 83, 84, 85, 88, 90, 91, 93, 94, 102, 103, 106, 111, 112, 116, 136, 137, 138, 146, 147, 151, 153, 154, 155, 157, 158, 159, 160, 161, 165, 166, 167, 171, 192, 193, 194, 196, 197, 198, 201, 209, 210, 211, 215, 217, 218, 219, 220, 221, 226, 229, 234, 235, 239, 253, 254, 255, 257, 258, 259, 260, 261, 263, 266, 267, 268, 272, 291, 292, 293, 297, 298, 302, 303, 304, 305, 306, 307, 309, 317, 318, 326, 330, 331, 334, 337, 338, 339, 340, 341, 342, 343, 344, 345, 347, 350, 351, 352, 353, 354, 355, 356, 359, 361], "excluded_lines": [], "functions": {"_repo": {"executed_lines": [], "summary": {"covered_lines": 0, "num_statements": 2, "percent_covered": 0.0, "percent_covered_display": "0.00", "missing_lines": 2, "excluded_lines": 0}, "missing_lines": [21, 22], "excluded_lines": []}, "add_task": {"executed_lines": [], "summary": {"covered_lines": 0, "num_statements": 30, "percent_covered": 0.0, "percent_covered_display": "0.00", "missing_lines": 30, "excluded_lines": 0}, "missing_lines": [51, 52, 53, 55, 56, 59, 61, 62, 66, 68, 69, 73, 75, 76, 80, 82, 83, 84, 85, 88, 90, 91, 93, 94, 102, 103, 106, 111, 112, 116], "excluded_lines": []}, "list_tasks": {"executed_lines": [], "summary": {"covered_lines": 0, "num_statements": 18, "percent_covered": 0.0, "percent_covered_display": "0.00", "missing_lines": 18, "excluded_lines": 0}, "missing_lines": [136, 137, 138, 146, 147, 151, 153, 154, 155, 157, 158, 159, 160, 161, 165, 166, 167, 171], "excluded_lines": []}, "update_task": {"executed_lines": [], "summary": {"covered_lines": 0, "num_statements": 21, "percent_covered": 0.0, "percent_covered_display": "0.00", "missing_lines": 21, "excluded_lines": 0}, "missing_lines": [192, 193, 194, 196, 197, 198, 201, 209, 210, 211, 215, 217, 218, 219, 220, 221, 226, 229, 234, 235, 239], "excluded_lines": []}, "delete_task": {"executed_lines": [], "summary": {"covered_lines": 0, "num_statements": 13, "percent_covered": 0.0, "percent_covered_display": "0.00", "missing_lines": 13, "excluded_lines": 0}, "missing_lines": [253, 254, 255, 257, 258, 259, 260, 261, 263, 266, 267, 268, 272], "excluded_lines": []}, "get_summary": {"executed_lines": [], "summary": {"covered_lines": 0, "num_statements": 37, "percent_covered": 0.0, "percent_covered_display": "0.00", "missing_lines": 37, "excluded_lines": 0}, "missing_lines": [291, 292, 293, 297, 298, 302, 303, 304, 305, 306, 307, 309, 317, 318, 326, 330, 331, 334, 337, 338, 339, 340, 341, 342, 343, 344, 345, 347, 350, 351, 352, 353, 354, 355, 356, 359, 361], "excluded_lines": []}, "": {"executed_lines": [1, 2, 4, 5, 7, 8, 9, 10, 11, 12, 14, 16, 17, 20, 25, 26, 119, 120, 180, 181, 242, 243, 275, 276], "summary": {"covered_lines": 23, "num_statements": 23, "percent_covered": 100.0, "percent_covered_display": "100.00", "missing_lines": 0, "excluded_lines": 0}, "missing_lines": [], "excluded_lines": []}}, "classes": {"": {"executed_lines": [1, 2, 4, 5, 7, 8, 9, 10, 11, 12, 14, 16, 17, 20, 25, 26, 119, 120, 180, 181, 242, 243, 275, 276], "summary": {"covered_lines": 23, "num_statements": 144, "percent_covered": 15.972222222222221, "percent_covered_display": "15.97", "missing_lines": 121, "excluded_lines": 0}, "missing_lines": [21, 22, 51, 52, 53, 55, 56, 59, 61, 62, 66, 68, 69, 73, 75, 76, 80, 82, 83, 84, 85, 88, 90, 91, 93, 94, 102, 103, 106, 111, 112, 116, 136, 137, 138, 146, 147, 151, 153, 154, 155, 157, 158, 159, 160, 161, 165, 166, 167, 171, 192, 193, 194, 196, 197, 198, 201, 209, 210, 211, 215, 217, 218, 219, 220, 221, 226, 229, 234, 235, 239, 253, 254, 255, 257, 258, 259, 260, 261, 263, 266, 267, 268, 272, 291, 292, 293, 297, 298, 302, 303, 304, 305, 306, 307, 309, 317, 318, 326, 330, 331, 334, 337, 338, 339, 340, 341, 342, 343, 344, 345, 347, 350, 351, 352, 353, 354, 355, 356, 359, 361], "excluded_lines": []}}}, "src/presentation/mcp/tools_registry.py": {"executed_lines": [], "summary": {"covered_lines": 0, "num_statements": 64, "percent_covered": 0.0, "percent_covered_display": "0.00", "missing_lines": 64, "excluded_lines": 0}, "missing_lines": [9, 10, 11, 13, 14, 16, 19, 36, 43, 44, 45, 46, 48, 57, 58, 60, 61, 62, 63, 65, 71, 72, 74, 75, 77, 86, 87, 88, 89, 90, 92, 101, 102, 103, 104, 109, 110, 111, 114, 116, 122, 123, 124, 126, 132, 133, 135, 136, 137, 138, 140, 142, 151, 152, 154, 156, 165, 166, 168, 169, 170, 171, 172, 174], "excluded_lines": [], "functions": {"MCPToolsRegistry.__init__": {"executed_lines": [], "summary": {"covered_lines": 0, "num_statements": 4, "percent_covered": 0.0, "percent_covered_display": "0.00", "missing_lines": 4, "excluded_lines": 0}, "missing_lines": [43, 44, 45, 46], "excluded_lines": []}, "MCPToolsRegistry.discover_tools": {"executed_lines": [], "summary": {"covered_lines": 0, "num_statements": 6, "percent_covered": 0.0, "percent_covered_display": "0.00", "missing_lines": 6, "excluded_lines": 0}, "missing_lines": [57, 58, 60, 61, 62, 63], "excluded_lines": []}, "MCPToolsRegistry._is_cache_valid": {"executed_lines": [], "summary": {"covered_lines": 0, "num_statements": 4, "percent_covered": 0.0, "percent_covered_display": "0.00", "missing_lines": 4, "excluded_lines": 0}, "missing_lines": [71, 72, 74, 75], "excluded_lines": []}, "MCPToolsRegistry._fetch_tools": {"executed_lines": [], "summary": {"covered_lines": 0, "num_statements": 5, "percent_covered": 0.0, "percent_covered_display": "0.00", "missing_lines": 5, "excluded_lines": 0}, "missing_lines": [86, 87, 88, 89, 90], "excluded_lines": []}, "MCPToolsRegistry._parse_tool_metadata": {"executed_lines": [], "summary": {"covered_lines": 0, "num_statements": 8, "percent_covered": 0.0, "percent_covered_display": "0.00", "missing_lines": 8, "excluded_lines": 0}, "missing_lines": [101, 102, 103, 104, 109, 110, 111, 114], "excluded_lines": []}, "MCPToolsRegistry._cache_tools": {"executed_lines": [], "summary": {"covered_lines": 0, "num_statements": 3, "percent_covered": 0.0, "percent_covered_display": "0.00", "missing_lines": 3, "excluded_lines": 0}, "missing_lines": [122, 123, 124], "excluded_lines": []}, "MCPToolsRegistry.build_tools_prompt": {"executed_lines": [], "summary": {"covered_lines": 0, "num_statements": 7, "percent_covered": 0.0, "percent_covered_display": "0.00", "missing_lines": 7, "excluded_lines": 0}, "missing_lines": [132, 133, 135, 136, 137, 138, 140], "excluded_lines": []}, "MCPToolsRegistry._format_tool_description": {"executed_lines": [], "summary": {"covered_lines": 0, "num_statements": 3, "percent_covered": 0.0, "percent_covered_display": "0.00", "missing_lines": 3, "excluded_lines": 0}, "missing_lines": [151, 152, 154], "excluded_lines": []}, "MCPToolsRegistry._extract_parameters": {"executed_lines": [], "summary": {"covered_lines": 0, "num_statements": 8, "percent_covered": 0.0, "percent_covered_display": "0.00", "missing_lines": 8, "excluded_lines": 0}, "missing_lines": [165, 166, 168, 169, 170, 171, 172, 174], "excluded_lines": []}, "": {"executed_lines": [], "summary": {"covered_lines": 0, "num_statements": 16, "percent_covered": 0.0, "percent_covered_display": "0.00", "missing_lines": 16, "excluded_lines": 0}, "missing_lines": [9, 10, 11, 13, 14, 16, 19, 36, 48, 65, 77, 92, 116, 126, 142, 156], "excluded_lines": []}}, "classes": {"MCPToolsRegistry": {"executed_lines": [], "summary": {"covered_lines": 0, "num_statements": 48, "percent_covered": 0.0, "percent_covered_display": "0.00", "missing_lines": 48, "excluded_lines": 0}, "missing_lines": [43, 44, 45, 46, 57, 58, 60, 61, 62, 63, 71, 72, 74, 75, 86, 87, 88, 89, 90, 101, 102, 103, 104, 109, 110, 111, 114, 122, 123, 124, 132, 133, 135, 136, 137, 138, 140, 151, 152, 154, 165, 166, 168, 169, 170, 171, 172, 174], "excluded_lines": []}, "": {"executed_lines": [], "summary": {"covered_lines": 0, "num_statements": 16, "percent_covered": 0.0, "percent_covered_display": "0.00", "missing_lines": 16, "excluded_lines": 0}, "missing_lines": [9, 10, 11, 13, 14, 16, 19, 36, 48, 65, 77, 92, 116, 126, 142, 156], "excluded_lines": []}}}, "src/presentation/web/__init__.py": {"executed_lines": [], "summary": {"covered_lines": 0, "num_statements": 0, "percent_covered": 100.0, "percent_covered_display": "100.00", "missing_lines": 0, "excluded_lines": 0}, "missing_lines": [], "excluded_lines": [], "functions": {"": {"executed_lines": [], "summary": {"covered_lines": 0, "num_statements": 0, "percent_covered": 100.0, "percent_covered_display": "100.00", "missing_lines": 0, "excluded_lines": 0}, "missing_lines": [], "excluded_lines": []}}, "classes": {"": {"executed_lines": [], "summary": {"covered_lines": 0, "num_statements": 0, "percent_covered": 100.0, "percent_covered_display": "100.00", "missing_lines": 0, "excluded_lines": 0}, "missing_lines": [], "excluded_lines": []}}}}, "totals": {"covered_lines": 3748, "num_statements": 15650, "percent_covered": 23.94888178913738, "percent_covered_display": "23.95", "missing_lines": 11902, "excluded_lines": 355}}