{"meta": {"format": 3, "version": "7.11.0", "timestamp": "2025-11-09T09:49:48.087905", "branch_coverage": false, "show_contexts": false}, "files": {"shared_package/__init__.py": {"executed_lines": [1, 11, 12], "summary": {"covered_lines": 2, "num_statements": 2, "percent_covered": 100.0, "percent_covered_display": "100", "missing_lines": 0, "excluded_lines": 0}, "missing_lines": [], "excluded_lines": [], "functions": {"": {"executed_lines": [1, 11, 12], "summary": {"covered_lines": 2, "num_statements": 2, "percent_covered": 100.0, "percent_covered_display": "100", "missing_lines": 0, "excluded_lines": 0}, "missing_lines": [], "excluded_lines": []}}, "classes": {"": {"executed_lines": [1, 11, 12], "summary": {"covered_lines": 2, "num_statements": 2, "percent_covered": 100.0, "percent_covered_display": "100", "missing_lines": 0, "excluded_lines": 0}, "missing_lines": [], "excluded_lines": []}}}, "shared_package/agents/__init__.py": {"executed_lines": [1, 35, 36, 37, 38, 46, 47, 50, 68, 73, 90, 91, 92, 94, 96, 107, 110, 129, 130, 133], "summary": {"covered_lines": 19, "num_statements": 19, "percent_covered": 100.0, "percent_covered_display": "100", "missing_lines": 0, "excluded_lines": 0}, "missing_lines": [], "excluded_lines": [], "functions": {"get_agent_class": {"executed_lines": [90, 91, 92, 94], "summary": {"covered_lines": 4, "num_statements": 4, "percent_covered": 100.0, "percent_covered_display": "100", "missing_lines": 0, "excluded_lines": 0}, "missing_lines": [], "excluded_lines": []}, "list_available_agents": {"executed_lines": [107], "summary": {"covered_lines": 1, "num_statements": 1, "percent_covered": 100.0, "percent_covered_display": "100", "missing_lines": 0, "excluded_lines": 0}, "missing_lines": [], "excluded_lines": []}, "create_agent": {"executed_lines": [129, 130], "summary": {"covered_lines": 2, "num_statements": 2, "percent_covered": 100.0, "percent_covered_display": "100", "missing_lines": 0, "excluded_lines": 0}, "missing_lines": [], "excluded_lines": []}, "": {"executed_lines": [1, 35, 36, 37, 38, 46, 47, 50, 68, 73, 96, 110, 133], "summary": {"covered_lines": 12, "num_statements": 12, "percent_covered": 100.0, "percent_covered_display": "100", "missing_lines": 0, "excluded_lines": 0}, "missing_lines": [], "excluded_lines": []}}, "classes": {"": {"executed_lines": [1, 35, 36, 37, 38, 46, 47, 50, 68, 73, 90, 91, 92, 94, 96, 107, 110, 129, 130, 133], "summary": {"covered_lines": 19, "num_statements": 19, "percent_covered": 100.0, "percent_covered_display": "100", "missing_lines": 0, "excluded_lines": 0}, "missing_lines": [], "excluded_lines": []}}}, "shared_package/agents/base_agent.py": {"executed_lines": [1, 3, 4, 5, 6, 7, 9, 10, 11, 14, 17, 18, 20, 22, 23, 24, 25, 32, 34, 35, 37, 38, 39, 40, 41, 42, 43, 44, 46, 47, 49, 51, 53, 54, 55, 56, 57, 58, 59, 60, 62, 64, 65, 69, 71, 78, 80, 88, 90, 97, 99, 105, 111, 113], "summary": {"covered_lines": 52, "num_statements": 53, "percent_covered": 98.11320754716981, "percent_covered_display": "98", "missing_lines": 1, "excluded_lines": 0}, "missing_lines": [67], "excluded_lines": [], "functions": {"BaseAgent.__init__": {"executed_lines": [22, 23, 24, 25], "summary": {"covered_lines": 4, "num_statements": 4, "percent_covered": 100.0, "percent_covered_display": "100", "missing_lines": 0, "excluded_lines": 0}, "missing_lines": [], "excluded_lines": []}, "BaseAgent.process": {"executed_lines": [34, 35, 37, 38, 39, 40, 41, 42, 43, 44, 46, 47], "summary": {"covered_lines": 12, "num_statements": 12, "percent_covered": 100.0, "percent_covered_display": "100", "missing_lines": 0, "excluded_lines": 0}, "missing_lines": [], "excluded_lines": []}, "BaseAgent._process_with_retry": {"executed_lines": [51, 53, 54, 55, 56, 57, 58, 59, 60, 62], "summary": {"covered_lines": 10, "num_statements": 10, "percent_covered": 100.0, "percent_covered_display": "100", "missing_lines": 0, "excluded_lines": 0}, "missing_lines": [], "excluded_lines": []}, "BaseAgent._process_impl": {"executed_lines": [], "summary": {"covered_lines": 0, "num_statements": 1, "percent_covered": 0.0, "percent_covered_display": "0", "missing_lines": 1, "excluded_lines": 0}, "missing_lines": [67], "excluded_lines": []}, "BaseAgent._call_model": {"executed_lines": [71], "summary": {"covered_lines": 1, "num_statements": 1, "percent_covered": 100.0, "percent_covered_display": "100", "missing_lines": 0, "excluded_lines": 0}, "missing_lines": [], "excluded_lines": []}, "BaseAgent._create_error_response": {"executed_lines": [80], "summary": {"covered_lines": 1, "num_statements": 1, "percent_covered": 100.0, "percent_covered_display": "100", "missing_lines": 0, "excluded_lines": 0}, "missing_lines": [], "excluded_lines": []}, "BaseAgent._create_metadata": {"executed_lines": [90], "summary": {"covered_lines": 1, "num_statements": 1, "percent_covered": 100.0, "percent_covered_display": "100", "missing_lines": 0, "excluded_lines": 0}, "missing_lines": [], "excluded_lines": []}, "BaseAgent.get_stats": {"executed_lines": [99, 105], "summary": {"covered_lines": 2, "num_statements": 2, "percent_covered": 100.0, "percent_covered_display": "100", "missing_lines": 0, "excluded_lines": 0}, "missing_lines": [], "excluded_lines": []}, "BaseAgent.reset_stats": {"executed_lines": [113], "summary": {"covered_lines": 1, "num_statements": 1, "percent_covered": 100.0, "percent_covered_display": "100", "missing_lines": 0, "excluded_lines": 0}, "missing_lines": [], "excluded_lines": []}, "": {"executed_lines": [1, 3, 4, 5, 6, 7, 9, 10, 11, 14, 17, 18, 20, 32, 49, 64, 65, 69, 78, 88, 97, 111], "summary": {"covered_lines": 20, "num_statements": 20, "percent_covered": 100.0, "percent_covered_display": "100", "missing_lines": 0, "excluded_lines": 0}, "missing_lines": [], "excluded_lines": []}}, "classes": {"BaseAgent": {"executed_lines": [22, 23, 24, 25, 34, 35, 37, 38, 39, 40, 41, 42, 43, 44, 46, 47, 51, 53, 54, 55, 56, 57, 58, 59, 60, 62, 71, 80, 90, 99, 105, 113], "summary": {"covered_lines": 32, "num_statements": 33, "percent_covered": 96.96969696969697, "percent_covered_display": "97", "missing_lines": 1, "excluded_lines": 0}, "missing_lines": [67], "excluded_lines": []}, "": {"executed_lines": [1, 3, 4, 5, 6, 7, 9, 10, 11, 14, 17, 18, 20, 32, 49, 64, 65, 69, 78, 88, 97, 111], "summary": {"covered_lines": 20, "num_statements": 20, "percent_covered": 100.0, "percent_covered_display": "100", "missing_lines": 0, "excluded_lines": 0}, "missing_lines": [], "excluded_lines": []}}}, "shared_package/agents/code_generator.py": {"executed_lines": [1, 8, 9, 11, 12, 13, 16, 19, 20, 30, 46, 47, 48, 49, 51, 64, 65, 72, 74, 79, 87, 97, 98, 100, 113, 115, 126, 127, 129, 131, 132, 133, 135, 137, 147], "summary": {"covered_lines": 33, "num_statements": 40, "percent_covered": 82.5, "percent_covered_display": "82", "missing_lines": 7, "excluded_lines": 0}, "missing_lines": [144, 145, 159, 160, 161, 162, 163], "excluded_lines": [], "functions": {"CodeGeneratorAgent.__init__": {"executed_lines": [46, 47, 48, 49], "summary": {"covered_lines": 4, "num_statements": 4, "percent_covered": 100.0, "percent_covered_display": "100", "missing_lines": 0, "excluded_lines": 0}, "missing_lines": [], "excluded_lines": []}, "CodeGeneratorAgent._process_impl": {"executed_lines": [64, 65, 72, 74, 79], "summary": {"covered_lines": 5, "num_statements": 5, "percent_covered": 100.0, "percent_covered_display": "100", "missing_lines": 0, "excluded_lines": 0}, "missing_lines": [], "excluded_lines": []}, "CodeGeneratorAgent._build_prompt": {"executed_lines": [97, 98, 100, 113], "summary": {"covered_lines": 4, "num_statements": 4, "percent_covered": 100.0, "percent_covered_display": "100", "missing_lines": 0, "excluded_lines": 0}, "missing_lines": [], "excluded_lines": []}, "CodeGeneratorAgent._parse_response": {"executed_lines": [126, 127, 129, 131, 132, 133, 135], "summary": {"covered_lines": 7, "num_statements": 7, "percent_covered": 100.0, "percent_covered_display": "100", "missing_lines": 0, "excluded_lines": 0}, "missing_lines": [], "excluded_lines": []}, "CodeGeneratorAgent.set_model": {"executed_lines": [], "summary": {"covered_lines": 0, "num_statements": 2, "percent_covered": 0.0, "percent_covered_display": "0", "missing_lines": 2, "excluded_lines": 0}, "missing_lines": [144, 145], "excluded_lines": []}, "CodeGeneratorAgent.set_parameters": {"executed_lines": [], "summary": {"covered_lines": 0, "num_statements": 5, "percent_covered": 0.0, "percent_covered_display": "0", "missing_lines": 5, "excluded_lines": 0}, "missing_lines": [159, 160, 161, 162, 163], "excluded_lines": []}, "": {"executed_lines": [1, 8, 9, 11, 12, 13, 16, 19, 20, 30, 51, 87, 115, 137, 147], "summary": {"covered_lines": 13, "num_statements": 13, "percent_covered": 100.0, "percent_covered_display": "100", "missing_lines": 0, "excluded_lines": 0}, "missing_lines": [], "excluded_lines": []}}, "classes": {"CodeGeneratorAgent": {"executed_lines": [46, 47, 48, 49, 64, 65, 72, 74, 79, 97, 98, 100, 113, 126, 127, 129, 131, 132, 133, 135], "summary": {"covered_lines": 20, "num_statements": 27, "percent_covered": 74.07407407407408, "percent_covered_display": "74", "missing_lines": 7, "excluded_lines": 0}, "missing_lines": [144, 145, 159, 160, 161, 162, 163], "excluded_lines": []}, "": {"executed_lines": [1, 8, 9, 11, 12, 13, 16, 19, 20, 30, 51, 87, 115, 137, 147], "summary": {"covered_lines": 13, "num_statements": 13, "percent_covered": 100.0, "percent_covered_display": "100", "missing_lines": 0, "excluded_lines": 0}, "missing_lines": [], "excluded_lines": []}}}, "shared_package/agents/code_reviewer.py": {"executed_lines": [1, 8, 9, 10, 12, 13, 14, 17, 20, 21, 31, 47, 48, 49, 50, 52, 65, 66, 68, 75, 76, 78, 83, 91, 101, 116, 118, 130, 133, 134, 135, 136, 139, 146, 155, 165, 170, 171, 172, 174, 176, 186, 187, 190, 193, 194, 198, 204, 205, 206, 207, 211, 213, 223, 224, 227, 233, 234, 238, 245, 246, 249, 251, 261, 264, 270, 271, 272, 273, 275, 277, 280, 282, 292, 293, 296, 297, 301, 305, 308, 310, 320], "summary": {"covered_lines": 80, "num_statements": 101, "percent_covered": 79.20792079207921, "percent_covered_display": "79", "missing_lines": 21, "excluded_lines": 0}, "missing_lines": [188, 195, 199, 200, 201, 208, 209, 235, 247, 276, 278, 298, 302, 306, 317, 318, 332, 333, 334, 335, 336], "excluded_lines": [], "functions": {"CodeReviewerAgent.__init__": {"executed_lines": [47, 48, 49, 50], "summary": {"covered_lines": 4, "num_statements": 4, "percent_covered": 100.0, "percent_covered_display": "100", "missing_lines": 0, "excluded_lines": 0}, "missing_lines": [], "excluded_lines": []}, "CodeReviewerAgent._process_impl": {"executed_lines": [65, 66, 68, 75, 76, 78, 83], "summary": {"covered_lines": 7, "num_statements": 7, "percent_covered": 100.0, "percent_covered_display": "100", "missing_lines": 0, "excluded_lines": 0}, "missing_lines": [], "excluded_lines": []}, "CodeReviewerAgent._build_prompt": {"executed_lines": [101, 116], "summary": {"covered_lines": 2, "num_statements": 2, "percent_covered": 100.0, "percent_covered_display": "100", "missing_lines": 0, "excluded_lines": 0}, "missing_lines": [], "excluded_lines": []}, "CodeReviewerAgent._analyze_quality": {"executed_lines": [130, 133, 134, 135, 136, 139, 146], "summary": {"covered_lines": 7, "num_statements": 7, "percent_covered": 100.0, "percent_covered_display": "100", "missing_lines": 0, "excluded_lines": 0}, "missing_lines": [], "excluded_lines": []}, "CodeReviewerAgent._count_issues": {"executed_lines": [165, 170, 171, 172, 174], "summary": {"covered_lines": 5, "num_statements": 5, "percent_covered": 100.0, "percent_covered_display": "100", "missing_lines": 0, "excluded_lines": 0}, "missing_lines": [], "excluded_lines": []}, "CodeReviewerAgent._assess_readability": {"executed_lines": [186, 187, 190, 193, 194, 198, 204, 205, 206, 207, 211], "summary": {"covered_lines": 11, "num_statements": 18, "percent_covered": 61.111111111111114, "percent_covered_display": "61", "missing_lines": 7, "excluded_lines": 0}, "missing_lines": [188, 195, 199, 200, 201, 208, 209], "excluded_lines": []}, "CodeReviewerAgent._assess_efficiency": {"executed_lines": [223, 224, 227, 233, 234, 238, 245, 246, 249], "summary": {"covered_lines": 9, "num_statements": 11, "percent_covered": 81.81818181818181, "percent_covered_display": "82", "missing_lines": 2, "excluded_lines": 0}, "missing_lines": [235, 247], "excluded_lines": []}, "CodeReviewerAgent._assess_correctness": {"executed_lines": [261, 264, 270, 271, 272, 273, 275, 277, 280], "summary": {"covered_lines": 9, "num_statements": 11, "percent_covered": 81.81818181818181, "percent_covered_display": "82", "missing_lines": 2, "excluded_lines": 0}, "missing_lines": [276, 278], "excluded_lines": []}, "CodeReviewerAgent._assess_maintainability": {"executed_lines": [292, 293, 296, 297, 301, 305, 308], "summary": {"covered_lines": 7, "num_statements": 10, "percent_covered": 70.0, "percent_covered_display": "70", "missing_lines": 3, "excluded_lines": 0}, "missing_lines": [298, 302, 306], "excluded_lines": []}, "CodeReviewerAgent.set_model": {"executed_lines": [], "summary": {"covered_lines": 0, "num_statements": 2, "percent_covered": 0.0, "percent_covered_display": "0", "missing_lines": 2, "excluded_lines": 0}, "missing_lines": [317, 318], "excluded_lines": []}, "CodeReviewerAgent.set_parameters": {"executed_lines": [], "summary": {"covered_lines": 0, "num_statements": 5, "percent_covered": 0.0, "percent_covered_display": "0", "missing_lines": 5, "excluded_lines": 0}, "missing_lines": [332, 333, 334, 335, 336], "excluded_lines": []}, "": {"executed_lines": [1, 8, 9, 10, 12, 13, 14, 17, 20, 21, 31, 52, 91, 118, 155, 176, 213, 251, 282, 310, 320], "summary": {"covered_lines": 19, "num_statements": 19, "percent_covered": 100.0, "percent_covered_display": "100", "missing_lines": 0, "excluded_lines": 0}, "missing_lines": [], "excluded_lines": []}}, "classes": {"CodeReviewerAgent": {"executed_lines": [47, 48, 49, 50, 65, 66, 68, 75, 76, 78, 83, 101, 116, 130, 133, 134, 135, 136, 139, 146, 165, 170, 171, 172, 174, 186, 187, 190, 193, 194, 198, 204, 205, 206, 207, 211, 223, 224, 227, 233, 234, 238, 245, 246, 249, 261, 264, 270, 271, 272, 273, 275, 277, 280, 292, 293, 296, 297, 301, 305, 308], "summary": {"covered_lines": 61, "num_statements": 82, "percent_covered": 74.39024390243902, "percent_covered_display": "74", "missing_lines": 21, "excluded_lines": 0}, "missing_lines": [188, 195, 199, 200, 201, 208, 209, 235, 247, 276, 278, 298, 302, 306, 317, 318, 332, 333, 334, 335, 336], "excluded_lines": []}, "": {"executed_lines": [1, 8, 9, 10, 12, 13, 14, 17, 20, 21, 31, 52, 91, 118, 155, 176, 213, 251, 282, 310, 320], "summary": {"covered_lines": 19, "num_statements": 19, "percent_covered": 100.0, "percent_covered_display": "100", "missing_lines": 0, "excluded_lines": 0}, "missing_lines": [], "excluded_lines": []}}}, "shared_package/agents/schemas.py": {"executed_lines": [1, 8, 9, 12, 13, 19, 30, 31, 32, 33, 36, 37, 43, 61, 62, 63, 66, 67, 73, 86, 87, 88, 89, 90, 91, 94, 95, 101, 118, 119, 120, 121, 122], "summary": {"covered_lines": 28, "num_statements": 28, "percent_covered": 100.0, "percent_covered_display": "100", "missing_lines": 0, "excluded_lines": 0}, "missing_lines": [], "excluded_lines": [], "functions": {"": {"executed_lines": [1, 8, 9, 12, 13, 19, 30, 31, 32, 33, 36, 37, 43, 61, 62, 63, 66, 67, 73, 86, 87, 88, 89, 90, 91, 94, 95, 101, 118, 119, 120, 121, 122], "summary": {"covered_lines": 28, "num_statements": 28, "percent_covered": 100.0, "percent_covered_display": "100", "missing_lines": 0, "excluded_lines": 0}, "missing_lines": [], "excluded_lines": []}}, "classes": {"TaskMetadata": {"executed_lines": [], "summary": {"covered_lines": 0, "num_statements": 0, "percent_covered": 100.0, "percent_covered_display": "100", "missing_lines": 0, "excluded_lines": 0}, "missing_lines": [], "excluded_lines": []}, "AgentRequest": {"executed_lines": [], "summary": {"covered_lines": 0, "num_statements": 0, "percent_covered": 100.0, "percent_covered_display": "100", "missing_lines": 0, "excluded_lines": 0}, "missing_lines": [], "excluded_lines": []}, "QualityMetrics": {"executed_lines": [], "summary": {"covered_lines": 0, "num_statements": 0, "percent_covered": 100.0, "percent_covered_display": "100", "missing_lines": 0, "excluded_lines": 0}, "missing_lines": [], "excluded_lines": []}, "AgentResponse": {"executed_lines": [], "summary": {"covered_lines": 0, "num_statements": 0, "percent_covered": 100.0, "percent_covered_display": "100", "missing_lines": 0, "excluded_lines": 0}, "missing_lines": [], "excluded_lines": []}, "": {"executed_lines": [1, 8, 9, 12, 13, 19, 30, 31, 32, 33, 36, 37, 43, 61, 62, 63, 66, 67, 73, 86, 87, 88, 89, 90, 91, 94, 95, 101, 118, 119, 120, 121, 122], "summary": {"covered_lines": 28, "num_statements": 28, "percent_covered": 100.0, "percent_covered_display": "100", "missing_lines": 0, "excluded_lines": 0}, "missing_lines": [], "excluded_lines": []}}}, "shared_package/clients/__init__.py": {"executed_lines": [1], "summary": {"covered_lines": 0, "num_statements": 0, "percent_covered": 100.0, "percent_covered_display": "100", "missing_lines": 0, "excluded_lines": 0}, "missing_lines": [], "excluded_lines": [], "functions": {"": {"executed_lines": [1], "summary": {"covered_lines": 0, "num_statements": 0, "percent_covered": 100.0, "percent_covered_display": "100", "missing_lines": 0, "excluded_lines": 0}, "missing_lines": [], "excluded_lines": []}}, "classes": {"": {"executed_lines": [1], "summary": {"covered_lines": 0, "num_statements": 0, "percent_covered": 100.0, "percent_covered_display": "100", "missing_lines": 0, "excluded_lines": 0}, "missing_lines": [], "excluded_lines": []}}}, "shared_package/clients/base_client.py": {"executed_lines": [1, 8, 9, 10, 12, 15, 16, 17, 23, 24, 25, 26, 27, 28, 31, 32, 34, 41, 42, 43, 45, 46, 50, 51, 55, 56, 60, 64, 66, 68, 70], "summary": {"covered_lines": 28, "num_statements": 32, "percent_covered": 87.5, "percent_covered_display": "88", "missing_lines": 4, "excluded_lines": 0}, "missing_lines": [48, 53, 58, 62], "excluded_lines": [], "functions": {"BaseModelClient.__init__": {"executed_lines": [41, 42, 43], "summary": {"covered_lines": 3, "num_statements": 3, "percent_covered": 100.0, "percent_covered_display": "100", "missing_lines": 0, "excluded_lines": 0}, "missing_lines": [], "excluded_lines": []}, "BaseModelClient.make_request": {"executed_lines": [], "summary": {"covered_lines": 0, "num_statements": 1, "percent_covered": 0.0, "percent_covered_display": "0", "missing_lines": 1, "excluded_lines": 0}, "missing_lines": [48], "excluded_lines": []}, "BaseModelClient.check_availability": {"executed_lines": [], "summary": {"covered_lines": 0, "num_statements": 1, "percent_covered": 0.0, "percent_covered_display": "0", "missing_lines": 1, "excluded_lines": 0}, "missing_lines": [53], "excluded_lines": []}, "BaseModelClient.close": {"executed_lines": [], "summary": {"covered_lines": 0, "num_statements": 1, "percent_covered": 0.0, "percent_covered_display": "0", "missing_lines": 1, "excluded_lines": 0}, "missing_lines": [58], "excluded_lines": []}, "BaseModelClient.__enter__": {"executed_lines": [], "summary": {"covered_lines": 0, "num_statements": 1, "percent_covered": 0.0, "percent_covered_display": "0", "missing_lines": 1, "excluded_lines": 0}, "missing_lines": [62], "excluded_lines": []}, "BaseModelClient.__aenter__": {"executed_lines": [66], "summary": {"covered_lines": 1, "num_statements": 1, "percent_covered": 100.0, "percent_covered_display": "100", "missing_lines": 0, "excluded_lines": 0}, "missing_lines": [], "excluded_lines": []}, "BaseModelClient.__aexit__": {"executed_lines": [70], "summary": {"covered_lines": 1, "num_statements": 1, "percent_covered": 100.0, "percent_covered_display": "100", "missing_lines": 0, "excluded_lines": 0}, "missing_lines": [], "excluded_lines": []}, "": {"executed_lines": [1, 8, 9, 10, 12, 15, 16, 17, 23, 24, 25, 26, 27, 28, 31, 32, 34, 45, 46, 50, 51, 55, 56, 60, 64, 68], "summary": {"covered_lines": 23, "num_statements": 23, "percent_covered": 100.0, "percent_covered_display": "100", "missing_lines": 0, "excluded_lines": 0}, "missing_lines": [], "excluded_lines": []}}, "classes": {"ModelResponse": {"executed_lines": [], "summary": {"covered_lines": 0, "num_statements": 0, "percent_covered": 100.0, "percent_covered_display": "100", "missing_lines": 0, "excluded_lines": 0}, "missing_lines": [], "excluded_lines": []}, "BaseModelClient": {"executed_lines": [41, 42, 43, 66, 70], "summary": {"covered_lines": 5, "num_statements": 9, "percent_covered": 55.55555555555556, "percent_covered_display": "56", "missing_lines": 4, "excluded_lines": 0}, "missing_lines": [48, 53, 58, 62], "excluded_lines": []}, "": {"executed_lines": [1, 8, 9, 10, 12, 15, 16, 17, 23, 24, 25, 26, 27, 28, 31, 32, 34, 45, 46, 50, 51, 55, 56, 60, 64, 68], "summary": {"covered_lines": 23, "num_statements": 23, "percent_covered": 100.0, "percent_covered_display": "100", "missing_lines": 0, "excluded_lines": 0}, "missing_lines": [], "excluded_lines": []}}}, "shared_package/clients/unified_client.py": {"executed_lines": [1, 8, 9, 10, 11, 13, 21, 22, 23, 29, 30, 31, 39, 42, 43, 54, 66, 71, 73, 75, 77, 85, 88, 90, 91, 92, 94, 96, 97, 103, 110, 112, 133, 141, 142, 151, 153, 154, 156, 160, 161, 162, 164, 167, 168, 169, 172, 174, 177, 180, 181, 183, 184, 187, 188, 191, 192, 195, 196, 202, 206, 212, 222, 223, 227, 228, 229, 231, 235, 242, 246, 247, 248, 251, 256, 257, 260, 261, 262, 263, 265, 274, 291, 295, 296, 297, 299, 300, 303, 304, 307, 311, 312, 313, 314, 318, 320, 321, 323, 333, 334, 337, 338, 342, 344, 353, 354, 355, 357, 358, 360, 362, 366, 373, 375, 380, 384, 385, 386, 388, 389, 391, 392, 394, 403, 405, 406, 407, 409, 418, 419, 421, 422, 424, 426, 430, 437, 441, 442, 443, 445, 446, 448, 449, 451, 460, 470, 471, 473, 474, 476, 478, 480, 481, 482, 485, 486, 488, 489, 490, 491, 493, 496, 497, 498, 500, 501, 503, 514, 515, 519, 521, 528, 530, 531, 533, 535, 542, 543], "summary": {"covered_lines": 177, "num_statements": 190, "percent_covered": 93.15789473684211, "percent_covered_display": "93", "missing_lines": 13, "excluded_lines": 0}, "missing_lines": [148, 149, 185, 186, 197, 198, 252, 278, 279, 280, 282, 308, 499], "excluded_lines": [], "functions": {"UnifiedModelClient.__init__": {"executed_lines": [66, 71], "summary": {"covered_lines": 2, "num_statements": 2, "percent_covered": 100.0, "percent_covered_display": "100", "missing_lines": 0, "excluded_lines": 0}, "missing_lines": [], "excluded_lines": []}, "UnifiedModelClient.close": {"executed_lines": [75], "summary": {"covered_lines": 1, "num_statements": 1, "percent_covered": 100.0, "percent_covered_display": "100", "missing_lines": 0, "excluded_lines": 0}, "missing_lines": [], "excluded_lines": []}, "UnifiedModelClient.make_request": {"executed_lines": [85, 88, 90, 91, 92], "summary": {"covered_lines": 5, "num_statements": 5, "percent_covered": 100.0, "percent_covered_display": "100", "missing_lines": 0, "excluded_lines": 0}, "missing_lines": [], "excluded_lines": []}, "UnifiedModelClient._execute_request": {"executed_lines": [96, 97, 103], "summary": {"covered_lines": 3, "num_statements": 3, "percent_covered": 100.0, "percent_covered_display": "100", "missing_lines": 0, "excluded_lines": 0}, "missing_lines": [], "excluded_lines": []}, "UnifiedModelClient._retrying": {"executed_lines": [112], "summary": {"covered_lines": 1, "num_statements": 1, "percent_covered": 100.0, "percent_covered_display": "100", "missing_lines": 0, "excluded_lines": 0}, "missing_lines": [], "excluded_lines": []}, "UnifiedModelClient._validate_request": {"executed_lines": [141, 142], "summary": {"covered_lines": 2, "num_statements": 4, "percent_covered": 50.0, "percent_covered_display": "50", "missing_lines": 2, "excluded_lines": 0}, "missing_lines": [148, 149], "excluded_lines": []}, "UnifiedModelClient._check_model_exists": {"executed_lines": [153, 154], "summary": {"covered_lines": 2, "num_statements": 2, "percent_covered": 100.0, "percent_covered_display": "100", "missing_lines": 0, "excluded_lines": 0}, "missing_lines": [], "excluded_lines": []}, "UnifiedModelClient._make_local_request": {"executed_lines": [160, 161, 162, 164, 167, 168, 169, 172, 174, 177, 180, 181, 183, 184, 187, 188, 191, 192, 195, 196], "summary": {"covered_lines": 20, "num_statements": 24, "percent_covered": 83.33333333333333, "percent_covered_display": "83", "missing_lines": 4, "excluded_lines": 0}, "missing_lines": [185, 186, 197, 198], "excluded_lines": []}, "UnifiedModelClient._create_local_payload": {"executed_lines": [206], "summary": {"covered_lines": 1, "num_statements": 1, "percent_covered": 100.0, "percent_covered_display": "100", "missing_lines": 0, "excluded_lines": 0}, "missing_lines": [], "excluded_lines": []}, "UnifiedModelClient._try_openai_endpoint": {"executed_lines": [222, 223, 227, 228, 229], "summary": {"covered_lines": 5, "num_statements": 5, "percent_covered": 100.0, "percent_covered_display": "100", "missing_lines": 0, "excluded_lines": 0}, "missing_lines": [], "excluded_lines": []}, "UnifiedModelClient._create_openai_payload": {"executed_lines": [235], "summary": {"covered_lines": 1, "num_statements": 1, "percent_covered": 100.0, "percent_covered_display": "100", "missing_lines": 0, "excluded_lines": 0}, "missing_lines": [], "excluded_lines": []}, "UnifiedModelClient._parse_openai_response": {"executed_lines": [246, 247, 248, 251, 256, 257, 260, 261, 262, 263, 265], "summary": {"covered_lines": 11, "num_statements": 12, "percent_covered": 91.66666666666667, "percent_covered_display": "92", "missing_lines": 1, "excluded_lines": 0}, "missing_lines": [252], "excluded_lines": []}, "UnifiedModelClient._parse_local_response": {"executed_lines": [], "summary": {"covered_lines": 0, "num_statements": 4, "percent_covered": 0.0, "percent_covered_display": "0", "missing_lines": 4, "excluded_lines": 0}, "missing_lines": [278, 279, 280, 282], "excluded_lines": []}, "UnifiedModelClient._make_external_request": {"executed_lines": [295, 296, 297, 299, 300, 303, 304, 307, 311, 312, 313, 314], "summary": {"covered_lines": 12, "num_statements": 13, "percent_covered": 92.3076923076923, "percent_covered_display": "92", "missing_lines": 1, "excluded_lines": 0}, "missing_lines": [308], "excluded_lines": []}, "UnifiedModelClient._check_api_key_configured": {"executed_lines": [320, 321], "summary": {"covered_lines": 2, "num_statements": 2, "percent_covered": 100.0, "percent_covered_display": "100", "missing_lines": 0, "excluded_lines": 0}, "missing_lines": [], "excluded_lines": []}, "UnifiedModelClient._route_external_request": {"executed_lines": [333, 334, 337, 338, 342], "summary": {"covered_lines": 5, "num_statements": 5, "percent_covered": 100.0, "percent_covered_display": "100", "missing_lines": 0, "excluded_lines": 0}, "missing_lines": [], "excluded_lines": []}, "UnifiedModelClient._make_perplexity_request": {"executed_lines": [353, 354, 355, 357, 358, 360], "summary": {"covered_lines": 6, "num_statements": 6, "percent_covered": 100.0, "percent_covered_display": "100", "missing_lines": 0, "excluded_lines": 0}, "missing_lines": [], "excluded_lines": []}, "UnifiedModelClient._create_perplexity_payload": {"executed_lines": [366], "summary": {"covered_lines": 1, "num_statements": 1, "percent_covered": 100.0, "percent_covered_display": "100", "missing_lines": 0, "excluded_lines": 0}, "missing_lines": [], "excluded_lines": []}, "UnifiedModelClient._create_perplexity_headers": {"executed_lines": [375], "summary": {"covered_lines": 1, "num_statements": 1, "percent_covered": 100.0, "percent_covered_display": "100", "missing_lines": 0, "excluded_lines": 0}, "missing_lines": [], "excluded_lines": []}, "UnifiedModelClient._parse_perplexity_response": {"executed_lines": [384, 385, 386, 388, 389, 391, 392, 394], "summary": {"covered_lines": 8, "num_statements": 8, "percent_covered": 100.0, "percent_covered_display": "100", "missing_lines": 0, "excluded_lines": 0}, "missing_lines": [], "excluded_lines": []}, "UnifiedModelClient._estimate_tokens": {"executed_lines": [405, 406, 407], "summary": {"covered_lines": 3, "num_statements": 3, "percent_covered": 100.0, "percent_covered_display": "100", "missing_lines": 0, "excluded_lines": 0}, "missing_lines": [], "excluded_lines": []}, "UnifiedModelClient._make_chadgpt_request": {"executed_lines": [418, 419, 421, 422, 424], "summary": {"covered_lines": 5, "num_statements": 5, "percent_covered": 100.0, "percent_covered_display": "100", "missing_lines": 0, "excluded_lines": 0}, "missing_lines": [], "excluded_lines": []}, "UnifiedModelClient._create_chadgpt_payload": {"executed_lines": [430], "summary": {"covered_lines": 1, "num_statements": 1, "percent_covered": 100.0, "percent_covered_display": "100", "missing_lines": 0, "excluded_lines": 0}, "missing_lines": [], "excluded_lines": []}, "UnifiedModelClient._parse_chadgpt_response": {"executed_lines": [441, 442, 443, 445, 446, 448, 449, 451], "summary": {"covered_lines": 8, "num_statements": 8, "percent_covered": 100.0, "percent_covered_display": "100", "missing_lines": 0, "excluded_lines": 0}, "missing_lines": [], "excluded_lines": []}, "UnifiedModelClient.check_availability": {"executed_lines": [470, 471, 473, 474, 476], "summary": {"covered_lines": 5, "num_statements": 5, "percent_covered": 100.0, "percent_covered_display": "100", "missing_lines": 0, "excluded_lines": 0}, "missing_lines": [], "excluded_lines": []}, "UnifiedModelClient._check_local_availability": {"executed_lines": [480, 481, 482, 485, 486, 488, 489, 490, 491, 493, 496, 497, 498, 500, 501], "summary": {"covered_lines": 15, "num_statements": 16, "percent_covered": 93.75, "percent_covered_display": "94", "missing_lines": 1, "excluded_lines": 0}, "missing_lines": [499], "excluded_lines": []}, "UnifiedModelClient._check_external_availability": {"executed_lines": [514, 515, 519], "summary": {"covered_lines": 3, "num_statements": 3, "percent_covered": 100.0, "percent_covered_display": "100", "missing_lines": 0, "excluded_lines": 0}, "missing_lines": [], "excluded_lines": []}, "UnifiedModelClient.check_all_availability": {"executed_lines": [528, 530, 531, 533], "summary": {"covered_lines": 4, "num_statements": 4, "percent_covered": 100.0, "percent_covered_display": "100", "missing_lines": 0, "excluded_lines": 0}, "missing_lines": [], "excluded_lines": []}, "UnifiedModelClient.get_available_models": {"executed_lines": [542, 543], "summary": {"covered_lines": 2, "num_statements": 2, "percent_covered": 100.0, "percent_covered_display": "100", "missing_lines": 0, "excluded_lines": 0}, "missing_lines": [], "excluded_lines": []}, "": {"executed_lines": [1, 8, 9, 10, 11, 13, 21, 22, 23, 29, 30, 31, 39, 42, 43, 54, 73, 77, 94, 110, 133, 151, 156, 202, 212, 231, 242, 274, 291, 318, 323, 344, 362, 373, 380, 403, 409, 426, 437, 460, 478, 503, 521, 535], "summary": {"covered_lines": 42, "num_statements": 42, "percent_covered": 100.0, "percent_covered_display": "100", "missing_lines": 0, "excluded_lines": 0}, "missing_lines": [], "excluded_lines": []}}, "classes": {"UnifiedModelClient": {"executed_lines": [66, 71, 75, 85, 88, 90, 91, 92, 96, 97, 103, 112, 141, 142, 153, 154, 160, 161, 162, 164, 167, 168, 169, 172, 174, 177, 180, 181, 183, 184, 187, 188, 191, 192, 195, 196, 206, 222, 223, 227, 228, 229, 235, 246, 247, 248, 251, 256, 257, 260, 261, 262, 263, 265, 295, 296, 297, 299, 300, 303, 304, 307, 311, 312, 313, 314, 320, 321, 333, 334, 337, 338, 342, 353, 354, 355, 357, 358, 360, 366, 375, 384, 385, 386, 388, 389, 391, 392, 394, 405, 406, 407, 418, 419, 421, 422, 424, 430, 441, 442, 443, 445, 446, 448, 449, 451, 470, 471, 473, 474, 476, 480, 481, 482, 485, 486, 488, 489, 490, 491, 493, 496, 497, 498, 500, 501, 514, 515, 519, 528, 530, 531, 533, 542, 543], "summary": {"covered_lines": 135, "num_statements": 148, "percent_covered": 91.21621621621621, "percent_covered_display": "91", "missing_lines": 13, "excluded_lines": 0}, "missing_lines": [148, 149, 185, 186, 197, 198, 252, 278, 279, 280, 282, 308, 499], "excluded_lines": []}, "": {"executed_lines": [1, 8, 9, 10, 11, 13, 21, 22, 23, 29, 30, 31, 39, 42, 43, 54, 73, 77, 94, 110, 133, 151, 156, 202, 212, 231, 242, 274, 291, 318, 323, 344, 362, 373, 380, 403, 409, 426, 437, 460, 478, 503, 521, 535], "summary": {"covered_lines": 42, "num_statements": 42, "percent_covered": 100.0, "percent_covered_display": "100", "missing_lines": 0, "excluded_lines": 0}, "missing_lines": [], "excluded_lines": []}}}, "shared_package/config/__init__.py": {"executed_lines": [1, 3, 16, 31, 32, 47], "summary": {"covered_lines": 5, "num_statements": 7, "percent_covered": 71.42857142857143, "percent_covered_display": "71", "missing_lines": 2, "excluded_lines": 0}, "missing_lines": [86, 88], "excluded_lines": [], "functions": {"": {"executed_lines": [1, 3, 16, 31, 32, 47], "summary": {"covered_lines": 5, "num_statements": 7, "percent_covered": 71.42857142857143, "percent_covered_display": "71", "missing_lines": 2, "excluded_lines": 0}, "missing_lines": [86, 88], "excluded_lines": []}}, "classes": {"": {"executed_lines": [1, 3, 16, 31, 32, 47], "summary": {"covered_lines": 5, "num_statements": 7, "percent_covered": 71.42857142857143, "percent_covered_display": "71", "missing_lines": 2, "excluded_lines": 0}, "missing_lines": [86, 88], "excluded_lines": []}}}, "shared_package/config/agents.py": {"executed_lines": [1, 13, 14, 17, 18, 19, 20, 21, 22, 23, 26, 27, 28, 29, 30, 31, 33, 34, 35, 41, 42, 43, 44, 45, 46, 47, 48, 52, 53, 56, 64, 128, 141, 142, 143, 146, 160, 161, 163, 164, 166, 169, 183, 184, 187, 197, 198, 199, 200, 201, 204, 207, 217, 218, 219, 220, 221, 224, 228, 242, 259, 272, 277, 278, 280, 283], "summary": {"covered_lines": 62, "num_statements": 66, "percent_covered": 93.93939393939394, "percent_covered_display": "94", "missing_lines": 4, "excluded_lines": 0}, "missing_lines": [202, 203, 222, 223], "excluded_lines": [], "functions": {"CodeGeneratorConfig.__post_init__": {"executed_lines": [34, 35], "summary": {"covered_lines": 2, "num_statements": 2, "percent_covered": 100.0, "percent_covered_display": "100", "missing_lines": 0, "excluded_lines": 0}, "missing_lines": [], "excluded_lines": []}, "get_agent_config": {"executed_lines": [141, 142, 143], "summary": {"covered_lines": 3, "num_statements": 3, "percent_covered": 100.0, "percent_covered_display": "100", "missing_lines": 0, "excluded_lines": 0}, "missing_lines": [], "excluded_lines": []}, "get_model_config_for_agent": {"executed_lines": [160, 161, 163, 164, 166], "summary": {"covered_lines": 5, "num_statements": 5, "percent_covered": 100.0, "percent_covered_display": "100", "missing_lines": 0, "excluded_lines": 0}, "missing_lines": [], "excluded_lines": []}, "is_model_recommended_for_agent": {"executed_lines": [183, 184], "summary": {"covered_lines": 2, "num_statements": 2, "percent_covered": 100.0, "percent_covered_display": "100", "missing_lines": 0, "excluded_lines": 0}, "missing_lines": [], "excluded_lines": []}, "get_compatible_models": {"executed_lines": [197, 198, 199, 200, 201, 204], "summary": {"covered_lines": 6, "num_statements": 8, "percent_covered": 75.0, "percent_covered_display": "75", "missing_lines": 2, "excluded_lines": 0}, "missing_lines": [202, 203], "excluded_lines": []}, "get_recommended_models": {"executed_lines": [217, 218, 219, 220, 221, 224], "summary": {"covered_lines": 6, "num_statements": 8, "percent_covered": 75.0, "percent_covered_display": "75", "missing_lines": 2, "excluded_lines": 0}, "missing_lines": [222, 223], "excluded_lines": []}, "get_prompt_template": {"executed_lines": [272, 277, 278, 280], "summary": {"covered_lines": 4, "num_statements": 4, "percent_covered": 100.0, "percent_covered_display": "100", "missing_lines": 0, "excluded_lines": 0}, "missing_lines": [], "excluded_lines": []}, "": {"executed_lines": [1, 13, 14, 17, 18, 19, 20, 21, 22, 23, 26, 27, 28, 29, 30, 31, 33, 41, 42, 43, 44, 45, 46, 47, 48, 52, 53, 56, 64, 128, 146, 169, 187, 207, 228, 242, 259, 283], "summary": {"covered_lines": 34, "num_statements": 34, "percent_covered": 100.0, "percent_covered_display": "100", "missing_lines": 0, "excluded_lines": 0}, "missing_lines": [], "excluded_lines": []}}, "classes": {"AgentConfig": {"executed_lines": [], "summary": {"covered_lines": 0, "num_statements": 0, "percent_covered": 100.0, "percent_covered_display": "100", "missing_lines": 0, "excluded_lines": 0}, "missing_lines": [], "excluded_lines": []}, "CodeGeneratorConfig": {"executed_lines": [34, 35], "summary": {"covered_lines": 2, "num_statements": 2, "percent_covered": 100.0, "percent_covered_display": "100", "missing_lines": 0, "excluded_lines": 0}, "missing_lines": [], "excluded_lines": []}, "CodeReviewerConfig": {"executed_lines": [], "summary": {"covered_lines": 0, "num_statements": 0, "percent_covered": 100.0, "percent_covered_display": "100", "missing_lines": 0, "excluded_lines": 0}, "missing_lines": [], "excluded_lines": []}, "": {"executed_lines": [1, 13, 14, 17, 18, 19, 20, 21, 22, 23, 26, 27, 28, 29, 30, 31, 33, 41, 42, 43, 44, 45, 46, 47, 48, 52, 53, 56, 64, 128, 141, 142, 143, 146, 160, 161, 163, 164, 166, 169, 183, 184, 187, 197, 198, 199, 200, 201, 204, 207, 217, 218, 219, 220, 221, 224, 228, 242, 259, 272, 277, 278, 280, 283], "summary": {"covered_lines": 60, "num_statements": 64, "percent_covered": 93.75, "percent_covered_display": "94", "missing_lines": 4, "excluded_lines": 0}, "missing_lines": [202, 203, 222, 223], "excluded_lines": []}}}, "shared_package/config/api_keys.py": {"executed_lines": [1, 8, 9, 10, 13, 24, 25, 27, 28, 29, 30, 31, 32, 38, 49, 50, 52, 53, 56, 61, 62, 63, 65, 68, 78, 79, 82, 89], "summary": {"covered_lines": 27, "num_statements": 30, "percent_covered": 90.0, "percent_covered_display": "90", "missing_lines": 3, "excluded_lines": 0}, "missing_lines": [33, 34, 35], "excluded_lines": [], "functions": {"load_api_key_from_file": {"executed_lines": [24, 25, 27, 28, 29, 30, 31, 32], "summary": {"covered_lines": 8, "num_statements": 11, "percent_covered": 72.72727272727273, "percent_covered_display": "73", "missing_lines": 3, "excluded_lines": 0}, "missing_lines": [33, 34, 35], "excluded_lines": []}, "get_api_key": {"executed_lines": [49, 50, 52, 53, 56, 61, 62, 63, 65], "summary": {"covered_lines": 9, "num_statements": 9, "percent_covered": 100.0, "percent_covered_display": "100", "missing_lines": 0, "excluded_lines": 0}, "missing_lines": [], "excluded_lines": []}, "is_api_key_configured": {"executed_lines": [78, 79], "summary": {"covered_lines": 2, "num_statements": 2, "percent_covered": 100.0, "percent_covered_display": "100", "missing_lines": 0, "excluded_lines": 0}, "missing_lines": [], "excluded_lines": []}, "get_available_external_apis": {"executed_lines": [89], "summary": {"covered_lines": 1, "num_statements": 1, "percent_covered": 100.0, "percent_covered_display": "100", "missing_lines": 0, "excluded_lines": 0}, "missing_lines": [], "excluded_lines": []}, "": {"executed_lines": [1, 8, 9, 10, 13, 38, 68, 82], "summary": {"covered_lines": 7, "num_statements": 7, "percent_covered": 100.0, "percent_covered_display": "100", "missing_lines": 0, "excluded_lines": 0}, "missing_lines": [], "excluded_lines": []}}, "classes": {"": {"executed_lines": [1, 8, 9, 10, 13, 24, 25, 27, 28, 29, 30, 31, 32, 38, 49, 50, 52, 53, 56, 61, 62, 63, 65, 68, 78, 79, 82, 89], "summary": {"covered_lines": 27, "num_statements": 30, "percent_covered": 90.0, "percent_covered_display": "90", "missing_lines": 3, "excluded_lines": 0}, "missing_lines": [33, 34, 35], "excluded_lines": []}}}, "shared_package/config/constants.py": {"executed_lines": [1, 4, 5, 6, 9, 10, 11, 14, 20, 21, 24, 25, 26, 29, 30, 33, 34, 35, 38, 39, 42, 43, 46, 47, 48], "summary": {"covered_lines": 24, "num_statements": 24, "percent_covered": 100.0, "percent_covered_display": "100", "missing_lines": 0, "excluded_lines": 0}, "missing_lines": [], "excluded_lines": [], "functions": {"": {"executed_lines": [1, 4, 5, 6, 9, 10, 11, 14, 20, 21, 24, 25, 26, 29, 30, 33, 34, 35, 38, 39, 42, 43, 46, 47, 48], "summary": {"covered_lines": 24, "num_statements": 24, "percent_covered": 100.0, "percent_covered_display": "100", "missing_lines": 0, "excluded_lines": 0}, "missing_lines": [], "excluded_lines": []}}, "classes": {"": {"executed_lines": [1, 4, 5, 6, 9, 10, 11, 14, 20, 21, 24, 25, 26, 29, 30, 33, 34, 35, 38, 39, 42, 43, 46, 47, 48], "summary": {"covered_lines": 24, "num_statements": 24, "percent_covered": 100.0, "percent_covered_display": "100", "missing_lines": 0, "excluded_lines": 0}, "missing_lines": [], "excluded_lines": []}}}, "shared_package/config/models.py": {"executed_lines": [1, 8, 9, 10, 13, 14, 15, 16, 19, 20, 21, 22, 23, 24, 25, 26, 29, 30, 31, 32, 33, 34, 38, 86, 93, 101, 114, 115, 117, 121, 122, 123, 125, 127, 130, 133, 140, 143, 156, 157, 158, 159, 162, 172, 173, 174, 175, 176], "summary": {"covered_lines": 44, "num_statements": 45, "percent_covered": 97.77777777777777, "percent_covered_display": "98", "missing_lines": 1, "excluded_lines": 0}, "missing_lines": [128], "excluded_lines": [], "functions": {"get_model_config": {"executed_lines": [114, 115, 117, 121, 122, 123, 125, 127, 130], "summary": {"covered_lines": 9, "num_statements": 10, "percent_covered": 90.0, "percent_covered_display": "90", "missing_lines": 1, "excluded_lines": 0}, "missing_lines": [128], "excluded_lines": []}, "get_local_models": {"executed_lines": [140], "summary": {"covered_lines": 1, "num_statements": 1, "percent_covered": 100.0, "percent_covered_display": "100", "missing_lines": 0, "excluded_lines": 0}, "missing_lines": [], "excluded_lines": []}, "get_model_port": {"executed_lines": [156, 157, 158, 159], "summary": {"covered_lines": 4, "num_statements": 4, "percent_covered": 100.0, "percent_covered_display": "100", "missing_lines": 0, "excluded_lines": 0}, "missing_lines": [], "excluded_lines": []}, "is_local_model": {"executed_lines": [172, 173, 174, 175, 176], "summary": {"covered_lines": 5, "num_statements": 5, "percent_covered": 100.0, "percent_covered_display": "100", "missing_lines": 0, "excluded_lines": 0}, "missing_lines": [], "excluded_lines": []}, "": {"executed_lines": [1, 8, 9, 10, 13, 14, 15, 16, 19, 20, 21, 22, 23, 24, 25, 26, 29, 30, 31, 32, 33, 34, 38, 86, 93, 101, 133, 143, 162], "summary": {"covered_lines": 25, "num_statements": 25, "percent_covered": 100.0, "percent_covered_display": "100", "missing_lines": 0, "excluded_lines": 0}, "missing_lines": [], "excluded_lines": []}}, "classes": {"ModelType": {"executed_lines": [], "summary": {"covered_lines": 0, "num_statements": 0, "percent_covered": 100.0, "percent_covered_display": "100", "missing_lines": 0, "excluded_lines": 0}, "missing_lines": [], "excluded_lines": []}, "ModelName": {"executed_lines": [], "summary": {"covered_lines": 0, "num_statements": 0, "percent_covered": 100.0, "percent_covered_display": "100", "missing_lines": 0, "excluded_lines": 0}, "missing_lines": [], "excluded_lines": []}, "ModelPort": {"executed_lines": [], "summary": {"covered_lines": 0, "num_statements": 0, "percent_covered": 100.0, "percent_covered_display": "100", "missing_lines": 0, "excluded_lines": 0}, "missing_lines": [], "excluded_lines": []}, "": {"executed_lines": [1, 8, 9, 10, 13, 14, 15, 16, 19, 20, 21, 22, 23, 24, 25, 26, 29, 30, 31, 32, 33, 34, 38, 86, 93, 101, 114, 115, 117, 121, 122, 123, 125, 127, 130, 133, 140, 143, 156, 157, 158, 159, 162, 172, 173, 174, 175, 176], "summary": {"covered_lines": 44, "num_statements": 45, "percent_covered": 97.77777777777777, "percent_covered_display": "98", "missing_lines": 1, "excluded_lines": 0}, "missing_lines": [128], "excluded_lines": []}}}, "shared_package/exceptions/__init__.py": {"executed_lines": [1], "summary": {"covered_lines": 0, "num_statements": 0, "percent_covered": 100.0, "percent_covered_display": "100", "missing_lines": 0, "excluded_lines": 0}, "missing_lines": [], "excluded_lines": [], "functions": {"": {"executed_lines": [1], "summary": {"covered_lines": 0, "num_statements": 0, "percent_covered": 100.0, "percent_covered_display": "100", "missing_lines": 0, "excluded_lines": 0}, "missing_lines": [], "excluded_lines": []}}, "classes": {"": {"executed_lines": [1], "summary": {"covered_lines": 0, "num_statements": 0, "percent_covered": 100.0, "percent_covered_display": "100", "missing_lines": 0, "excluded_lines": 0}, "missing_lines": [], "excluded_lines": []}}}, "shared_package/exceptions/model_errors.py": {"executed_lines": [1, 8, 9, 14, 17, 18, 24, 27, 28, 34, 37, 38, 44, 47, 48, 54, 57, 58, 64], "summary": {"covered_lines": 12, "num_statements": 12, "percent_covered": 100.0, "percent_covered_display": "100", "missing_lines": 0, "excluded_lines": 0}, "missing_lines": [], "excluded_lines": [], "functions": {"": {"executed_lines": [1, 8, 9, 14, 17, 18, 24, 27, 28, 34, 37, 38, 44, 47, 48, 54, 57, 58, 64], "summary": {"covered_lines": 12, "num_statements": 12, "percent_covered": 100.0, "percent_covered_display": "100", "missing_lines": 0, "excluded_lines": 0}, "missing_lines": [], "excluded_lines": []}}, "classes": {"ModelClientError": {"executed_lines": [], "summary": {"covered_lines": 0, "num_statements": 0, "percent_covered": 100.0, "percent_covered_display": "100", "missing_lines": 0, "excluded_lines": 0}, "missing_lines": [], "excluded_lines": []}, "ModelConnectionError": {"executed_lines": [], "summary": {"covered_lines": 0, "num_statements": 0, "percent_covered": 100.0, "percent_covered_display": "100", "missing_lines": 0, "excluded_lines": 0}, "missing_lines": [], "excluded_lines": []}, "ModelRequestError": {"executed_lines": [], "summary": {"covered_lines": 0, "num_statements": 0, "percent_covered": 100.0, "percent_covered_display": "100", "missing_lines": 0, "excluded_lines": 0}, "missing_lines": [], "excluded_lines": []}, "ModelTimeoutError": {"executed_lines": [], "summary": {"covered_lines": 0, "num_statements": 0, "percent_covered": 100.0, "percent_covered_display": "100", "missing_lines": 0, "excluded_lines": 0}, "missing_lines": [], "excluded_lines": []}, "ModelConfigurationError": {"executed_lines": [], "summary": {"covered_lines": 0, "num_statements": 0, "percent_covered": 100.0, "percent_covered_display": "100", "missing_lines": 0, "excluded_lines": 0}, "missing_lines": [], "excluded_lines": []}, "ModelNotAvailableError": {"executed_lines": [], "summary": {"covered_lines": 0, "num_statements": 0, "percent_covered": 100.0, "percent_covered_display": "100", "missing_lines": 0, "excluded_lines": 0}, "missing_lines": [], "excluded_lines": []}, "": {"executed_lines": [1, 8, 9, 14, 17, 18, 24, 27, 28, 34, 37, 38, 44, 47, 48, 54, 57, 58, 64], "summary": {"covered_lines": 12, "num_statements": 12, "percent_covered": 100.0, "percent_covered_display": "100", "missing_lines": 0, "excluded_lines": 0}, "missing_lines": [], "excluded_lines": []}}}, "shared_package/orchestration/__init__.py": {"executed_lines": [1, 8, 16, 22, 23, 25], "summary": {"covered_lines": 5, "num_statements": 5, "percent_covered": 100.0, "percent_covered_display": "100", "missing_lines": 0, "excluded_lines": 0}, "missing_lines": [], "excluded_lines": [], "functions": {"": {"executed_lines": [1, 8, 16, 22, 23, 25], "summary": {"covered_lines": 5, "num_statements": 5, "percent_covered": 100.0, "percent_covered_display": "100", "missing_lines": 0, "excluded_lines": 0}, "missing_lines": [], "excluded_lines": []}}, "classes": {"": {"executed_lines": [1, 8, 16, 22, 23, 25], "summary": {"covered_lines": 5, "num_statements": 5, "percent_covered": 100.0, "percent_covered_display": "100", "missing_lines": 0, "excluded_lines": 0}, "missing_lines": [], "excluded_lines": []}}}, "shared_package/orchestration/adapters.py": {"executed_lines": [1, 11, 12, 13, 14, 15, 17, 18, 20, 22, 25, 26, 28, 29, 32, 33, 39, 40, 41, 42, 45, 46, 57, 64, 65, 67, 68, 88, 89, 101, 102, 112, 113, 124, 131, 132, 133, 134, 136, 144, 145, 147, 154, 155, 156, 158, 177, 178, 180, 182, 184, 185, 186, 187, 188, 189, 191, 201, 203, 204, 206, 208, 215, 218, 219, 230, 242, 243, 244, 245, 246, 248, 255, 256, 257, 258, 260, 262, 263, 265, 283, 284, 287, 289, 291, 292, 293, 294, 295, 296, 297, 298, 300, 301, 303, 304, 305, 307, 308, 310, 311, 313, 323, 324, 326, 327, 328, 329, 330, 331, 333, 334, 336, 338, 345, 348, 349, 359, 360, 372, 374, 375, 389, 391, 392, 409, 410, 411, 412, 413, 414, 415, 417], "summary": {"covered_lines": 126, "num_statements": 129, "percent_covered": 97.67441860465117, "percent_covered_display": "98", "missing_lines": 3, "excluded_lines": 0}, "missing_lines": [86, 99, 109], "excluded_lines": [], "functions": {"CommunicationAdapter.__init__": {"executed_lines": [64, 65], "summary": {"covered_lines": 2, "num_statements": 2, "percent_covered": 100.0, "percent_covered_display": "100", "missing_lines": 0, "excluded_lines": 0}, "missing_lines": [], "excluded_lines": []}, "CommunicationAdapter.send_request": {"executed_lines": [], "summary": {"covered_lines": 0, "num_statements": 1, "percent_covered": 0.0, "percent_covered_display": "0", "missing_lines": 1, "excluded_lines": 0}, "missing_lines": [86], "excluded_lines": []}, "CommunicationAdapter.is_available": {"executed_lines": [], "summary": {"covered_lines": 0, "num_statements": 1, "percent_covered": 0.0, "percent_covered_display": "0", "missing_lines": 1, "excluded_lines": 0}, "missing_lines": [99], "excluded_lines": []}, "CommunicationAdapter.get_adapter_type": {"executed_lines": [], "summary": {"covered_lines": 0, "num_statements": 1, "percent_covered": 0.0, "percent_covered_display": "0", "missing_lines": 1, "excluded_lines": 0}, "missing_lines": [109], "excluded_lines": []}, "DirectAdapter.__init__": {"executed_lines": [131, 132, 133, 134], "summary": {"covered_lines": 4, "num_statements": 4, "percent_covered": 100.0, "percent_covered_display": "100", "missing_lines": 0, "excluded_lines": 0}, "missing_lines": [], "excluded_lines": []}, "DirectAdapter.register_agent": {"executed_lines": [144, 145], "summary": {"covered_lines": 2, "num_statements": 2, "percent_covered": 100.0, "percent_covered_display": "100", "missing_lines": 0, "excluded_lines": 0}, "missing_lines": [], "excluded_lines": []}, "DirectAdapter.unregister_agent": {"executed_lines": [154, 155, 156], "summary": {"covered_lines": 3, "num_statements": 3, "percent_covered": 100.0, "percent_covered_display": "100", "missing_lines": 0, "excluded_lines": 0}, "missing_lines": [], "excluded_lines": []}, "DirectAdapter.send_request": {"executed_lines": [177, 178, 180, 182, 184, 185, 186, 187, 188, 189], "summary": {"covered_lines": 10, "num_statements": 10, "percent_covered": 100.0, "percent_covered_display": "100", "missing_lines": 0, "excluded_lines": 0}, "missing_lines": [], "excluded_lines": []}, "DirectAdapter.is_available": {"executed_lines": [201], "summary": {"covered_lines": 1, "num_statements": 1, "percent_covered": 100.0, "percent_covered_display": "100", "missing_lines": 0, "excluded_lines": 0}, "missing_lines": [], "excluded_lines": []}, "DirectAdapter.adapter_type": {"executed_lines": [206], "summary": {"covered_lines": 1, "num_statements": 1, "percent_covered": 100.0, "percent_covered_display": "100", "missing_lines": 0, "excluded_lines": 0}, "missing_lines": [], "excluded_lines": []}, "DirectAdapter.get_adapter_type": {"executed_lines": [215], "summary": {"covered_lines": 1, "num_statements": 1, "percent_covered": 100.0, "percent_covered_display": "100", "missing_lines": 0, "excluded_lines": 0}, "missing_lines": [], "excluded_lines": []}, "RestAdapter.__init__": {"executed_lines": [242, 243, 244, 245, 246], "summary": {"covered_lines": 5, "num_statements": 5, "percent_covered": 100.0, "percent_covered_display": "100", "missing_lines": 0, "excluded_lines": 0}, "missing_lines": [], "excluded_lines": []}, "RestAdapter._get_session": {"executed_lines": [255, 256, 257, 258], "summary": {"covered_lines": 4, "num_statements": 4, "percent_covered": 100.0, "percent_covered_display": "100", "missing_lines": 0, "excluded_lines": 0}, "missing_lines": [], "excluded_lines": []}, "RestAdapter.close": {"executed_lines": [262, 263], "summary": {"covered_lines": 2, "num_statements": 2, "percent_covered": 100.0, "percent_covered_display": "100", "missing_lines": 0, "excluded_lines": 0}, "missing_lines": [], "excluded_lines": []}, "RestAdapter.send_request": {"executed_lines": [283, 284, 287, 289, 291, 292, 293, 294, 295, 296, 297, 298, 300, 301, 303, 304, 305, 307, 308, 310, 311], "summary": {"covered_lines": 21, "num_statements": 21, "percent_covered": 100.0, "percent_covered_display": "100", "missing_lines": 0, "excluded_lines": 0}, "missing_lines": [], "excluded_lines": []}, "RestAdapter.is_available": {"executed_lines": [323, 324, 326, 327, 328, 329, 330, 331], "summary": {"covered_lines": 8, "num_statements": 8, "percent_covered": 100.0, "percent_covered_display": "100", "missing_lines": 0, "excluded_lines": 0}, "missing_lines": [], "excluded_lines": []}, "RestAdapter.adapter_type": {"executed_lines": [336], "summary": {"covered_lines": 1, "num_statements": 1, "percent_covered": 100.0, "percent_covered_display": "100", "missing_lines": 0, "excluded_lines": 0}, "missing_lines": [], "excluded_lines": []}, "RestAdapter.get_adapter_type": {"executed_lines": [345], "summary": {"covered_lines": 1, "num_statements": 1, "percent_covered": 100.0, "percent_covered_display": "100", "missing_lines": 0, "excluded_lines": 0}, "missing_lines": [], "excluded_lines": []}, "AdapterFactory.create_direct_adapter": {"executed_lines": [372], "summary": {"covered_lines": 1, "num_statements": 1, "percent_covered": 100.0, "percent_covered_display": "100", "missing_lines": 0, "excluded_lines": 0}, "missing_lines": [], "excluded_lines": []}, "AdapterFactory.create_rest_adapter": {"executed_lines": [389], "summary": {"covered_lines": 1, "num_statements": 1, "percent_covered": 100.0, "percent_covered_display": "100", "missing_lines": 0, "excluded_lines": 0}, "missing_lines": [], "excluded_lines": []}, "AdapterFactory.create_adapter": {"executed_lines": [409, 410, 411, 412, 413, 414, 415, 417], "summary": {"covered_lines": 8, "num_statements": 8, "percent_covered": 100.0, "percent_covered_display": "100", "missing_lines": 0, "excluded_lines": 0}, "missing_lines": [], "excluded_lines": []}, "": {"executed_lines": [1, 11, 12, 13, 14, 15, 17, 18, 20, 22, 25, 26, 28, 29, 32, 33, 39, 40, 41, 42, 45, 46, 57, 67, 68, 88, 89, 101, 102, 112, 113, 124, 136, 147, 158, 191, 203, 204, 208, 218, 219, 230, 248, 260, 265, 313, 333, 334, 338, 348, 349, 359, 360, 374, 375, 391, 392], "summary": {"covered_lines": 50, "num_statements": 50, "percent_covered": 100.0, "percent_covered_display": "100", "missing_lines": 0, "excluded_lines": 0}, "missing_lines": [], "excluded_lines": []}}, "classes": {"AdapterType": {"executed_lines": [], "summary": {"covered_lines": 0, "num_statements": 0, "percent_covered": 100.0, "percent_covered_display": "100", "missing_lines": 0, "excluded_lines": 0}, "missing_lines": [], "excluded_lines": []}, "AdapterConfig": {"executed_lines": [], "summary": {"covered_lines": 0, "num_statements": 0, "percent_covered": 100.0, "percent_covered_display": "100", "missing_lines": 0, "excluded_lines": 0}, "missing_lines": [], "excluded_lines": []}, "CommunicationAdapter": {"executed_lines": [64, 65], "summary": {"covered_lines": 2, "num_statements": 5, "percent_covered": 40.0, "percent_covered_display": "40", "missing_lines": 3, "excluded_lines": 0}, "missing_lines": [86, 99, 109], "excluded_lines": []}, "DirectAdapter": {"executed_lines": [131, 132, 133, 134, 144, 145, 154, 155, 156, 177, 178, 180, 182, 184, 185, 186, 187, 188, 189, 201, 206, 215], "summary": {"covered_lines": 22, "num_statements": 22, "percent_covered": 100.0, "percent_covered_display": "100", "missing_lines": 0, "excluded_lines": 0}, "missing_lines": [], "excluded_lines": []}, "RestAdapter": {"executed_lines": [242, 243, 244, 245, 246, 255, 256, 257, 258, 262, 263, 283, 284, 287, 289, 291, 292, 293, 294, 295, 296, 297, 298, 300, 301, 303, 304, 305, 307, 308, 310, 311, 323, 324, 326, 327, 328, 329, 330, 331, 336, 345], "summary": {"covered_lines": 42, "num_statements": 42, "percent_covered": 100.0, "percent_covered_display": "100", "missing_lines": 0, "excluded_lines": 0}, "missing_lines": [], "excluded_lines": []}, "AdapterFactory": {"executed_lines": [372, 389, 409, 410, 411, 412, 413, 414, 415, 417], "summary": {"covered_lines": 10, "num_statements": 10, "percent_covered": 100.0, "percent_covered_display": "100", "missing_lines": 0, "excluded_lines": 0}, "missing_lines": [], "excluded_lines": []}, "": {"executed_lines": [1, 11, 12, 13, 14, 15, 17, 18, 20, 22, 25, 26, 28, 29, 32, 33, 39, 40, 41, 42, 45, 46, 57, 67, 68, 88, 89, 101, 102, 112, 113, 124, 136, 147, 158, 191, 203, 204, 208, 218, 219, 230, 248, 260, 265, 313, 333, 334, 338, 348, 349, 359, 360, 374, 375, 391, 392], "summary": {"covered_lines": 50, "num_statements": 50, "percent_covered": 100.0, "percent_covered_display": "100", "missing_lines": 0, "excluded_lines": 0}, "missing_lines": [], "excluded_lines": []}}}, "shared_package/orchestration/base_orchestrator.py": {"executed_lines": [1, 12, 13, 14, 15, 16, 18, 20, 21, 24, 25, 27, 28, 29, 30, 31, 34, 35, 41, 42, 43, 44, 45, 47, 48, 52, 53, 58, 59, 65, 66, 67, 68, 69, 72, 73, 75, 77, 78, 79, 80, 81, 83, 84, 88, 90, 91, 94, 98, 100, 101, 103, 104, 106, 107, 110, 114, 115, 117, 119, 121, 122, 124, 126, 133, 134, 135, 136, 137, 138, 141, 142, 143, 144, 146, 158, 160, 175, 176, 177, 180, 192, 193, 195, 196, 197, 200, 201, 203, 204, 207, 210, 211, 212, 213, 214, 216, 222, 224, 226, 228, 229, 232, 234, 238, 258], "summary": {"covered_lines": 101, "num_statements": 122, "percent_covered": 82.78688524590164, "percent_covered_display": "83", "missing_lines": 21, "excluded_lines": 0}, "missing_lines": [50, 55, 86, 95, 147, 149, 150, 151, 154, 155, 156, 178, 230, 231, 236, 245, 248, 250, 254, 256, 265], "excluded_lines": [], "functions": {"OrchestrationResult.success": {"executed_lines": [], "summary": {"covered_lines": 0, "num_statements": 1, "percent_covered": 0.0, "percent_covered_display": "0", "missing_lines": 1, "excluded_lines": 0}, "missing_lines": [50], "excluded_lines": []}, "OrchestrationResult.failed_agents": {"executed_lines": [], "summary": {"covered_lines": 0, "num_statements": 1, "percent_covered": 0.0, "percent_covered_display": "0", "missing_lines": 1, "excluded_lines": 0}, "missing_lines": [55], "excluded_lines": []}, "BaseOrchestrator.__init__": {"executed_lines": [77, 78, 79, 80, 81], "summary": {"covered_lines": 5, "num_statements": 5, "percent_covered": 100.0, "percent_covered_display": "100", "missing_lines": 0, "excluded_lines": 0}, "missing_lines": [], "excluded_lines": []}, "BaseOrchestrator.orchestrate": {"executed_lines": [], "summary": {"covered_lines": 0, "num_statements": 1, "percent_covered": 0.0, "percent_covered_display": "0", "missing_lines": 1, "excluded_lines": 0}, "missing_lines": [86], "excluded_lines": []}, "BaseOrchestrator._execute_agent": {"executed_lines": [90, 91, 94, 98, 100, 101, 103, 104, 106, 107, 110, 114, 115, 117], "summary": {"covered_lines": 14, "num_statements": 15, "percent_covered": 93.33333333333333, "percent_covered_display": "93", "missing_lines": 1, "excluded_lines": 0}, "missing_lines": [95], "excluded_lines": []}, "BaseOrchestrator._wait_for_completion": {"executed_lines": [121, 122, 124, 126, 133, 134, 135, 136, 137, 138, 141, 142, 143, 144, 146, 158], "summary": {"covered_lines": 16, "num_statements": 23, "percent_covered": 69.56521739130434, "percent_covered_display": "70", "missing_lines": 7, "excluded_lines": 0}, "missing_lines": [147, 149, 150, 151, 154, 155, 156], "excluded_lines": []}, "BaseOrchestrator._get_agent_id_for_task": {"executed_lines": [175, 176, 177], "summary": {"covered_lines": 3, "num_statements": 4, "percent_covered": 75.0, "percent_covered_display": "75", "missing_lines": 1, "excluded_lines": 0}, "missing_lines": [178], "excluded_lines": []}, "BaseOrchestrator.execute": {"executed_lines": [192, 193, 195, 196, 197, 200, 201, 203, 204, 207, 210, 211, 212, 213, 214, 216, 222, 224], "summary": {"covered_lines": 18, "num_statements": 18, "percent_covered": 100.0, "percent_covered_display": "100", "missing_lines": 0, "excluded_lines": 0}, "missing_lines": [], "excluded_lines": []}, "BaseOrchestrator.cancel": {"executed_lines": [228, 229, 232], "summary": {"covered_lines": 3, "num_statements": 5, "percent_covered": 60.0, "percent_covered_display": "60", "missing_lines": 2, "excluded_lines": 0}, "missing_lines": [230, 231], "excluded_lines": []}, "BaseOrchestrator.is_running": {"executed_lines": [], "summary": {"covered_lines": 0, "num_statements": 1, "percent_covered": 0.0, "percent_covered_display": "0", "missing_lines": 1, "excluded_lines": 0}, "missing_lines": [236], "excluded_lines": []}, "BaseOrchestrator.health_check": {"executed_lines": [], "summary": {"covered_lines": 0, "num_statements": 5, "percent_covered": 0.0, "percent_covered_display": "0", "missing_lines": 5, "excluded_lines": 0}, "missing_lines": [245, 248, 250, 254, 256], "excluded_lines": []}, "BaseOrchestrator.get_statistics": {"executed_lines": [], "summary": {"covered_lines": 0, "num_statements": 1, "percent_covered": 0.0, "percent_covered_display": "0", "missing_lines": 1, "excluded_lines": 0}, "missing_lines": [265], "excluded_lines": []}, "": {"executed_lines": [1, 12, 13, 14, 15, 16, 18, 20, 21, 24, 25, 27, 28, 29, 30, 31, 34, 35, 41, 42, 43, 44, 45, 47, 48, 52, 53, 58, 59, 65, 66, 67, 68, 69, 72, 73, 75, 83, 84, 88, 119, 160, 180, 226, 234, 238, 258], "summary": {"covered_lines": 42, "num_statements": 42, "percent_covered": 100.0, "percent_covered_display": "100", "missing_lines": 0, "excluded_lines": 0}, "missing_lines": [], "excluded_lines": []}}, "classes": {"OrchestrationStatus": {"executed_lines": [], "summary": {"covered_lines": 0, "num_statements": 0, "percent_covered": 100.0, "percent_covered_display": "100", "missing_lines": 0, "excluded_lines": 0}, "missing_lines": [], "excluded_lines": []}, "OrchestrationResult": {"executed_lines": [], "summary": {"covered_lines": 0, "num_statements": 2, "percent_covered": 0.0, "percent_covered_display": "0", "missing_lines": 2, "excluded_lines": 0}, "missing_lines": [50, 55], "excluded_lines": []}, "OrchestrationConfig": {"executed_lines": [], "summary": {"covered_lines": 0, "num_statements": 0, "percent_covered": 100.0, "percent_covered_display": "100", "missing_lines": 0, "excluded_lines": 0}, "missing_lines": [], "excluded_lines": []}, "BaseOrchestrator": {"executed_lines": [77, 78, 79, 80, 81, 90, 91, 94, 98, 100, 101, 103, 104, 106, 107, 110, 114, 115, 117, 121, 122, 124, 126, 133, 134, 135, 136, 137, 138, 141, 142, 143, 144, 146, 158, 175, 176, 177, 192, 193, 195, 196, 197, 200, 201, 203, 204, 207, 210, 211, 212, 213, 214, 216, 222, 224, 228, 229, 232], "summary": {"covered_lines": 59, "num_statements": 78, "percent_covered": 75.64102564102564, "percent_covered_display": "76", "missing_lines": 19, "excluded_lines": 0}, "missing_lines": [86, 95, 147, 149, 150, 151, 154, 155, 156, 178, 230, 231, 236, 245, 248, 250, 254, 256, 265], "excluded_lines": []}, "": {"executed_lines": [1, 12, 13, 14, 15, 16, 18, 20, 21, 24, 25, 27, 28, 29, 30, 31, 34, 35, 41, 42, 43, 44, 45, 47, 48, 52, 53, 58, 59, 65, 66, 67, 68, 69, 72, 73, 75, 83, 84, 88, 119, 160, 180, 226, 234, 238, 258], "summary": {"covered_lines": 42, "num_statements": 42, "percent_covered": 100.0, "percent_covered_display": "100", "missing_lines": 0, "excluded_lines": 0}, "missing_lines": [], "excluded_lines": []}}}, "shared_package/orchestration/parallel.py": {"executed_lines": [1, 12, 13, 14, 15, 16, 18, 19, 20, 28, 29, 40, 52, 53, 54, 56, 74, 75, 78, 79, 80, 83, 86, 87, 89, 91, 94, 95, 97, 98, 99, 101, 104, 106, 108, 109, 110, 111, 113, 115, 123, 129, 131, 132, 133, 135, 145, 147, 165, 166, 169, 171, 188, 189, 191, 192, 193, 196, 197, 202, 204, 205, 209, 212, 213, 216, 217, 220, 225, 227, 229, 231, 234, 236, 256, 273, 274, 277, 278, 279, 282, 284, 286, 292, 293, 295, 296, 297, 298, 299, 300, 301, 302, 307, 312, 316, 317, 319, 320, 321, 334, 336, 338, 358], "summary": {"covered_lines": 102, "num_statements": 134, "percent_covered": 76.11940298507463, "percent_covered_display": "76", "missing_lines": 32, "excluded_lines": 0}, "missing_lines": [81, 107, 167, 206, 207, 221, 222, 228, 230, 232, 244, 245, 246, 248, 303, 304, 308, 309, 313, 324, 325, 326, 327, 328, 330, 331, 332, 346, 347, 348, 350, 365], "excluded_lines": [], "functions": {"ParallelOrchestrator.__init__": {"executed_lines": [52, 53, 54], "summary": {"covered_lines": 3, "num_statements": 3, "percent_covered": 100.0, "percent_covered_display": "100", "missing_lines": 0, "excluded_lines": 0}, "missing_lines": [], "excluded_lines": []}, "ParallelOrchestrator.orchestrate": {"executed_lines": [74, 75, 78, 79, 80, 83, 86, 87, 89, 91, 94, 95, 97, 98, 99, 101, 104, 106, 108, 109, 110, 111, 113, 115, 123, 129, 131, 132, 133, 135, 145], "summary": {"covered_lines": 31, "num_statements": 33, "percent_covered": 93.93939393939394, "percent_covered_display": "94", "missing_lines": 2, "excluded_lines": 0}, "missing_lines": [81, 107], "excluded_lines": []}, "ParallelOrchestrator._execute_agent_with_semaphore": {"executed_lines": [165, 166, 169], "summary": {"covered_lines": 3, "num_statements": 4, "percent_covered": 75.0, "percent_covered_display": "75", "missing_lines": 1, "excluded_lines": 0}, "missing_lines": [167], "excluded_lines": []}, "ParallelOrchestrator.orchestrate_with_batching": {"executed_lines": [188, 189, 191, 192, 193, 196, 197, 202, 204, 205, 209, 212, 213, 216, 217, 220, 225, 227, 229, 231, 234, 236], "summary": {"covered_lines": 22, "num_statements": 33, "percent_covered": 66.66666666666667, "percent_covered_display": "67", "missing_lines": 11, "excluded_lines": 0}, "missing_lines": [206, 207, 221, 222, 228, 230, 232, 244, 245, 246, 248], "excluded_lines": []}, "ParallelOrchestrator.orchestrate_with_race": {"executed_lines": [273, 274, 277, 278, 279, 282, 284, 286, 292, 293, 295, 296, 297, 298, 299, 300, 301, 302, 307, 312, 316, 317, 319, 320, 321, 334, 336, 338], "summary": {"covered_lines": 28, "num_statements": 45, "percent_covered": 62.22222222222222, "percent_covered_display": "62", "missing_lines": 17, "excluded_lines": 0}, "missing_lines": [303, 304, 308, 309, 313, 324, 325, 326, 327, 328, 330, 331, 332, 346, 347, 348, 350], "excluded_lines": []}, "ParallelOrchestrator.get_concurrency_status": {"executed_lines": [], "summary": {"covered_lines": 0, "num_statements": 1, "percent_covered": 0.0, "percent_covered_display": "0", "missing_lines": 1, "excluded_lines": 0}, "missing_lines": [365], "excluded_lines": []}, "": {"executed_lines": [1, 12, 13, 14, 15, 16, 18, 19, 20, 28, 29, 40, 56, 147, 171, 256, 358], "summary": {"covered_lines": 15, "num_statements": 15, "percent_covered": 100.0, "percent_covered_display": "100", "missing_lines": 0, "excluded_lines": 0}, "missing_lines": [], "excluded_lines": []}}, "classes": {"ParallelOrchestrator": {"executed_lines": [52, 53, 54, 74, 75, 78, 79, 80, 83, 86, 87, 89, 91, 94, 95, 97, 98, 99, 101, 104, 106, 108, 109, 110, 111, 113, 115, 123, 129, 131, 132, 133, 135, 145, 165, 166, 169, 188, 189, 191, 192, 193, 196, 197, 202, 204, 205, 209, 212, 213, 216, 217, 220, 225, 227, 229, 231, 234, 236, 273, 274, 277, 278, 279, 282, 284, 286, 292, 293, 295, 296, 297, 298, 299, 300, 301, 302, 307, 312, 316, 317, 319, 320, 321, 334, 336, 338], "summary": {"covered_lines": 87, "num_statements": 119, "percent_covered": 73.10924369747899, "percent_covered_display": "73", "missing_lines": 32, "excluded_lines": 0}, "missing_lines": [81, 107, 167, 206, 207, 221, 222, 228, 230, 232, 244, 245, 246, 248, 303, 304, 308, 309, 313, 324, 325, 326, 327, 328, 330, 331, 332, 346, 347, 348, 350, 365], "excluded_lines": []}, "": {"executed_lines": [1, 12, 13, 14, 15, 16, 18, 19, 20, 28, 29, 40, 56, 147, 171, 256, 358], "summary": {"covered_lines": 15, "num_statements": 15, "percent_covered": 100.0, "percent_covered_display": "100", "missing_lines": 0, "excluded_lines": 0}, "missing_lines": [], "excluded_lines": []}}}, "shared_package/orchestration/sequential.py": {"executed_lines": [1, 12, 13, 14, 15, 17, 18, 19, 27, 28, 39, 51, 52, 54, 72, 73, 76, 77, 78, 80, 82, 83, 84, 85, 87, 89, 91, 94, 95, 98, 100, 103, 107, 108, 109, 110, 112, 117, 119, 120, 121, 122, 123, 126, 128, 136, 142, 156, 174, 176, 178, 185, 191, 206, 214, 215, 218, 219, 221, 223, 246, 249, 250, 252, 253, 254, 257, 258, 259, 261, 262, 265, 272, 278, 279, 281, 283], "summary": {"covered_lines": 75, "num_statements": 87, "percent_covered": 86.20689655172414, "percent_covered_display": "86", "missing_lines": 12, "excluded_lines": 0}, "missing_lines": [104, 105, 113, 114, 124, 144, 145, 146, 148, 267, 269, 290], "excluded_lines": [], "functions": {"SequentialOrchestrator.__init__": {"executed_lines": [51, 52], "summary": {"covered_lines": 2, "num_statements": 2, "percent_covered": 100.0, "percent_covered_display": "100", "missing_lines": 0, "excluded_lines": 0}, "missing_lines": [], "excluded_lines": []}, "SequentialOrchestrator.orchestrate": {"executed_lines": [72, 73, 76, 77, 78, 80, 82, 83, 84, 85, 87, 89, 91, 94, 95, 98, 100, 103, 107, 108, 109, 110, 112, 117, 119, 120, 121, 122, 123, 126, 128, 136, 142], "summary": {"covered_lines": 33, "num_statements": 42, "percent_covered": 78.57142857142857, "percent_covered_display": "79", "missing_lines": 9, "excluded_lines": 0}, "missing_lines": [104, 105, 113, 114, 124, 144, 145, 146, 148], "excluded_lines": []}, "SequentialOrchestrator._prepare_request": {"executed_lines": [174, 176, 178, 185], "summary": {"covered_lines": 4, "num_statements": 4, "percent_covered": 100.0, "percent_covered_display": "100", "missing_lines": 0, "excluded_lines": 0}, "missing_lines": [], "excluded_lines": []}, "SequentialOrchestrator._extract_context": {"executed_lines": [206, 214, 215, 218, 219, 221], "summary": {"covered_lines": 6, "num_statements": 6, "percent_covered": 100.0, "percent_covered_display": "100", "missing_lines": 0, "excluded_lines": 0}, "missing_lines": [], "excluded_lines": []}, "SequentialOrchestrator.orchestrate_with_pipeline": {"executed_lines": [246, 249, 250, 252, 253, 254, 257, 258, 259, 261, 262, 265, 272, 278, 279, 281], "summary": {"covered_lines": 16, "num_statements": 18, "percent_covered": 88.88888888888889, "percent_covered_display": "89", "missing_lines": 2, "excluded_lines": 0}, "missing_lines": [267, 269], "excluded_lines": []}, "SequentialOrchestrator.get_pipeline_status": {"executed_lines": [], "summary": {"covered_lines": 0, "num_statements": 1, "percent_covered": 0.0, "percent_covered_display": "0", "missing_lines": 1, "excluded_lines": 0}, "missing_lines": [290], "excluded_lines": []}, "": {"executed_lines": [1, 12, 13, 14, 15, 17, 18, 19, 27, 28, 39, 54, 156, 191, 223, 283], "summary": {"covered_lines": 14, "num_statements": 14, "percent_covered": 100.0, "percent_covered_display": "100", "missing_lines": 0, "excluded_lines": 0}, "missing_lines": [], "excluded_lines": []}}, "classes": {"SequentialOrchestrator": {"executed_lines": [51, 52, 72, 73, 76, 77, 78, 80, 82, 83, 84, 85, 87, 89, 91, 94, 95, 98, 100, 103, 107, 108, 109, 110, 112, 117, 119, 120, 121, 122, 123, 126, 128, 136, 142, 174, 176, 178, 185, 206, 214, 215, 218, 219, 221, 246, 249, 250, 252, 253, 254, 257, 258, 259, 261, 262, 265, 272, 278, 279, 281], "summary": {"covered_lines": 61, "num_statements": 73, "percent_covered": 83.56164383561644, "percent_covered_display": "84", "missing_lines": 12, "excluded_lines": 0}, "missing_lines": [104, 105, 113, 114, 124, 144, 145, 146, 148, 267, 269, 290], "excluded_lines": []}, "": {"executed_lines": [1, 12, 13, 14, 15, 17, 18, 19, 27, 28, 39, 54, 156, 191, 223, 283], "summary": {"covered_lines": 14, "num_statements": 14, "percent_covered": 100.0, "percent_covered_display": "100", "missing_lines": 0, "excluded_lines": 0}, "missing_lines": [], "excluded_lines": []}}}, "shared_package/utils/__init__.py": {"executed_lines": [], "summary": {"covered_lines": 0, "num_statements": 0, "percent_covered": 100.0, "percent_covered_display": "100", "missing_lines": 0, "excluded_lines": 0}, "missing_lines": [], "excluded_lines": [], "functions": {"": {"executed_lines": [], "summary": {"covered_lines": 0, "num_statements": 0, "percent_covered": 100.0, "percent_covered_display": "100", "missing_lines": 0, "excluded_lines": 0}, "missing_lines": [], "excluded_lines": []}}, "classes": {"": {"executed_lines": [], "summary": {"covered_lines": 0, "num_statements": 0, "percent_covered": 100.0, "percent_covered_display": "100", "missing_lines": 0, "excluded_lines": 0}, "missing_lines": [], "excluded_lines": []}}}, "shared_package/validation/__init__.py": {"executed_lines": [1, 8, 21], "summary": {"covered_lines": 2, "num_statements": 2, "percent_covered": 100.0, "percent_covered_display": "100", "missing_lines": 0, "excluded_lines": 0}, "missing_lines": [], "excluded_lines": [], "functions": {"": {"executed_lines": [1, 8, 21], "summary": {"covered_lines": 2, "num_statements": 2, "percent_covered": 100.0, "percent_covered_display": "100", "missing_lines": 0, "excluded_lines": 0}, "missing_lines": [], "excluded_lines": []}}, "classes": {"": {"executed_lines": [1, 8, 21], "summary": {"covered_lines": 2, "num_statements": 2, "percent_covered": 100.0, "percent_covered_display": "100", "missing_lines": 0, "excluded_lines": 0}, "missing_lines": [], "excluded_lines": []}}}, "shared_package/validation/models.py": {"executed_lines": [1, 8, 9, 10, 13, 14, 21, 27, 33, 39, 46, 47, 48, 50, 51, 52, 54, 55, 56, 59, 62, 71, 72, 73, 75, 77, 78, 79, 81, 83, 85, 86, 87, 89, 91, 94, 95, 102, 108, 113, 118, 123, 129, 135, 136, 137, 140, 141, 143, 144, 146, 147, 148, 149, 152, 153, 159, 164, 171, 172, 173, 176, 179, 188, 189, 190, 192, 195, 196, 202, 208, 214, 221, 222, 223, 225, 229, 230, 233, 234, 235, 237, 240, 241, 245, 252, 253, 254, 261, 262, 264, 265, 266, 267, 270, 283, 284, 285, 286, 289, 302, 303, 308, 321, 322, 327, 337, 338, 341, 344, 346], "summary": {"covered_lines": 104, "num_statements": 114, "percent_covered": 91.2280701754386, "percent_covered_display": "91", "missing_lines": 10, "excluded_lines": 0}, "missing_lines": [82, 90, 226, 256, 257, 258, 304, 305, 323, 324], "excluded_lines": [], "functions": {"ModelRequest.validate_model_name": {"executed_lines": [50, 51, 52], "summary": {"covered_lines": 3, "num_statements": 3, "percent_covered": 100.0, "percent_covered_display": "100", "missing_lines": 0, "excluded_lines": 0}, "missing_lines": [], "excluded_lines": []}, "ModelRequest.validate_prompt": {"executed_lines": [59, 62, 71, 72, 73, 75], "summary": {"covered_lines": 6, "num_statements": 6, "percent_covered": 100.0, "percent_covered_display": "100", "missing_lines": 0, "excluded_lines": 0}, "missing_lines": [], "excluded_lines": []}, "ModelRequest.validate_max_tokens": {"executed_lines": [81, 83], "summary": {"covered_lines": 2, "num_statements": 3, "percent_covered": 66.66666666666667, "percent_covered_display": "67", "missing_lines": 1, "excluded_lines": 0}, "missing_lines": [82], "excluded_lines": []}, "ModelRequest.validate_temperature": {"executed_lines": [89, 91], "summary": {"covered_lines": 2, "num_statements": 3, "percent_covered": 66.66666666666667, "percent_covered_display": "67", "missing_lines": 1, "excluded_lines": 0}, "missing_lines": [90], "excluded_lines": []}, "ModelResponse.validate_response": {"executed_lines": [140, 141], "summary": {"covered_lines": 2, "num_statements": 2, "percent_covered": 100.0, "percent_covered_display": "100", "missing_lines": 0, "excluded_lines": 0}, "missing_lines": [], "excluded_lines": []}, "ModelResponse.validate_total_tokens": {"executed_lines": [146, 147, 148, 149], "summary": {"covered_lines": 4, "num_statements": 4, "percent_covered": 100.0, "percent_covered_display": "100", "missing_lines": 0, "excluded_lines": 0}, "missing_lines": [], "excluded_lines": []}, "ChatMessage.validate_content": {"executed_lines": [176, 179, 188, 189, 190, 192], "summary": {"covered_lines": 6, "num_statements": 6, "percent_covered": 100.0, "percent_covered_display": "100", "missing_lines": 0, "excluded_lines": 0}, "missing_lines": [], "excluded_lines": []}, "ChatRequest.validate_messages": {"executed_lines": [225, 229, 230, 233, 234, 235, 237], "summary": {"covered_lines": 7, "num_statements": 8, "percent_covered": 87.5, "percent_covered_display": "88", "missing_lines": 1, "excluded_lines": 0}, "missing_lines": [226], "excluded_lines": []}, "ModelAvailabilityRequest.validate_model_name": {"executed_lines": [], "summary": {"covered_lines": 0, "num_statements": 3, "percent_covered": 0.0, "percent_covered_display": "0", "missing_lines": 3, "excluded_lines": 0}, "missing_lines": [256, 257, 258], "excluded_lines": []}, "ValidationError.__init__": {"executed_lines": [265, 266, 267], "summary": {"covered_lines": 3, "num_statements": 3, "percent_covered": 100.0, "percent_covered_display": "100", "missing_lines": 0, "excluded_lines": 0}, "missing_lines": [], "excluded_lines": []}, "validate_model_request": {"executed_lines": [283, 284, 285, 286], "summary": {"covered_lines": 4, "num_statements": 4, "percent_covered": 100.0, "percent_covered_display": "100", "missing_lines": 0, "excluded_lines": 0}, "missing_lines": [], "excluded_lines": []}, "validate_chat_request": {"executed_lines": [302, 303], "summary": {"covered_lines": 2, "num_statements": 4, "percent_covered": 50.0, "percent_covered_display": "50", "missing_lines": 2, "excluded_lines": 0}, "missing_lines": [304, 305], "excluded_lines": []}, "validate_model_response": {"executed_lines": [321, 322], "summary": {"covered_lines": 2, "num_statements": 4, "percent_covered": 50.0, "percent_covered_display": "50", "missing_lines": 2, "excluded_lines": 0}, "missing_lines": [323, 324], "excluded_lines": []}, "sanitize_input": {"executed_lines": [337, 338, 341, 344, 346], "summary": {"covered_lines": 5, "num_statements": 5, "percent_covered": 100.0, "percent_covered_display": "100", "missing_lines": 0, "excluded_lines": 0}, "missing_lines": [], "excluded_lines": []}, "": {"executed_lines": [1, 8, 9, 10, 13, 14, 21, 27, 33, 39, 46, 47, 48, 54, 55, 56, 77, 78, 79, 85, 86, 87, 94, 95, 102, 108, 113, 118, 123, 129, 135, 136, 137, 143, 144, 152, 153, 159, 164, 171, 172, 173, 195, 196, 202, 208, 214, 221, 222, 223, 240, 241, 245, 252, 253, 254, 261, 262, 264, 270, 289, 308, 327], "summary": {"covered_lines": 56, "num_statements": 56, "percent_covered": 100.0, "percent_covered_display": "100", "missing_lines": 0, "excluded_lines": 0}, "missing_lines": [], "excluded_lines": []}}, "classes": {"ModelRequest": {"executed_lines": [50, 51, 52, 59, 62, 71, 72, 73, 75, 81, 83, 89, 91], "summary": {"covered_lines": 13, "num_statements": 15, "percent_covered": 86.66666666666667, "percent_covered_display": "87", "missing_lines": 2, "excluded_lines": 0}, "missing_lines": [82, 90], "excluded_lines": []}, "ModelResponse": {"executed_lines": [140, 141, 146, 147, 148, 149], "summary": {"covered_lines": 6, "num_statements": 6, "percent_covered": 100.0, "percent_covered_display": "100", "missing_lines": 0, "excluded_lines": 0}, "missing_lines": [], "excluded_lines": []}, "ChatMessage": {"executed_lines": [176, 179, 188, 189, 190, 192], "summary": {"covered_lines": 6, "num_statements": 6, "percent_covered": 100.0, "percent_covered_display": "100", "missing_lines": 0, "excluded_lines": 0}, "missing_lines": [], "excluded_lines": []}, "ChatRequest": {"executed_lines": [225, 229, 230, 233, 234, 235, 237], "summary": {"covered_lines": 7, "num_statements": 8, "percent_covered": 87.5, "percent_covered_display": "88", "missing_lines": 1, "excluded_lines": 0}, "missing_lines": [226], "excluded_lines": []}, "ModelAvailabilityRequest": {"executed_lines": [], "summary": {"covered_lines": 0, "num_statements": 3, "percent_covered": 0.0, "percent_covered_display": "0", "missing_lines": 3, "excluded_lines": 0}, "missing_lines": [256, 257, 258], "excluded_lines": []}, "ValidationError": {"executed_lines": [265, 266, 267], "summary": {"covered_lines": 3, "num_statements": 3, "percent_covered": 100.0, "percent_covered_display": "100", "missing_lines": 0, "excluded_lines": 0}, "missing_lines": [], "excluded_lines": []}, "": {"executed_lines": [1, 8, 9, 10, 13, 14, 21, 27, 33, 39, 46, 47, 48, 54, 55, 56, 77, 78, 79, 85, 86, 87, 94, 95, 102, 108, 113, 118, 123, 129, 135, 136, 137, 143, 144, 152, 153, 159, 164, 171, 172, 173, 195, 196, 202, 208, 214, 221, 222, 223, 240, 241, 245, 252, 253, 254, 261, 262, 264, 270, 283, 284, 285, 286, 289, 302, 303, 308, 321, 322, 327, 337, 338, 341, 344, 346], "summary": {"covered_lines": 69, "num_statements": 73, "percent_covered": 94.52054794520548, "percent_covered_display": "95", "missing_lines": 4, "excluded_lines": 0}, "missing_lines": [304, 305, 323, 324], "excluded_lines": []}}}}, "totals": {"covered_lines": 1108, "num_statements": 1242, "percent_covered": 89.2109500805153, "percent_covered_display": "89", "missing_lines": 134, "excluded_lines": 0}}